<?xml version="1.0" encoding="UTF-8"?>
<coverage generated="1751724105875" clover="3.2.0">
  <project timestamp="1751724105875" name="All files">
    <metrics statements="137" coveredstatements="128" conditionals="50" coveredconditionals="42" methods="28" coveredmethods="27" elements="215" coveredelements="197" complexity="0" loc="137" ncloc="137" packages="1" files="2" classes="2"/>
    <file name="constants.js" path="/home/william/git/paperclips/src/game/core/constants.js">
      <metrics statements="14" coveredstatements="14" conditionals="0" coveredconditionals="0" methods="0" coveredmethods="0"/>
      <line num="9" count="1" type="stmt"/>
      <line num="78" count="1" type="stmt"/>
      <line num="92" count="1" type="stmt"/>
      <line num="110" count="1" type="stmt"/>
      <line num="121" count="1" type="stmt"/>
      <line num="131" count="1" type="stmt"/>
      <line num="142" count="1" type="stmt"/>
      <line num="153" count="1" type="stmt"/>
      <line num="187" count="1" type="stmt"/>
      <line num="213" count="1" type="stmt"/>
      <line num="232" count="1" type="stmt"/>
      <line num="253" count="1" type="stmt"/>
      <line num="275" count="1" type="stmt"/>
      <line num="284" count="1" type="stmt"/>
    </file>
    <file name="performanceMonitor.js" path="/home/william/git/paperclips/src/game/core/performanceMonitor.js">
      <metrics statements="123" coveredstatements="114" conditionals="50" coveredconditionals="42" methods="28" coveredmethods="27"/>
      <line num="13" count="38" type="stmt"/>
      <line num="14" count="38" type="stmt"/>
      <line num="38" count="38" type="stmt"/>
      <line num="53" count="38" type="stmt"/>
      <line num="54" count="38" type="stmt"/>
      <line num="56" count="38" type="stmt"/>
      <line num="64" count="38" type="cond" truecount="1" falsecount="1"/>
      <line num="67" count="38" type="stmt"/>
      <line num="70" count="38" type="stmt"/>
      <line num="78" count="39" type="stmt"/>
      <line num="79" count="0" type="cond" truecount="0" falsecount="2"/>
      <line num="81" count="0" type="stmt"/>
      <line num="82" count="0" type="stmt"/>
      <line num="84" count="0" type="cond" truecount="0" falsecount="2"/>
      <line num="85" count="0" type="stmt"/>
      <line num="86" count="0" type="stmt"/>
      <line num="89" count="0" type="stmt"/>
      <line num="90" count="0" type="stmt"/>
      <line num="93" count="39" type="stmt"/>
      <line num="101" count="160" type="stmt"/>
      <line num="102" count="160" type="stmt"/>
      <line num="105" count="160" type="cond" truecount="2" falsecount="0"/>
      <line num="106" count="30" type="stmt"/>
      <line num="110" count="160" type="stmt"/>
      <line num="111" count="160" type="stmt"/>
      <line num="112" count="5474" type="stmt"/>
      <line num="116" count="160" type="stmt"/>
      <line num="124" count="39" type="stmt"/>
      <line num="125" count="39" type="cond" truecount="1" falsecount="1"/>
      <line num="127" count="39" type="cond" truecount="2" falsecount="0"/>
      <line num="128" count="35" type="stmt"/>
      <line num="129" count="35" type="stmt"/>
      <line num="130" count="35" type="stmt"/>
      <line num="133" count="39" type="stmt"/>
      <line num="136" count="39" type="stmt"/>
      <line num="144" count="124" type="stmt"/>
      <line num="145" count="124" type="stmt"/>
      <line num="148" count="124" type="cond" truecount="2" falsecount="0"/>
      <line num="149" count="21" type="stmt"/>
      <line num="153" count="124" type="stmt"/>
      <line num="160" count="154" type="stmt"/>
      <line num="167" count="2" type="cond" truecount="2" falsecount="0"/>
      <line num="168" count="1" type="stmt"/>
      <line num="169" count="1" type="stmt"/>
      <line num="176" count="155" type="cond" truecount="2" falsecount="0"/>
      <line num="178" count="152" type="stmt"/>
      <line num="179" count="152" type="stmt"/>
      <line num="180" count="152" type="cond" truecount="2" falsecount="0"/>
      <line num="182" count="152" type="stmt"/>
      <line num="183" count="152" type="stmt"/>
      <line num="186" count="152" type="stmt"/>
      <line num="194" count="152" type="cond" truecount="2" falsecount="0"/>
      <line num="195" count="28" type="stmt"/>
      <line num="199" count="152" type="cond" truecount="2" falsecount="0"/>
      <line num="200" count="1" type="stmt"/>
      <line num="202" count="1" type="cond" truecount="1" falsecount="1"/>
      <line num="203" count="0" type="stmt"/>
      <line num="208" count="152" type="stmt"/>
      <line num="209" count="152" type="stmt"/>
      <line num="219" count="89" type="cond" truecount="2" falsecount="0"/>
      <line num="220" count="1" type="stmt"/>
      <line num="223" count="88" type="stmt"/>
      <line num="225" count="88" type="stmt"/>
      <line num="226" count="88" type="stmt"/>
      <line num="228" count="87" type="stmt"/>
      <line num="229" count="87" type="stmt"/>
      <line num="231" count="87" type="stmt"/>
      <line num="233" count="87" type="stmt"/>
      <line num="235" count="1" type="stmt"/>
      <line num="236" count="1" type="stmt"/>
      <line num="238" count="1" type="stmt"/>
      <line num="239" count="1" type="stmt"/>
      <line num="250" count="1" type="stmt"/>
      <line num="258" count="88" type="cond" truecount="2" falsecount="0"/>
      <line num="259" count="7" type="stmt"/>
      <line num="270" count="88" type="stmt"/>
      <line num="271" count="88" type="stmt"/>
      <line num="272" count="88" type="stmt"/>
      <line num="273" count="88" type="stmt"/>
      <line num="274" count="88" type="stmt"/>
      <line num="275" count="88" type="stmt"/>
      <line num="277" count="88" type="cond" truecount="2" falsecount="0"/>
      <line num="278" count="1" type="stmt"/>
      <line num="281" count="88" type="stmt"/>
      <line num="288" count="88" type="cond" truecount="2" falsecount="0"/>
      <line num="289" count="20" type="stmt"/>
      <line num="298" count="160" type="cond" truecount="2" falsecount="0"/>
      <line num="299" count="1" type="stmt"/>
      <line num="300" count="159" type="cond" truecount="2" falsecount="0"/>
      <line num="301" count="1" type="stmt"/>
      <line num="310" count="124" type="cond" truecount="2" falsecount="0"/>
      <line num="311" count="2" type="stmt"/>
      <line num="312" count="122" type="cond" truecount="2" falsecount="0"/>
      <line num="313" count="1" type="stmt"/>
      <line num="322" count="8" type="stmt"/>
      <line num="329" count="8" type="cond" truecount="2" falsecount="0"/>
      <line num="330" count="3" type="stmt"/>
      <line num="332" count="5" type="stmt"/>
      <line num="335" count="8" type="stmt"/>
      <line num="336" count="8" type="stmt"/>
      <line num="337" count="8" type="stmt"/>
      <line num="339" count="1" type="stmt"/>
      <line num="349" count="9" type="stmt"/>
      <line num="357" count="1" type="stmt"/>
      <line num="358" count="1" type="cond" truecount="1" falsecount="1"/>
      <line num="359" count="1" type="stmt"/>
      <line num="368" count="2" type="stmt"/>
      <line num="369" count="2" type="stmt"/>
      <line num="370" count="1" type="stmt"/>
      <line num="373" count="2" type="stmt"/>
      <line num="401" count="1" type="stmt"/>
      <line num="402" count="1" type="stmt"/>
      <line num="403" count="1" type="stmt"/>
      <line num="404" count="1" type="stmt"/>
      <line num="405" count="1" type="stmt"/>
      <line num="406" count="1" type="stmt"/>
      <line num="407" count="1" type="stmt"/>
      <line num="408" count="1" type="stmt"/>
      <line num="410" count="1" type="stmt"/>
      <line num="418" count="5" type="stmt"/>
      <line num="419" count="5" type="cond" truecount="2" falsecount="0"/>
      <line num="428" count="7" type="cond" truecount="2" falsecount="0"/>
      <line num="433" count="1" type="stmt"/>
    </file>
  </project>
</coverage>
