{"/home/william/git/paperclips/src/game/core/constants.js": {"path":"/home/william/git/paperclips/src/game/core/constants.js","statementMap":{"0":{"start":{"line":9,"column":23},"end":{"line":75,"column":1}},"1":{"start":{"line":78,"column":22},"end":{"line":89,"column":1}},"2":{"start":{"line":92,"column":18},"end":{"line":107,"column":1}},"3":{"start":{"line":110,"column":24},"end":{"line":118,"column":1}},"4":{"start":{"line":121,"column":22},"end":{"line":128,"column":1}},"5":{"start":{"line":131,"column":34},"end":{"line":139,"column":1}},"6":{"start":{"line":142,"column":22},"end":{"line":150,"column":1}},"7":{"start":{"line":153,"column":28},"end":{"line":184,"column":1}},"8":{"start":{"line":187,"column":20},"end":{"line":210,"column":1}},"9":{"start":{"line":213,"column":21},"end":{"line":229,"column":1}},"10":{"start":{"line":232,"column":27},"end":{"line":250,"column":1}},"11":{"start":{"line":253,"column":21},"end":{"line":272,"column":1}},"12":{"start":{"line":275,"column":23},"end":{"line":281,"column":1}},"13":{"start":{"line":284,"column":25},"end":{"line":298,"column":1}}},"fnMap":{},"branchMap":{},"s":{"0":1,"1":1,"2":1,"3":1,"4":1,"5":1,"6":1,"7":1,"8":1,"9":1,"10":1,"11":1,"12":1,"13":1},"f":{},"b":{},"_coverageSchema":"1a1c01bbd47fc00a2c39e90264f33305004495a9","hash":"1181bba5811ea51dd8db1f7c3283e3225c4a6aed"}
,"/home/william/git/paperclips/src/game/core/performanceMonitor.js": {"path":"/home/william/git/paperclips/src/game/core/performanceMonitor.js","statementMap":{"0":{"start":{"line":13,"column":4},"end":{"line":13,"column":24}},"1":{"start":{"line":14,"column":4},"end":{"line":36,"column":6}},"2":{"start":{"line":38,"column":4},"end":{"line":51,"column":6}},"3":{"start":{"line":53,"column":4},"end":{"line":53,"column":58}},"4":{"start":{"line":54,"column":4},"end":{"line":54,"column":31}},"5":{"start":{"line":56,"column":4},"end":{"line":56,"column":28}},"6":{"start":{"line":64,"column":4},"end":{"line":64,"column":30}},"7":{"start":{"line":64,"column":23},"end":{"line":64,"column":30}},"8":{"start":{"line":67,"column":4},"end":{"line":67,"column":23}},"9":{"start":{"line":70,"column":4},"end":{"line":70,"column":26}},"10":{"start":{"line":78,"column":23},"end":{"line":91,"column":5}},"11":{"start":{"line":79,"column":6},"end":{"line":79,"column":32}},"12":{"start":{"line":79,"column":25},"end":{"line":79,"column":32}},"13":{"start":{"line":81,"column":18},"end":{"line":81,"column":35}},"14":{"start":{"line":82,"column":20},"end":{"line":82,"column":52}},"15":{"start":{"line":84,"column":6},"end":{"line":87,"column":7}},"16":{"start":{"line":85,"column":20},"end":{"line":85,"column":32}},"17":{"start":{"line":86,"column":8},"end":{"line":86,"column":29}},"18":{"start":{"line":89,"column":6},"end":{"line":89,"column":39}},"19":{"start":{"line":90,"column":6},"end":{"line":90,"column":40}},"20":{"start":{"line":93,"column":4},"end":{"line":93,"column":38}},"21":{"start":{"line":101,"column":4},"end":{"line":101,"column":35}},"22":{"start":{"line":102,"column":4},"end":{"line":102,"column":39}},"23":{"start":{"line":105,"column":4},"end":{"line":107,"column":5}},"24":{"start":{"line":106,"column":6},"end":{"line":106,"column":39}},"25":{"start":{"line":110,"column":4},"end":{"line":110,"column":63}},"26":{"start":{"line":111,"column":4},"end":{"line":111,"column":63}},"27":{"start":{"line":112,"column":4},"end":{"line":113,"column":62}},"28":{"start":{"line":112,"column":73},"end":{"line":112,"column":78}},"29":{"start":{"line":116,"column":4},"end":{"line":116,"column":34}},"30":{"start":{"line":124,"column":26},"end":{"line":134,"column":5}},"31":{"start":{"line":125,"column":6},"end":{"line":125,"column":32}},"32":{"start":{"line":125,"column":25},"end":{"line":125,"column":32}},"33":{"start":{"line":127,"column":6},"end":{"line":131,"column":7}},"34":{"start":{"line":128,"column":23},"end":{"line":128,"column":41}},"35":{"start":{"line":129,"column":8},"end":{"line":129,"column":50}},"36":{"start":{"line":130,"column":8},"end":{"line":130,"column":93}},"37":{"start":{"line":133,"column":6},"end":{"line":133,"column":38}},"38":{"start":{"line":136,"column":4},"end":{"line":136,"column":20}},"39":{"start":{"line":144,"column":4},"end":{"line":144,"column":42}},"40":{"start":{"line":145,"column":4},"end":{"line":145,"column":49}},"41":{"start":{"line":148,"column":4},"end":{"line":150,"column":5}},"42":{"start":{"line":149,"column":6},"end":{"line":149,"column":42}},"43":{"start":{"line":153,"column":4},"end":{"line":153,"column":44}},"44":{"start":{"line":160,"column":4},"end":{"line":160,"column":43}},"45":{"start":{"line":167,"column":4},"end":{"line":167,"column":36}},"46":{"start":{"line":167,"column":29},"end":{"line":167,"column":36}},"47":{"start":{"line":168,"column":4},"end":{"line":168,"column":39}},"48":{"start":{"line":169,"column":4},"end":{"line":169,"column":75}},"49":{"start":{"line":176,"column":4},"end":{"line":176,"column":36}},"50":{"start":{"line":176,"column":29},"end":{"line":176,"column":36}},"51":{"start":{"line":178,"column":16},"end":{"line":178,"column":33}},"52":{"start":{"line":179,"column":22},"end":{"line":179,"column":46}},"53":{"start":{"line":180,"column":23},"end":{"line":180,"column":67}},"54":{"start":{"line":182,"column":4},"end":{"line":182,"column":50}},"55":{"start":{"line":183,"column":4},"end":{"line":183,"column":48}},"56":{"start":{"line":186,"column":4},"end":{"line":191,"column":7}},"57":{"start":{"line":194,"column":4},"end":{"line":196,"column":5}},"58":{"start":{"line":195,"column":6},"end":{"line":195,"column":44}},"59":{"start":{"line":199,"column":4},"end":{"line":205,"column":5}},"60":{"start":{"line":200,"column":6},"end":{"line":200,"column":41}},"61":{"start":{"line":202,"column":6},"end":{"line":204,"column":7}},"62":{"start":{"line":203,"column":8},"end":{"line":203,"column":88}},"63":{"start":{"line":208,"column":4},"end":{"line":208,"column":30}},"64":{"start":{"line":209,"column":4},"end":{"line":209,"column":26}},"65":{"start":{"line":219,"column":4},"end":{"line":221,"column":5}},"66":{"start":{"line":220,"column":6},"end":{"line":220,"column":18}},"67":{"start":{"line":223,"column":18},"end":{"line":223,"column":35}},"68":{"start":{"line":225,"column":4},"end":{"line":240,"column":5}},"69":{"start":{"line":226,"column":21},"end":{"line":226,"column":25}},"70":{"start":{"line":228,"column":18},"end":{"line":228,"column":35}},"71":{"start":{"line":229,"column":23},"end":{"line":229,"column":34}},"72":{"start":{"line":231,"column":6},"end":{"line":231,"column":60}},"73":{"start":{"line":233,"column":6},"end":{"line":233,"column":20}},"74":{"start":{"line":235,"column":18},"end":{"line":235,"column":35}},"75":{"start":{"line":236,"column":23},"end":{"line":236,"column":34}},"76":{"start":{"line":238,"column":6},"end":{"line":238,"column":61}},"77":{"start":{"line":239,"column":6},"end":{"line":239,"column":18}},"78":{"start":{"line":250,"column":4},"end":{"line":250,"column":62}},"79":{"start":{"line":250,"column":24},"end":{"line":250,"column":61}},"80":{"start":{"line":250,"column":43},"end":{"line":250,"column":54}},"81":{"start":{"line":258,"column":4},"end":{"line":268,"column":5}},"82":{"start":{"line":259,"column":6},"end":{"line":267,"column":9}},"83":{"start":{"line":270,"column":18},"end":{"line":270,"column":50}},"84":{"start":{"line":271,"column":4},"end":{"line":271,"column":18}},"85":{"start":{"line":272,"column":4},"end":{"line":272,"column":32}},"86":{"start":{"line":273,"column":4},"end":{"line":273,"column":54}},"87":{"start":{"line":274,"column":4},"end":{"line":274,"column":54}},"88":{"start":{"line":275,"column":4},"end":{"line":275,"column":54}},"89":{"start":{"line":277,"column":4},"end":{"line":279,"column":5}},"90":{"start":{"line":278,"column":6},"end":{"line":278,"column":21}},"91":{"start":{"line":281,"column":4},"end":{"line":285,"column":7}},"92":{"start":{"line":288,"column":4},"end":{"line":290,"column":5}},"93":{"start":{"line":289,"column":6},"end":{"line":289,"column":28}},"94":{"start":{"line":298,"column":4},"end":{"line":302,"column":5}},"95":{"start":{"line":299,"column":6},"end":{"line":299,"column":51}},"96":{"start":{"line":300,"column":11},"end":{"line":302,"column":5}},"97":{"start":{"line":301,"column":6},"end":{"line":301,"column":50}},"98":{"start":{"line":310,"column":4},"end":{"line":314,"column":5}},"99":{"start":{"line":311,"column":6},"end":{"line":311,"column":57}},"100":{"start":{"line":312,"column":11},"end":{"line":314,"column":5}},"101":{"start":{"line":313,"column":6},"end":{"line":313,"column":56}},"102":{"start":{"line":322,"column":20},"end":{"line":327,"column":5}},"103":{"start":{"line":329,"column":4},"end":{"line":333,"column":5}},"104":{"start":{"line":330,"column":6},"end":{"line":330,"column":72}},"105":{"start":{"line":332,"column":6},"end":{"line":332,"column":71}},"106":{"start":{"line":335,"column":4},"end":{"line":341,"column":7}},"107":{"start":{"line":336,"column":6},"end":{"line":340,"column":7}},"108":{"start":{"line":337,"column":8},"end":{"line":337,"column":26}},"109":{"start":{"line":339,"column":8},"end":{"line":339,"column":76}},"110":{"start":{"line":349,"column":4},"end":{"line":349,"column":41}},"111":{"start":{"line":357,"column":18},"end":{"line":357,"column":57}},"112":{"start":{"line":358,"column":4},"end":{"line":360,"column":5}},"113":{"start":{"line":359,"column":6},"end":{"line":359,"column":45}},"114":{"start":{"line":368,"column":26},"end":{"line":368,"column":28}},"115":{"start":{"line":369,"column":4},"end":{"line":371,"column":7}},"116":{"start":{"line":370,"column":6},"end":{"line":370,"column":72}},"117":{"start":{"line":373,"column":4},"end":{"line":394,"column":6}},"118":{"start":{"line":401,"column":4},"end":{"line":401,"column":34}},"119":{"start":{"line":402,"column":4},"end":{"line":402,"column":36}},"120":{"start":{"line":403,"column":4},"end":{"line":403,"column":29}},"121":{"start":{"line":404,"column":4},"end":{"line":404,"column":37}},"122":{"start":{"line":405,"column":4},"end":{"line":405,"column":33}},"123":{"start":{"line":406,"column":4},"end":{"line":406,"column":39}},"124":{"start":{"line":407,"column":4},"end":{"line":407,"column":41}},"125":{"start":{"line":408,"column":4},"end":{"line":408,"column":35}},"126":{"start":{"line":410,"column":4},"end":{"line":410,"column":51}},"127":{"start":{"line":418,"column":4},"end":{"line":418,"column":27}},"128":{"start":{"line":419,"column":4},"end":{"line":419,"column":84}},"129":{"start":{"line":428,"column":4},"end":{"line":428,"column":52}},"130":{"start":{"line":433,"column":34},"end":{"line":433,"column":58}}},"fnMap":{"0":{"name":"(anonymous_0)","decl":{"start":{"line":12,"column":2},"end":{"line":12,"column":3}},"loc":{"start":{"line":12,"column":16},"end":{"line":57,"column":3}},"line":12},"1":{"name":"(anonymous_1)","decl":{"start":{"line":63,"column":2},"end":{"line":63,"column":3}},"loc":{"start":{"line":63,"column":21},"end":{"line":71,"column":3}},"line":63},"2":{"name":"(anonymous_2)","decl":{"start":{"line":77,"column":2},"end":{"line":77,"column":3}},"loc":{"start":{"line":77,"column":16},"end":{"line":94,"column":3}},"line":77},"3":{"name":"(anonymous_3)","decl":{"start":{"line":78,"column":23},"end":{"line":78,"column":24}},"loc":{"start":{"line":78,"column":29},"end":{"line":91,"column":5}},"line":78},"4":{"name":"(anonymous_4)","decl":{"start":{"line":100,"column":2},"end":{"line":100,"column":3}},"loc":{"start":{"line":100,"column":18},"end":{"line":117,"column":3}},"line":100},"5":{"name":"(anonymous_5)","decl":{"start":{"line":112,"column":63},"end":{"line":112,"column":64}},"loc":{"start":{"line":112,"column":73},"end":{"line":112,"column":78}},"line":112},"6":{"name":"(anonymous_6)","decl":{"start":{"line":123,"column":2},"end":{"line":123,"column":3}},"loc":{"start":{"line":123,"column":19},"end":{"line":137,"column":3}},"line":123},"7":{"name":"(anonymous_7)","decl":{"start":{"line":124,"column":26},"end":{"line":124,"column":27}},"loc":{"start":{"line":124,"column":32},"end":{"line":134,"column":5}},"line":124},"8":{"name":"(anonymous_8)","decl":{"start":{"line":143,"column":2},"end":{"line":143,"column":3}},"loc":{"start":{"line":143,"column":28},"end":{"line":154,"column":3}},"line":143},"9":{"name":"(anonymous_9)","decl":{"start":{"line":159,"column":2},"end":{"line":159,"column":3}},"loc":{"start":{"line":159,"column":29},"end":{"line":161,"column":3}},"line":159},"10":{"name":"(anonymous_10)","decl":{"start":{"line":166,"column":2},"end":{"line":166,"column":3}},"loc":{"start":{"line":166,"column":21},"end":{"line":170,"column":3}},"line":166},"11":{"name":"(anonymous_11)","decl":{"start":{"line":175,"column":2},"end":{"line":175,"column":3}},"loc":{"start":{"line":175,"column":27},"end":{"line":210,"column":3}},"line":175},"12":{"name":"(anonymous_12)","decl":{"start":{"line":218,"column":2},"end":{"line":218,"column":3}},"loc":{"start":{"line":218,"column":20},"end":{"line":241,"column":3}},"line":218},"13":{"name":"(anonymous_13)","decl":{"start":{"line":249,"column":2},"end":{"line":249,"column":3}},"loc":{"start":{"line":249,"column":17},"end":{"line":251,"column":3}},"line":249},"14":{"name":"(anonymous_14)","decl":{"start":{"line":250,"column":11},"end":{"line":250,"column":12}},"loc":{"start":{"line":250,"column":24},"end":{"line":250,"column":61}},"line":250},"15":{"name":"(anonymous_15)","decl":{"start":{"line":250,"column":37},"end":{"line":250,"column":38}},"loc":{"start":{"line":250,"column":43},"end":{"line":250,"column":54}},"line":250},"16":{"name":"(anonymous_16)","decl":{"start":{"line":257,"column":2},"end":{"line":257,"column":3}},"loc":{"start":{"line":257,"column":54},"end":{"line":291,"column":3}},"line":257},"17":{"name":"(anonymous_17)","decl":{"start":{"line":297,"column":2},"end":{"line":297,"column":3}},"loc":{"start":{"line":297,"column":27},"end":{"line":303,"column":3}},"line":297},"18":{"name":"(anonymous_18)","decl":{"start":{"line":309,"column":2},"end":{"line":309,"column":3}},"loc":{"start":{"line":309,"column":33},"end":{"line":315,"column":3}},"line":309},"19":{"name":"(anonymous_19)","decl":{"start":{"line":321,"column":2},"end":{"line":321,"column":3}},"loc":{"start":{"line":321,"column":38},"end":{"line":342,"column":3}},"line":321},"20":{"name":"(anonymous_20)","decl":{"start":{"line":335,"column":34},"end":{"line":335,"column":35}},"loc":{"start":{"line":335,"column":46},"end":{"line":341,"column":5}},"line":335},"21":{"name":"(anonymous_21)","decl":{"start":{"line":348,"column":2},"end":{"line":348,"column":3}},"loc":{"start":{"line":348,"column":31},"end":{"line":350,"column":3}},"line":348},"22":{"name":"(anonymous_22)","decl":{"start":{"line":356,"column":2},"end":{"line":356,"column":3}},"loc":{"start":{"line":356,"column":34},"end":{"line":361,"column":3}},"line":356},"23":{"name":"(anonymous_23)","decl":{"start":{"line":367,"column":2},"end":{"line":367,"column":3}},"loc":{"start":{"line":367,"column":14},"end":{"line":395,"column":3}},"line":367},"24":{"name":"(anonymous_24)","decl":{"start":{"line":369,"column":35},"end":{"line":369,"column":36}},"loc":{"start":{"line":369,"column":52},"end":{"line":371,"column":5}},"line":369},"25":{"name":"(anonymous_25)","decl":{"start":{"line":400,"column":2},"end":{"line":400,"column":3}},"loc":{"start":{"line":400,"column":10},"end":{"line":411,"column":3}},"line":400},"26":{"name":"(anonymous_26)","decl":{"start":{"line":417,"column":2},"end":{"line":417,"column":3}},"loc":{"start":{"line":417,"column":22},"end":{"line":420,"column":3}},"line":417},"27":{"name":"(anonymous_27)","decl":{"start":{"line":427,"column":2},"end":{"line":427,"column":3}},"loc":{"start":{"line":427,"column":25},"end":{"line":429,"column":3}},"line":427}},"branchMap":{"0":{"loc":{"start":{"line":64,"column":4},"end":{"line":64,"column":30}},"type":"if","locations":[{"start":{"line":64,"column":4},"end":{"line":64,"column":30}},{"start":{},"end":{}}],"line":64},"1":{"loc":{"start":{"line":79,"column":6},"end":{"line":79,"column":32}},"type":"if","locations":[{"start":{"line":79,"column":6},"end":{"line":79,"column":32}},{"start":{},"end":{}}],"line":79},"2":{"loc":{"start":{"line":84,"column":6},"end":{"line":87,"column":7}},"type":"if","locations":[{"start":{"line":84,"column":6},"end":{"line":87,"column":7}},{"start":{},"end":{}}],"line":84},"3":{"loc":{"start":{"line":105,"column":4},"end":{"line":107,"column":5}},"type":"if","locations":[{"start":{"line":105,"column":4},"end":{"line":107,"column":5}},{"start":{},"end":{}}],"line":105},"4":{"loc":{"start":{"line":125,"column":6},"end":{"line":125,"column":32}},"type":"if","locations":[{"start":{"line":125,"column":6},"end":{"line":125,"column":32}},{"start":{},"end":{}}],"line":125},"5":{"loc":{"start":{"line":127,"column":6},"end":{"line":131,"column":7}},"type":"if","locations":[{"start":{"line":127,"column":6},"end":{"line":131,"column":7}},{"start":{},"end":{}}],"line":127},"6":{"loc":{"start":{"line":148,"column":4},"end":{"line":150,"column":5}},"type":"if","locations":[{"start":{"line":148,"column":4},"end":{"line":150,"column":5}},{"start":{},"end":{}}],"line":148},"7":{"loc":{"start":{"line":167,"column":4},"end":{"line":167,"column":36}},"type":"if","locations":[{"start":{"line":167,"column":4},"end":{"line":167,"column":36}},{"start":{},"end":{}}],"line":167},"8":{"loc":{"start":{"line":176,"column":4},"end":{"line":176,"column":36}},"type":"if","locations":[{"start":{"line":176,"column":4},"end":{"line":176,"column":36}},{"start":{},"end":{}}],"line":176},"9":{"loc":{"start":{"line":180,"column":30},"end":{"line":180,"column":66}},"type":"binary-expr","locations":[{"start":{"line":180,"column":30},"end":{"line":180,"column":44}},{"start":{"line":180,"column":48},"end":{"line":180,"column":66}}],"line":180},"10":{"loc":{"start":{"line":194,"column":4},"end":{"line":196,"column":5}},"type":"if","locations":[{"start":{"line":194,"column":4},"end":{"line":196,"column":5}},{"start":{},"end":{}}],"line":194},"11":{"loc":{"start":{"line":199,"column":4},"end":{"line":205,"column":5}},"type":"if","locations":[{"start":{"line":199,"column":4},"end":{"line":205,"column":5}},{"start":{},"end":{}}],"line":199},"12":{"loc":{"start":{"line":202,"column":6},"end":{"line":204,"column":7}},"type":"if","locations":[{"start":{"line":202,"column":6},"end":{"line":204,"column":7}},{"start":{},"end":{}}],"line":202},"13":{"loc":{"start":{"line":219,"column":4},"end":{"line":221,"column":5}},"type":"if","locations":[{"start":{"line":219,"column":4},"end":{"line":221,"column":5}},{"start":{},"end":{}}],"line":219},"14":{"loc":{"start":{"line":258,"column":4},"end":{"line":268,"column":5}},"type":"if","locations":[{"start":{"line":258,"column":4},"end":{"line":268,"column":5}},{"start":{},"end":{}}],"line":258},"15":{"loc":{"start":{"line":277,"column":4},"end":{"line":279,"column":5}},"type":"if","locations":[{"start":{"line":277,"column":4},"end":{"line":279,"column":5}},{"start":{},"end":{}}],"line":277},"16":{"loc":{"start":{"line":288,"column":4},"end":{"line":290,"column":5}},"type":"if","locations":[{"start":{"line":288,"column":4},"end":{"line":290,"column":5}},{"start":{},"end":{}}],"line":288},"17":{"loc":{"start":{"line":298,"column":4},"end":{"line":302,"column":5}},"type":"if","locations":[{"start":{"line":298,"column":4},"end":{"line":302,"column":5}},{"start":{"line":300,"column":11},"end":{"line":302,"column":5}}],"line":298},"18":{"loc":{"start":{"line":300,"column":11},"end":{"line":302,"column":5}},"type":"if","locations":[{"start":{"line":300,"column":11},"end":{"line":302,"column":5}},{"start":{},"end":{}}],"line":300},"19":{"loc":{"start":{"line":310,"column":4},"end":{"line":314,"column":5}},"type":"if","locations":[{"start":{"line":310,"column":4},"end":{"line":314,"column":5}},{"start":{"line":312,"column":11},"end":{"line":314,"column":5}}],"line":310},"20":{"loc":{"start":{"line":312,"column":11},"end":{"line":314,"column":5}},"type":"if","locations":[{"start":{"line":312,"column":11},"end":{"line":314,"column":5}},{"start":{},"end":{}}],"line":312},"21":{"loc":{"start":{"line":329,"column":4},"end":{"line":333,"column":5}},"type":"if","locations":[{"start":{"line":329,"column":4},"end":{"line":333,"column":5}},{"start":{"line":331,"column":11},"end":{"line":333,"column":5}}],"line":329},"22":{"loc":{"start":{"line":358,"column":4},"end":{"line":360,"column":5}},"type":"if","locations":[{"start":{"line":358,"column":4},"end":{"line":360,"column":5}},{"start":{},"end":{}}],"line":358},"23":{"loc":{"start":{"line":419,"column":48},"end":{"line":419,"column":80}},"type":"cond-expr","locations":[{"start":{"line":419,"column":58},"end":{"line":419,"column":67}},{"start":{"line":419,"column":70},"end":{"line":419,"column":80}}],"line":419},"24":{"loc":{"start":{"line":428,"column":11},"end":{"line":428,"column":51}},"type":"binary-expr","locations":[{"start":{"line":428,"column":11},"end":{"line":428,"column":43}},{"start":{"line":428,"column":47},"end":{"line":428,"column":51}}],"line":428}},"s":{"0":38,"1":38,"2":38,"3":38,"4":38,"5":38,"6":38,"7":0,"8":38,"9":38,"10":39,"11":0,"12":0,"13":0,"14":0,"15":0,"16":0,"17":0,"18":0,"19":0,"20":39,"21":160,"22":160,"23":160,"24":30,"25":160,"26":160,"27":160,"28":5474,"29":160,"30":39,"31":39,"32":0,"33":39,"34":35,"35":35,"36":35,"37":39,"38":39,"39":124,"40":124,"41":124,"42":21,"43":124,"44":154,"45":2,"46":1,"47":1,"48":1,"49":155,"50":3,"51":152,"52":152,"53":152,"54":152,"55":152,"56":152,"57":152,"58":28,"59":152,"60":1,"61":1,"62":0,"63":152,"64":152,"65":89,"66":1,"67":88,"68":88,"69":88,"70":87,"71":87,"72":87,"73":87,"74":1,"75":1,"76":1,"77":1,"78":1,"79":1,"80":1,"81":88,"82":7,"83":88,"84":88,"85":88,"86":88,"87":88,"88":88,"89":88,"90":1,"91":88,"92":88,"93":20,"94":160,"95":1,"96":159,"97":1,"98":124,"99":2,"100":122,"101":1,"102":8,"103":8,"104":3,"105":5,"106":8,"107":8,"108":8,"109":1,"110":9,"111":1,"112":1,"113":1,"114":2,"115":2,"116":1,"117":2,"118":1,"119":1,"120":1,"121":1,"122":1,"123":1,"124":1,"125":1,"126":1,"127":5,"128":5,"129":7,"130":1},"f":{"0":38,"1":38,"2":39,"3":0,"4":160,"5":5474,"6":39,"7":39,"8":124,"9":154,"10":2,"11":155,"12":89,"13":1,"14":1,"15":1,"16":88,"17":160,"18":124,"19":8,"20":8,"21":9,"22":1,"23":2,"24":1,"25":1,"26":5,"27":7},"b":{"0":[0,38],"1":[0,0],"2":[0,0],"3":[30,130],"4":[0,39],"5":[35,4],"6":[21,103],"7":[1,1],"8":[3,152],"9":[152,151],"10":[28,124],"11":[1,151],"12":[0,1],"13":[1,88],"14":[7,81],"15":[1,87],"16":[20,68],"17":[1,159],"18":[1,158],"19":[2,122],"20":[1,121],"21":[3,5],"22":[1,0],"23":[2,3],"24":[7,2]},"_coverageSchema":"1a1c01bbd47fc00a2c39e90264f33305004495a9","hash":"c1ec9bba56a7f67cb246db1498bc3fdfc65b4b0e"}
}
