{"/home/william/git/paperclips/src/game/core/constants.js": {"path":"/home/william/git/paperclips/src/game/core/constants.js","statementMap":{"0":{"start":{"line":9,"column":23},"end":{"line":75,"column":1}},"1":{"start":{"line":78,"column":22},"end":{"line":89,"column":1}},"2":{"start":{"line":92,"column":18},"end":{"line":107,"column":1}},"3":{"start":{"line":110,"column":24},"end":{"line":118,"column":1}},"4":{"start":{"line":121,"column":22},"end":{"line":128,"column":1}},"5":{"start":{"line":131,"column":34},"end":{"line":139,"column":1}},"6":{"start":{"line":142,"column":22},"end":{"line":150,"column":1}},"7":{"start":{"line":153,"column":28},"end":{"line":169,"column":1}},"8":{"start":{"line":172,"column":20},"end":{"line":195,"column":1}},"9":{"start":{"line":198,"column":21},"end":{"line":214,"column":1}},"10":{"start":{"line":217,"column":27},"end":{"line":235,"column":1}},"11":{"start":{"line":238,"column":21},"end":{"line":257,"column":1}},"12":{"start":{"line":260,"column":23},"end":{"line":266,"column":1}},"13":{"start":{"line":269,"column":25},"end":{"line":283,"column":1}}},"fnMap":{},"branchMap":{},"s":{"0":11,"1":11,"2":11,"3":11,"4":11,"5":11,"6":11,"7":11,"8":11,"9":11,"10":11,"11":11,"12":11,"13":11},"f":{},"b":{},"_coverageSchema":"1a1c01bbd47fc00a2c39e90264f33305004495a9","hash":"1cdc50c5d110eb64d6274308b5ff7d17db8b8b6e"}
,"/home/william/git/paperclips/src/game/core/errorHandler.js": {"path":"/home/william/git/paperclips/src/game/core/errorHandler.js","statementMap":{"0":{"start":{"line":17,"column":4},"end":{"line":17,"column":42}},"1":{"start":{"line":18,"column":4},"end":{"line":18,"column":21}},"2":{"start":{"line":19,"column":4},"end":{"line":19,"column":25}},"3":{"start":{"line":20,"column":4},"end":{"line":24,"column":6}},"4":{"start":{"line":27,"column":4},"end":{"line":32,"column":6}},"5":{"start":{"line":35,"column":4},"end":{"line":35,"column":32}},"6":{"start":{"line":44,"column":4},"end":{"line":51,"column":7}},"7":{"start":{"line":45,"column":6},"end":{"line":50,"column":9}},"8":{"start":{"line":54,"column":4},"end":{"line":56,"column":7}},"9":{"start":{"line":55,"column":6},"end":{"line":55,"column":94}},"10":{"start":{"line":59,"column":4},"end":{"line":62,"column":6}},"11":{"start":{"line":60,"column":6},"end":{"line":60,"column":44}},"12":{"start":{"line":61,"column":6},"end":{"line":61,"column":43}},"13":{"start":{"line":73,"column":21},"end":{"line":81,"column":5}},"14":{"start":{"line":83,"column":4},"end":{"line":83,"column":31}},"15":{"start":{"line":84,"column":4},"end":{"line":84,"column":34}},"16":{"start":{"line":86,"column":4},"end":{"line":88,"column":5}},"17":{"start":{"line":87,"column":6},"end":{"line":87,"column":40}},"18":{"start":{"line":91,"column":4},"end":{"line":93,"column":5}},"19":{"start":{"line":92,"column":6},"end":{"line":92,"column":55}},"20":{"start":{"line":96,"column":4},"end":{"line":96,"column":29}},"21":{"start":{"line":99,"column":4},"end":{"line":99,"column":36}},"22":{"start":{"line":102,"column":4},"end":{"line":102,"column":41}},"23":{"start":{"line":113,"column":4},"end":{"line":129,"column":6}},"24":{"start":{"line":114,"column":6},"end":{"line":128,"column":7}},"25":{"start":{"line":115,"column":8},"end":{"line":115,"column":36}},"26":{"start":{"line":117,"column":8},"end":{"line":117,"column":67}},"27":{"start":{"line":119,"column":8},"end":{"line":125,"column":9}},"28":{"start":{"line":120,"column":10},"end":{"line":124,"column":11}},"29":{"start":{"line":121,"column":12},"end":{"line":121,"column":46}},"30":{"start":{"line":123,"column":12},"end":{"line":123,"column":88}},"31":{"start":{"line":127,"column":8},"end":{"line":127,"column":20}},"32":{"start":{"line":138,"column":4},"end":{"line":140,"column":5}},"33":{"start":{"line":139,"column":6},"end":{"line":139,"column":43}},"34":{"start":{"line":149,"column":4},"end":{"line":151,"column":5}},"35":{"start":{"line":150,"column":6},"end":{"line":150,"column":42}},"36":{"start":{"line":160,"column":4},"end":{"line":162,"column":5}},"37":{"start":{"line":161,"column":6},"end":{"line":161,"column":42}},"38":{"start":{"line":171,"column":4},"end":{"line":173,"column":5}},"39":{"start":{"line":172,"column":6},"end":{"line":172,"column":43}},"40":{"start":{"line":181,"column":4},"end":{"line":181,"column":26}},"41":{"start":{"line":182,"column":4},"end":{"line":182,"column":66}},"42":{"start":{"line":191,"column":4},"end":{"line":191,"column":37}},"43":{"start":{"line":199,"column":4},"end":{"line":204,"column":6}},"44":{"start":{"line":211,"column":4},"end":{"line":211,"column":21}},"45":{"start":{"line":212,"column":4},"end":{"line":216,"column":6}},"46":{"start":{"line":217,"column":4},"end":{"line":217,"column":39}},"47":{"start":{"line":225,"column":4},"end":{"line":234,"column":6}},"48":{"start":{"line":242,"column":4},"end":{"line":242,"column":74}},"49":{"start":{"line":250,"column":18},"end":{"line":250,"column":54}},"50":{"start":{"line":251,"column":19},"end":{"line":251,"column":51}},"51":{"start":{"line":252,"column":20},"end":{"line":252,"column":36}},"52":{"start":{"line":254,"column":4},"end":{"line":254,"column":79}},"53":{"start":{"line":255,"column":4},"end":{"line":255,"column":39}},"54":{"start":{"line":257,"column":4},"end":{"line":259,"column":5}},"55":{"start":{"line":258,"column":6},"end":{"line":258,"column":62}},"56":{"start":{"line":261,"column":4},"end":{"line":263,"column":5}},"57":{"start":{"line":262,"column":6},"end":{"line":262,"column":58}},"58":{"start":{"line":271,"column":33},"end":{"line":271,"column":41}},"59":{"start":{"line":274,"column":31},"end":{"line":279,"column":5}},"60":{"start":{"line":275,"column":22},"end":{"line":275,"column":45}},"61":{"start":{"line":276,"column":22},"end":{"line":276,"column":45}},"62":{"start":{"line":277,"column":23},"end":{"line":277,"column":47}},"63":{"start":{"line":278,"column":26},"end":{"line":278,"column":53}},"64":{"start":{"line":282,"column":4},"end":{"line":293,"column":5}},"65":{"start":{"line":283,"column":6},"end":{"line":292,"column":7}},"66":{"start":{"line":284,"column":8},"end":{"line":291,"column":9}},"67":{"start":{"line":285,"column":10},"end":{"line":285,"column":21}},"68":{"start":{"line":286,"column":10},"end":{"line":286,"column":43}},"69":{"start":{"line":287,"column":10},"end":{"line":287,"column":56}},"70":{"start":{"line":288,"column":10},"end":{"line":288,"column":17}},"71":{"start":{"line":290,"column":10},"end":{"line":290,"column":56}},"72":{"start":{"line":296,"column":4},"end":{"line":298,"column":5}},"73":{"start":{"line":297,"column":6},"end":{"line":297,"column":30}},"74":{"start":{"line":307,"column":4},"end":{"line":307,"column":47}},"75":{"start":{"line":317,"column":4},"end":{"line":317,"column":46}},"76":{"start":{"line":327,"column":4},"end":{"line":327,"column":48}},"77":{"start":{"line":337,"column":4},"end":{"line":337,"column":50}},"78":{"start":{"line":346,"column":4},"end":{"line":346,"column":45}},"79":{"start":{"line":355,"column":22},"end":{"line":355,"column":46}},"80":{"start":{"line":356,"column":23},"end":{"line":356,"column":61}},"81":{"start":{"line":358,"column":4},"end":{"line":373,"column":5}},"82":{"start":{"line":360,"column":8},"end":{"line":360,"column":57}},"83":{"start":{"line":361,"column":8},"end":{"line":361,"column":14}},"84":{"start":{"line":363,"column":8},"end":{"line":363,"column":56}},"85":{"start":{"line":364,"column":8},"end":{"line":364,"column":14}},"86":{"start":{"line":366,"column":8},"end":{"line":366,"column":56}},"87":{"start":{"line":367,"column":8},"end":{"line":367,"column":14}},"88":{"start":{"line":369,"column":8},"end":{"line":369,"column":55}},"89":{"start":{"line":370,"column":8},"end":{"line":370,"column":14}},"90":{"start":{"line":372,"column":8},"end":{"line":372,"column":55}},"91":{"start":{"line":381,"column":18},"end":{"line":381,"column":52}},"92":{"start":{"line":382,"column":4},"end":{"line":382,"column":37}},"93":{"start":{"line":396,"column":28},"end":{"line":396,"column":46}}},"fnMap":{"0":{"name":"(anonymous_0)","decl":{"start":{"line":16,"column":2},"end":{"line":16,"column":3}},"loc":{"start":{"line":16,"column":16},"end":{"line":36,"column":3}},"line":16},"1":{"name":"(anonymous_1)","decl":{"start":{"line":42,"column":2},"end":{"line":42,"column":3}},"loc":{"start":{"line":42,"column":25},"end":{"line":63,"column":3}},"line":42},"2":{"name":"(anonymous_2)","decl":{"start":{"line":44,"column":37},"end":{"line":44,"column":38}},"loc":{"start":{"line":44,"column":48},"end":{"line":51,"column":5}},"line":44},"3":{"name":"(anonymous_3)","decl":{"start":{"line":54,"column":50},"end":{"line":54,"column":51}},"loc":{"start":{"line":54,"column":61},"end":{"line":56,"column":5}},"line":54},"4":{"name":"(anonymous_4)","decl":{"start":{"line":59,"column":20},"end":{"line":59,"column":21}},"loc":{"start":{"line":59,"column":33},"end":{"line":62,"column":5}},"line":59},"5":{"name":"(anonymous_5)","decl":{"start":{"line":72,"column":2},"end":{"line":72,"column":3}},"loc":{"start":{"line":72,"column":73},"end":{"line":103,"column":3}},"line":72},"6":{"name":"(anonymous_6)","decl":{"start":{"line":112,"column":2},"end":{"line":112,"column":3}},"loc":{"start":{"line":112,"column":49},"end":{"line":130,"column":3}},"line":112},"7":{"name":"(anonymous_7)","decl":{"start":{"line":113,"column":11},"end":{"line":113,"column":12}},"loc":{"start":{"line":113,"column":24},"end":{"line":129,"column":5}},"line":113},"8":{"name":"(anonymous_8)","decl":{"start":{"line":137,"column":2},"end":{"line":137,"column":3}},"loc":{"start":{"line":137,"column":26},"end":{"line":141,"column":3}},"line":137},"9":{"name":"(anonymous_9)","decl":{"start":{"line":148,"column":2},"end":{"line":148,"column":3}},"loc":{"start":{"line":148,"column":25},"end":{"line":152,"column":3}},"line":148},"10":{"name":"(anonymous_10)","decl":{"start":{"line":159,"column":2},"end":{"line":159,"column":3}},"loc":{"start":{"line":159,"column":25},"end":{"line":163,"column":3}},"line":159},"11":{"name":"(anonymous_11)","decl":{"start":{"line":170,"column":2},"end":{"line":170,"column":3}},"loc":{"start":{"line":170,"column":26},"end":{"line":174,"column":3}},"line":170},"12":{"name":"(anonymous_12)","decl":{"start":{"line":180,"column":2},"end":{"line":180,"column":3}},"loc":{"start":{"line":180,"column":21},"end":{"line":183,"column":3}},"line":180},"13":{"name":"(anonymous_13)","decl":{"start":{"line":190,"column":2},"end":{"line":190,"column":3}},"loc":{"start":{"line":190,"column":30},"end":{"line":192,"column":3}},"line":190},"14":{"name":"(anonymous_14)","decl":{"start":{"line":198,"column":2},"end":{"line":198,"column":3}},"loc":{"start":{"line":198,"column":13},"end":{"line":205,"column":3}},"line":198},"15":{"name":"(anonymous_15)","decl":{"start":{"line":210,"column":2},"end":{"line":210,"column":3}},"loc":{"start":{"line":210,"column":16},"end":{"line":218,"column":3}},"line":210},"16":{"name":"(anonymous_16)","decl":{"start":{"line":224,"column":2},"end":{"line":224,"column":3}},"loc":{"start":{"line":224,"column":19},"end":{"line":235,"column":3}},"line":224},"17":{"name":"(anonymous_17)","decl":{"start":{"line":241,"column":2},"end":{"line":241,"column":3}},"loc":{"start":{"line":241,"column":21},"end":{"line":243,"column":3}},"line":241},"18":{"name":"(anonymous_18)","decl":{"start":{"line":249,"column":2},"end":{"line":249,"column":3}},"loc":{"start":{"line":249,"column":22},"end":{"line":264,"column":3}},"line":249},"19":{"name":"(anonymous_19)","decl":{"start":{"line":270,"column":2},"end":{"line":270,"column":3}},"loc":{"start":{"line":270,"column":29},"end":{"line":299,"column":3}},"line":270},"20":{"name":"(anonymous_20)","decl":{"start":{"line":275,"column":16},"end":{"line":275,"column":17}},"loc":{"start":{"line":275,"column":22},"end":{"line":275,"column":45}},"line":275},"21":{"name":"(anonymous_21)","decl":{"start":{"line":276,"column":16},"end":{"line":276,"column":17}},"loc":{"start":{"line":276,"column":22},"end":{"line":276,"column":45}},"line":276},"22":{"name":"(anonymous_22)","decl":{"start":{"line":277,"column":17},"end":{"line":277,"column":18}},"loc":{"start":{"line":277,"column":23},"end":{"line":277,"column":47}},"line":277},"23":{"name":"(anonymous_23)","decl":{"start":{"line":278,"column":20},"end":{"line":278,"column":21}},"loc":{"start":{"line":278,"column":26},"end":{"line":278,"column":53}},"line":278},"24":{"name":"(anonymous_24)","decl":{"start":{"line":305,"column":2},"end":{"line":305,"column":3}},"loc":{"start":{"line":305,"column":21},"end":{"line":309,"column":3}},"line":305},"25":{"name":"(anonymous_25)","decl":{"start":{"line":315,"column":2},"end":{"line":315,"column":3}},"loc":{"start":{"line":315,"column":21},"end":{"line":319,"column":3}},"line":315},"26":{"name":"(anonymous_26)","decl":{"start":{"line":325,"column":2},"end":{"line":325,"column":3}},"loc":{"start":{"line":325,"column":22},"end":{"line":329,"column":3}},"line":325},"27":{"name":"(anonymous_27)","decl":{"start":{"line":335,"column":2},"end":{"line":335,"column":3}},"loc":{"start":{"line":335,"column":25},"end":{"line":339,"column":3}},"line":335},"28":{"name":"(anonymous_28)","decl":{"start":{"line":345,"column":2},"end":{"line":345,"column":3}},"loc":{"start":{"line":345,"column":21},"end":{"line":348,"column":3}},"line":345},"29":{"name":"(anonymous_29)","decl":{"start":{"line":354,"column":2},"end":{"line":354,"column":3}},"loc":{"start":{"line":354,"column":32},"end":{"line":374,"column":3}},"line":354},"30":{"name":"(anonymous_30)","decl":{"start":{"line":380,"column":2},"end":{"line":380,"column":3}},"loc":{"start":{"line":380,"column":26},"end":{"line":383,"column":3}},"line":380},"31":{"name":"(anonymous_31)","decl":{"start":{"line":389,"column":2},"end":{"line":389,"column":3}},"loc":{"start":{"line":389,"column":34},"end":{"line":392,"column":3}},"line":389}},"branchMap":{"0":{"loc":{"start":{"line":72,"column":21},"end":{"line":72,"column":39}},"type":"default-arg","locations":[{"start":{"line":72,"column":30},"end":{"line":72,"column":39}}],"line":72},"1":{"loc":{"start":{"line":72,"column":41},"end":{"line":72,"column":53}},"type":"default-arg","locations":[{"start":{"line":72,"column":51},"end":{"line":72,"column":53}}],"line":72},"2":{"loc":{"start":{"line":72,"column":55},"end":{"line":72,"column":71}},"type":"default-arg","locations":[{"start":{"line":72,"column":66},"end":{"line":72,"column":71}}],"line":72},"3":{"loc":{"start":{"line":75,"column":15},"end":{"line":75,"column":38}},"type":"binary-expr","locations":[{"start":{"line":75,"column":15},"end":{"line":75,"column":29}},{"start":{"line":75,"column":33},"end":{"line":75,"column":38}}],"line":75},"4":{"loc":{"start":{"line":86,"column":4},"end":{"line":88,"column":5}},"type":"if","locations":[{"start":{"line":86,"column":4},"end":{"line":88,"column":5}},{"start":{},"end":{}}],"line":86},"5":{"loc":{"start":{"line":91,"column":4},"end":{"line":93,"column":5}},"type":"if","locations":[{"start":{"line":91,"column":4},"end":{"line":93,"column":5}},{"start":{},"end":{}}],"line":91},"6":{"loc":{"start":{"line":112,"column":32},"end":{"line":112,"column":47}},"type":"default-arg","locations":[{"start":{"line":112,"column":43},"end":{"line":112,"column":47}}],"line":112},"7":{"loc":{"start":{"line":119,"column":8},"end":{"line":125,"column":9}},"type":"if","locations":[{"start":{"line":119,"column":8},"end":{"line":125,"column":9}},{"start":{},"end":{}}],"line":119},"8":{"loc":{"start":{"line":138,"column":4},"end":{"line":140,"column":5}},"type":"if","locations":[{"start":{"line":138,"column":4},"end":{"line":140,"column":5}},{"start":{},"end":{}}],"line":138},"9":{"loc":{"start":{"line":149,"column":4},"end":{"line":151,"column":5}},"type":"if","locations":[{"start":{"line":149,"column":4},"end":{"line":151,"column":5}},{"start":{},"end":{}}],"line":149},"10":{"loc":{"start":{"line":160,"column":4},"end":{"line":162,"column":5}},"type":"if","locations":[{"start":{"line":160,"column":4},"end":{"line":162,"column":5}},{"start":{},"end":{}}],"line":160},"11":{"loc":{"start":{"line":171,"column":4},"end":{"line":173,"column":5}},"type":"if","locations":[{"start":{"line":171,"column":4},"end":{"line":173,"column":5}},{"start":{},"end":{}}],"line":171},"12":{"loc":{"start":{"line":190,"column":18},"end":{"line":190,"column":28}},"type":"default-arg","locations":[{"start":{"line":190,"column":26},"end":{"line":190,"column":28}}],"line":190},"13":{"loc":{"start":{"line":250,"column":18},"end":{"line":250,"column":54}},"type":"cond-expr","locations":[{"start":{"line":250,"column":38},"end":{"line":250,"column":45}},{"start":{"line":250,"column":48},"end":{"line":250,"column":54}}],"line":250},"14":{"loc":{"start":{"line":257,"column":4},"end":{"line":259,"column":5}},"type":"if","locations":[{"start":{"line":257,"column":4},"end":{"line":259,"column":5}},{"start":{},"end":{}}],"line":257},"15":{"loc":{"start":{"line":257,"column":8},"end":{"line":257,"column":68}},"type":"binary-expr","locations":[{"start":{"line":257,"column":8},"end":{"line":257,"column":24}},{"start":{"line":257,"column":28},"end":{"line":257,"column":68}}],"line":257},"16":{"loc":{"start":{"line":261,"column":4},"end":{"line":263,"column":5}},"type":"if","locations":[{"start":{"line":261,"column":4},"end":{"line":263,"column":5}},{"start":{},"end":{}}],"line":261},"17":{"loc":{"start":{"line":283,"column":6},"end":{"line":292,"column":7}},"type":"if","locations":[{"start":{"line":283,"column":6},"end":{"line":292,"column":7}},{"start":{},"end":{}}],"line":283},"18":{"loc":{"start":{"line":296,"column":4},"end":{"line":298,"column":5}},"type":"if","locations":[{"start":{"line":296,"column":4},"end":{"line":298,"column":5}},{"start":{},"end":{}}],"line":296},"19":{"loc":{"start":{"line":358,"column":4},"end":{"line":373,"column":5}},"type":"switch","locations":[{"start":{"line":359,"column":6},"end":{"line":361,"column":14}},{"start":{"line":362,"column":6},"end":{"line":364,"column":14}},{"start":{"line":365,"column":6},"end":{"line":367,"column":14}},{"start":{"line":368,"column":6},"end":{"line":370,"column":14}},{"start":{"line":371,"column":6},"end":{"line":372,"column":55}}],"line":358},"20":{"loc":{"start":{"line":382,"column":11},"end":{"line":382,"column":36}},"type":"binary-expr","locations":[{"start":{"line":382,"column":11},"end":{"line":382,"column":23}},{"start":{"line":382,"column":27},"end":{"line":382,"column":36}}],"line":382}},"s":{"0":55,"1":55,"2":55,"3":55,"4":55,"5":55,"6":55,"7":1,"8":55,"9":1,"10":55,"11":2,"12":2,"13":56,"14":56,"15":56,"16":56,"17":6,"18":56,"19":5,"20":56,"21":56,"22":56,"23":652,"24":19,"25":19,"26":5,"27":5,"28":2,"29":2,"30":1,"31":4,"32":5,"33":5,"34":23,"35":22,"36":64,"37":59,"38":84,"39":1,"40":7,"41":7,"42":1,"43":2,"44":1,"45":1,"46":1,"47":1,"48":58,"49":56,"50":56,"51":56,"52":56,"53":56,"54":56,"55":11,"56":56,"57":12,"58":56,"59":56,"60":3,"61":1,"62":1,"63":1,"64":56,"65":215,"66":6,"67":6,"68":5,"69":5,"70":5,"71":1,"72":51,"73":6,"74":2,"75":1,"76":1,"77":1,"78":6,"79":88,"80":88,"81":88,"82":6,"83":6,"84":22,"85":22,"86":59,"87":59,"88":1,"89":1,"90":0,"91":12,"92":12,"93":9},"f":{"0":55,"1":55,"2":1,"3":1,"4":2,"5":56,"6":652,"7":19,"8":5,"9":23,"10":64,"11":84,"12":7,"13":1,"14":2,"15":1,"16":1,"17":58,"18":56,"19":56,"20":3,"21":1,"22":1,"23":1,"24":2,"25":1,"26":1,"27":1,"28":6,"29":88,"30":12,"31":56},"b":{"0":[0],"1":[40],"2":[50],"3":[56,43],"4":[6,50],"5":[5,51],"6":[650],"7":[2,3],"8":[5,0],"9":[22,1],"10":[59,5],"11":[1,83],"12":[0],"13":[6,50],"14":[11,45],"15":[56,56],"16":[12,44],"17":[6,209],"18":[6,45],"19":[6,22,59,1,0],"20":[12,1]},"_coverageSchema":"1a1c01bbd47fc00a2c39e90264f33305004495a9","hash":"80b4c40c037f5785efc44f23c5fc7e8e81362395"}
,"/home/william/git/paperclips/src/game/core/gameState.js": {"path":"/home/william/git/paperclips/src/game/core/gameState.js","statementMap":{"0":{"start":{"line":10,"column":4},"end":{"line":10,"column":28}},"1":{"start":{"line":11,"column":4},"end":{"line":11,"column":36}},"2":{"start":{"line":12,"column":4},"end":{"line":21,"column":6}},"3":{"start":{"line":23,"column":4},"end":{"line":35,"column":6}},"4":{"start":{"line":37,"column":4},"end":{"line":52,"column":6}},"5":{"start":{"line":54,"column":4},"end":{"line":81,"column":6}},"6":{"start":{"line":83,"column":4},"end":{"line":114,"column":6}},"7":{"start":{"line":116,"column":4},"end":{"line":139,"column":6}},"8":{"start":{"line":141,"column":4},"end":{"line":160,"column":6}},"9":{"start":{"line":162,"column":4},"end":{"line":185,"column":6}},"10":{"start":{"line":187,"column":4},"end":{"line":196,"column":6}},"11":{"start":{"line":198,"column":4},"end":{"line":201,"column":6}},"12":{"start":{"line":203,"column":4},"end":{"line":235,"column":6}},"13":{"start":{"line":237,"column":4},"end":{"line":242,"column":6}},"14":{"start":{"line":244,"column":4},"end":{"line":255,"column":6}},"15":{"start":{"line":257,"column":4},"end":{"line":262,"column":6}},"16":{"start":{"line":264,"column":4},"end":{"line":264,"column":31}},"17":{"start":{"line":273,"column":4},"end":{"line":275,"column":5}},"18":{"start":{"line":274,"column":6},"end":{"line":274,"column":18}},"19":{"start":{"line":277,"column":17},"end":{"line":277,"column":32}},"20":{"start":{"line":278,"column":18},"end":{"line":278,"column":22}},"21":{"start":{"line":280,"column":4},"end":{"line":285,"column":5}},"22":{"start":{"line":281,"column":6},"end":{"line":283,"column":7}},"23":{"start":{"line":282,"column":8},"end":{"line":282,"column":25}},"24":{"start":{"line":284,"column":6},"end":{"line":284,"column":29}},"25":{"start":{"line":287,"column":4},"end":{"line":287,"column":19}},"26":{"start":{"line":296,"column":4},"end":{"line":298,"column":5}},"27":{"start":{"line":297,"column":6},"end":{"line":297,"column":13}},"28":{"start":{"line":300,"column":17},"end":{"line":300,"column":32}},"29":{"start":{"line":301,"column":20},"end":{"line":301,"column":30}},"30":{"start":{"line":302,"column":18},"end":{"line":302,"column":22}},"31":{"start":{"line":304,"column":4},"end":{"line":309,"column":5}},"32":{"start":{"line":305,"column":6},"end":{"line":307,"column":7}},"33":{"start":{"line":306,"column":8},"end":{"line":306,"column":26}},"34":{"start":{"line":308,"column":6},"end":{"line":308,"column":29}},"35":{"start":{"line":311,"column":21},"end":{"line":311,"column":37}},"36":{"start":{"line":312,"column":4},"end":{"line":312,"column":29}},"37":{"start":{"line":314,"column":4},"end":{"line":314,"column":46}},"38":{"start":{"line":323,"column":25},"end":{"line":323,"column":44}},"39":{"start":{"line":324,"column":4},"end":{"line":324,"column":42}},"40":{"start":{"line":333,"column":4},"end":{"line":333,"column":34}},"41":{"start":{"line":341,"column":4},"end":{"line":341,"column":41}},"42":{"start":{"line":349,"column":18},"end":{"line":349,"column":57}},"43":{"start":{"line":350,"column":4},"end":{"line":352,"column":5}},"44":{"start":{"line":351,"column":6},"end":{"line":351,"column":45}},"45":{"start":{"line":360,"column":4},"end":{"line":368,"column":5}},"46":{"start":{"line":361,"column":6},"end":{"line":367,"column":9}},"47":{"start":{"line":362,"column":8},"end":{"line":366,"column":9}},"48":{"start":{"line":363,"column":10},"end":{"line":363,"column":45}},"49":{"start":{"line":365,"column":10},"end":{"line":365,"column":60}},"50":{"start":{"line":375,"column":4},"end":{"line":400,"column":5}},"51":{"start":{"line":376,"column":23},"end":{"line":393,"column":7}},"52":{"start":{"line":395,"column":6},"end":{"line":395,"column":72}},"53":{"start":{"line":396,"column":6},"end":{"line":396,"column":18}},"54":{"start":{"line":398,"column":6},"end":{"line":398,"column":57}},"55":{"start":{"line":399,"column":6},"end":{"line":399,"column":19}},"56":{"start":{"line":407,"column":4},"end":{"line":422,"column":5}},"57":{"start":{"line":408,"column":23},"end":{"line":408,"column":62}},"58":{"start":{"line":409,"column":6},"end":{"line":411,"column":7}},"59":{"start":{"line":410,"column":8},"end":{"line":410,"column":21}},"60":{"start":{"line":413,"column":19},"end":{"line":413,"column":39}},"61":{"start":{"line":416,"column":6},"end":{"line":416,"column":29}},"62":{"start":{"line":418,"column":6},"end":{"line":418,"column":18}},"63":{"start":{"line":420,"column":6},"end":{"line":420,"column":57}},"64":{"start":{"line":421,"column":6},"end":{"line":421,"column":19}},"65":{"start":{"line":430,"column":18},"end":{"line":445,"column":5}},"66":{"start":{"line":431,"column":6},"end":{"line":444,"column":7}},"67":{"start":{"line":432,"column":8},"end":{"line":443,"column":9}},"68":{"start":{"line":437,"column":10},"end":{"line":439,"column":11}},"69":{"start":{"line":438,"column":12},"end":{"line":438,"column":29}},"70":{"start":{"line":440,"column":10},"end":{"line":440,"column":42}},"71":{"start":{"line":442,"column":10},"end":{"line":442,"column":36}},"72":{"start":{"line":447,"column":4},"end":{"line":447,"column":22}},"73":{"start":{"line":454,"column":25},"end":{"line":454,"column":40}},"74":{"start":{"line":457,"column":4},"end":{"line":461,"column":7}},"75":{"start":{"line":458,"column":6},"end":{"line":460,"column":7}},"76":{"start":{"line":459,"column":8},"end":{"line":459,"column":66}},"77":{"start":{"line":463,"column":4},"end":{"line":463,"column":43}},"78":{"start":{"line":470,"column":21},"end":{"line":487,"column":5}},"79":{"start":{"line":488,"column":4},"end":{"line":488,"column":45}},"80":{"start":{"line":496,"column":4},"end":{"line":504,"column":5}},"81":{"start":{"line":497,"column":19},"end":{"line":497,"column":41}},"82":{"start":{"line":498,"column":6},"end":{"line":498,"column":29}},"83":{"start":{"line":499,"column":6},"end":{"line":499,"column":46}},"84":{"start":{"line":500,"column":6},"end":{"line":500,"column":18}},"85":{"start":{"line":502,"column":6},"end":{"line":502,"column":59}},"86":{"start":{"line":503,"column":6},"end":{"line":503,"column":19}},"87":{"start":{"line":511,"column":4},"end":{"line":511,"column":44}},"88":{"start":{"line":520,"column":4},"end":{"line":522,"column":5}},"89":{"start":{"line":521,"column":6},"end":{"line":521,"column":48}},"90":{"start":{"line":523,"column":4},"end":{"line":523,"column":49}},"91":{"start":{"line":532,"column":4},"end":{"line":534,"column":5}},"92":{"start":{"line":533,"column":6},"end":{"line":533,"column":54}},"93":{"start":{"line":543,"column":4},"end":{"line":551,"column":5}},"94":{"start":{"line":544,"column":6},"end":{"line":550,"column":9}},"95":{"start":{"line":545,"column":8},"end":{"line":549,"column":9}},"96":{"start":{"line":546,"column":10},"end":{"line":546,"column":25}},"97":{"start":{"line":548,"column":10},"end":{"line":548,"column":72}},"98":{"start":{"line":556,"column":25},"end":{"line":556,"column":40}}},"fnMap":{"0":{"name":"(anonymous_0)","decl":{"start":{"line":8,"column":2},"end":{"line":8,"column":3}},"loc":{"start":{"line":8,"column":16},"end":{"line":265,"column":3}},"line":8},"1":{"name":"(anonymous_1)","decl":{"start":{"line":272,"column":2},"end":{"line":272,"column":3}},"loc":{"start":{"line":272,"column":12},"end":{"line":288,"column":3}},"line":272},"2":{"name":"(anonymous_2)","decl":{"start":{"line":295,"column":2},"end":{"line":295,"column":3}},"loc":{"start":{"line":295,"column":19},"end":{"line":315,"column":3}},"line":295},"3":{"name":"(anonymous_3)","decl":{"start":{"line":322,"column":2},"end":{"line":322,"column":3}},"loc":{"start":{"line":322,"column":30},"end":{"line":325,"column":3}},"line":322},"4":{"name":"(anonymous_4)","decl":{"start":{"line":332,"column":2},"end":{"line":332,"column":3}},"loc":{"start":{"line":332,"column":30},"end":{"line":334,"column":3}},"line":332},"5":{"name":"(anonymous_5)","decl":{"start":{"line":340,"column":2},"end":{"line":340,"column":3}},"loc":{"start":{"line":340,"column":30},"end":{"line":342,"column":3}},"line":340},"6":{"name":"(anonymous_6)","decl":{"start":{"line":348,"column":2},"end":{"line":348,"column":3}},"loc":{"start":{"line":348,"column":33},"end":{"line":353,"column":3}},"line":348},"7":{"name":"(anonymous_7)","decl":{"start":{"line":359,"column":2},"end":{"line":359,"column":3}},"loc":{"start":{"line":359,"column":42},"end":{"line":369,"column":3}},"line":359},"8":{"name":"(anonymous_8)","decl":{"start":{"line":361,"column":36},"end":{"line":361,"column":37}},"loc":{"start":{"line":361,"column":50},"end":{"line":367,"column":7}},"line":361},"9":{"name":"(anonymous_9)","decl":{"start":{"line":374,"column":2},"end":{"line":374,"column":3}},"loc":{"start":{"line":374,"column":9},"end":{"line":401,"column":3}},"line":374},"10":{"name":"(anonymous_10)","decl":{"start":{"line":406,"column":2},"end":{"line":406,"column":3}},"loc":{"start":{"line":406,"column":9},"end":{"line":423,"column":3}},"line":406},"11":{"name":"(anonymous_11)","decl":{"start":{"line":429,"column":2},"end":{"line":429,"column":3}},"loc":{"start":{"line":429,"column":20},"end":{"line":448,"column":3}},"line":429},"12":{"name":"(anonymous_12)","decl":{"start":{"line":430,"column":18},"end":{"line":430,"column":19}},"loc":{"start":{"line":430,"column":38},"end":{"line":445,"column":5}},"line":430},"13":{"name":"(anonymous_13)","decl":{"start":{"line":453,"column":2},"end":{"line":453,"column":3}},"loc":{"start":{"line":453,"column":10},"end":{"line":464,"column":3}},"line":453},"14":{"name":"(anonymous_14)","decl":{"start":{"line":457,"column":38},"end":{"line":457,"column":39}},"loc":{"start":{"line":457,"column":47},"end":{"line":461,"column":5}},"line":457},"15":{"name":"(anonymous_15)","decl":{"start":{"line":469,"column":2},"end":{"line":469,"column":3}},"loc":{"start":{"line":469,"column":11},"end":{"line":489,"column":3}},"line":469},"16":{"name":"(anonymous_16)","decl":{"start":{"line":495,"column":2},"end":{"line":495,"column":3}},"loc":{"start":{"line":495,"column":21},"end":{"line":505,"column":3}},"line":495},"17":{"name":"(anonymous_17)","decl":{"start":{"line":510,"column":2},"end":{"line":510,"column":3}},"loc":{"start":{"line":510,"column":16},"end":{"line":512,"column":3}},"line":510},"18":{"name":"(anonymous_18)","decl":{"start":{"line":519,"column":2},"end":{"line":519,"column":3}},"loc":{"start":{"line":519,"column":22},"end":{"line":524,"column":3}},"line":519},"19":{"name":"(anonymous_19)","decl":{"start":{"line":531,"column":2},"end":{"line":531,"column":3}},"loc":{"start":{"line":531,"column":23},"end":{"line":535,"column":3}},"line":531},"20":{"name":"(anonymous_20)","decl":{"start":{"line":542,"column":2},"end":{"line":542,"column":3}},"loc":{"start":{"line":542,"column":20},"end":{"line":552,"column":3}},"line":542},"21":{"name":"(anonymous_21)","decl":{"start":{"line":544,"column":45},"end":{"line":544,"column":46}},"loc":{"start":{"line":544,"column":59},"end":{"line":550,"column":7}},"line":544}},"branchMap":{"0":{"loc":{"start":{"line":273,"column":4},"end":{"line":275,"column":5}},"type":"if","locations":[{"start":{"line":273,"column":4},"end":{"line":275,"column":5}},{"start":{},"end":{}}],"line":273},"1":{"loc":{"start":{"line":281,"column":6},"end":{"line":283,"column":7}},"type":"if","locations":[{"start":{"line":281,"column":6},"end":{"line":283,"column":7}},{"start":{},"end":{}}],"line":281},"2":{"loc":{"start":{"line":281,"column":10},"end":{"line":281,"column":51}},"type":"binary-expr","locations":[{"start":{"line":281,"column":10},"end":{"line":281,"column":26}},{"start":{"line":281,"column":30},"end":{"line":281,"column":51}}],"line":281},"3":{"loc":{"start":{"line":296,"column":4},"end":{"line":298,"column":5}},"type":"if","locations":[{"start":{"line":296,"column":4},"end":{"line":298,"column":5}},{"start":{},"end":{}}],"line":296},"4":{"loc":{"start":{"line":305,"column":6},"end":{"line":307,"column":7}},"type":"if","locations":[{"start":{"line":305,"column":6},"end":{"line":307,"column":7}},{"start":{},"end":{}}],"line":305},"5":{"loc":{"start":{"line":322,"column":18},"end":{"line":322,"column":28}},"type":"default-arg","locations":[{"start":{"line":322,"column":27},"end":{"line":322,"column":28}}],"line":322},"6":{"loc":{"start":{"line":323,"column":25},"end":{"line":323,"column":44}},"type":"binary-expr","locations":[{"start":{"line":323,"column":25},"end":{"line":323,"column":39}},{"start":{"line":323,"column":43},"end":{"line":323,"column":44}}],"line":323},"7":{"loc":{"start":{"line":332,"column":18},"end":{"line":332,"column":28}},"type":"default-arg","locations":[{"start":{"line":332,"column":27},"end":{"line":332,"column":28}}],"line":332},"8":{"loc":{"start":{"line":350,"column":4},"end":{"line":352,"column":5}},"type":"if","locations":[{"start":{"line":350,"column":4},"end":{"line":352,"column":5}},{"start":{},"end":{}}],"line":350},"9":{"loc":{"start":{"line":360,"column":4},"end":{"line":368,"column":5}},"type":"if","locations":[{"start":{"line":360,"column":4},"end":{"line":368,"column":5}},{"start":{},"end":{}}],"line":360},"10":{"loc":{"start":{"line":409,"column":6},"end":{"line":411,"column":7}},"type":"if","locations":[{"start":{"line":409,"column":6},"end":{"line":411,"column":7}},{"start":{},"end":{}}],"line":409},"11":{"loc":{"start":{"line":432,"column":8},"end":{"line":443,"column":9}},"type":"if","locations":[{"start":{"line":432,"column":8},"end":{"line":443,"column":9}},{"start":{"line":441,"column":15},"end":{"line":443,"column":9}}],"line":432},"12":{"loc":{"start":{"line":433,"column":10},"end":{"line":435,"column":37}},"type":"binary-expr","locations":[{"start":{"line":433,"column":10},"end":{"line":433,"column":30}},{"start":{"line":434,"column":10},"end":{"line":434,"column":41}},{"start":{"line":435,"column":10},"end":{"line":435,"column":37}}],"line":433},"13":{"loc":{"start":{"line":437,"column":10},"end":{"line":439,"column":11}},"type":"if","locations":[{"start":{"line":437,"column":10},"end":{"line":439,"column":11}},{"start":{},"end":{}}],"line":437},"14":{"loc":{"start":{"line":437,"column":14},"end":{"line":437,"column":61}},"type":"binary-expr","locations":[{"start":{"line":437,"column":14},"end":{"line":437,"column":26}},{"start":{"line":437,"column":30},"end":{"line":437,"column":61}}],"line":437},"15":{"loc":{"start":{"line":458,"column":6},"end":{"line":460,"column":7}},"type":"if","locations":[{"start":{"line":458,"column":6},"end":{"line":460,"column":7}},{"start":{},"end":{}}],"line":458},"16":{"loc":{"start":{"line":520,"column":4},"end":{"line":522,"column":5}},"type":"if","locations":[{"start":{"line":520,"column":4},"end":{"line":522,"column":5}},{"start":{},"end":{}}],"line":520},"17":{"loc":{"start":{"line":532,"column":4},"end":{"line":534,"column":5}},"type":"if","locations":[{"start":{"line":532,"column":4},"end":{"line":534,"column":5}},{"start":{},"end":{}}],"line":532},"18":{"loc":{"start":{"line":543,"column":4},"end":{"line":551,"column":5}},"type":"if","locations":[{"start":{"line":543,"column":4},"end":{"line":551,"column":5}},{"start":{},"end":{}}],"line":543}},"s":{"0":405,"1":405,"2":405,"3":405,"4":405,"5":405,"6":405,"7":405,"8":405,"9":405,"10":405,"11":405,"12":405,"13":405,"14":405,"15":405,"16":405,"17":3190,"18":3,"19":3187,"20":3187,"21":3187,"22":7086,"23":70,"24":7016,"25":3117,"26":2413,"27":1,"28":2412,"29":2412,"30":2412,"31":2412,"32":3177,"33":107,"34":3177,"35":2412,"36":2412,"37":2410,"38":792,"39":792,"40":209,"41":4,"42":1,"43":1,"44":1,"45":2447,"46":1812,"47":2,"48":2,"49":0,"50":6,"51":6,"52":6,"53":6,"54":0,"55":0,"56":7,"57":7,"58":7,"59":1,"60":6,"61":4,"62":4,"63":2,"64":2,"65":6,"66":213,"67":996,"68":207,"69":0,"70":207,"71":789,"72":6,"73":35,"74":35,"75":595,"76":560,"77":35,"78":2,"79":2,"80":3,"81":3,"82":2,"83":2,"84":2,"85":1,"86":1,"87":1,"88":0,"89":0,"90":0,"91":0,"92":0,"93":3,"94":0,"95":0,"96":0,"97":0,"98":9},"f":{"0":405,"1":3190,"2":2413,"3":792,"4":209,"5":4,"6":1,"7":2447,"8":2,"9":6,"10":7,"11":6,"12":213,"13":35,"14":595,"15":2,"16":3,"17":1,"18":0,"19":0,"20":3,"21":0},"b":{"0":[3,3187],"1":[70,7016],"2":[7086,7086],"3":[1,2412],"4":[107,3070],"5":[44],"6":[792,140],"7":[0],"8":[1,0],"9":[1812,635],"10":[1,6],"11":[207,789],"12":[996,991,212],"13":[0,207],"14":[207,207],"15":[560,35],"16":[0,0],"17":[0,0],"18":[0,3]},"_coverageSchema":"1a1c01bbd47fc00a2c39e90264f33305004495a9","hash":"373cff7c89816738eae3f7eab0f33730625ac8d1"}
,"/home/william/git/paperclips/src/game/core/performanceMonitor.js": {"path":"/home/william/git/paperclips/src/game/core/performanceMonitor.js","statementMap":{"0":{"start":{"line":13,"column":4},"end":{"line":13,"column":24}},"1":{"start":{"line":14,"column":4},"end":{"line":36,"column":6}},"2":{"start":{"line":38,"column":4},"end":{"line":51,"column":6}},"3":{"start":{"line":53,"column":4},"end":{"line":53,"column":58}},"4":{"start":{"line":54,"column":4},"end":{"line":54,"column":31}},"5":{"start":{"line":56,"column":4},"end":{"line":56,"column":28}},"6":{"start":{"line":64,"column":4},"end":{"line":64,"column":30}},"7":{"start":{"line":64,"column":23},"end":{"line":64,"column":30}},"8":{"start":{"line":67,"column":4},"end":{"line":67,"column":23}},"9":{"start":{"line":70,"column":4},"end":{"line":70,"column":26}},"10":{"start":{"line":78,"column":23},"end":{"line":91,"column":5}},"11":{"start":{"line":79,"column":6},"end":{"line":79,"column":32}},"12":{"start":{"line":79,"column":25},"end":{"line":79,"column":32}},"13":{"start":{"line":81,"column":18},"end":{"line":81,"column":35}},"14":{"start":{"line":82,"column":20},"end":{"line":82,"column":52}},"15":{"start":{"line":84,"column":6},"end":{"line":87,"column":7}},"16":{"start":{"line":85,"column":20},"end":{"line":85,"column":32}},"17":{"start":{"line":86,"column":8},"end":{"line":86,"column":29}},"18":{"start":{"line":89,"column":6},"end":{"line":89,"column":39}},"19":{"start":{"line":90,"column":6},"end":{"line":90,"column":40}},"20":{"start":{"line":93,"column":4},"end":{"line":93,"column":38}},"21":{"start":{"line":101,"column":4},"end":{"line":101,"column":35}},"22":{"start":{"line":102,"column":4},"end":{"line":102,"column":39}},"23":{"start":{"line":105,"column":4},"end":{"line":107,"column":5}},"24":{"start":{"line":106,"column":6},"end":{"line":106,"column":39}},"25":{"start":{"line":110,"column":4},"end":{"line":110,"column":63}},"26":{"start":{"line":111,"column":4},"end":{"line":111,"column":63}},"27":{"start":{"line":112,"column":4},"end":{"line":113,"column":92}},"28":{"start":{"line":113,"column":48},"end":{"line":113,"column":53}},"29":{"start":{"line":116,"column":4},"end":{"line":116,"column":34}},"30":{"start":{"line":124,"column":26},"end":{"line":134,"column":5}},"31":{"start":{"line":125,"column":6},"end":{"line":125,"column":32}},"32":{"start":{"line":125,"column":25},"end":{"line":125,"column":32}},"33":{"start":{"line":127,"column":6},"end":{"line":131,"column":7}},"34":{"start":{"line":128,"column":23},"end":{"line":128,"column":41}},"35":{"start":{"line":129,"column":8},"end":{"line":129,"column":50}},"36":{"start":{"line":130,"column":8},"end":{"line":130,"column":93}},"37":{"start":{"line":133,"column":6},"end":{"line":133,"column":38}},"38":{"start":{"line":136,"column":4},"end":{"line":136,"column":20}},"39":{"start":{"line":144,"column":4},"end":{"line":144,"column":42}},"40":{"start":{"line":145,"column":4},"end":{"line":145,"column":49}},"41":{"start":{"line":148,"column":4},"end":{"line":150,"column":5}},"42":{"start":{"line":149,"column":6},"end":{"line":149,"column":42}},"43":{"start":{"line":153,"column":4},"end":{"line":153,"column":44}},"44":{"start":{"line":160,"column":4},"end":{"line":160,"column":43}},"45":{"start":{"line":167,"column":4},"end":{"line":167,"column":36}},"46":{"start":{"line":167,"column":29},"end":{"line":167,"column":36}},"47":{"start":{"line":168,"column":4},"end":{"line":168,"column":39}},"48":{"start":{"line":169,"column":4},"end":{"line":169,"column":75}},"49":{"start":{"line":176,"column":4},"end":{"line":176,"column":36}},"50":{"start":{"line":176,"column":29},"end":{"line":176,"column":36}},"51":{"start":{"line":178,"column":16},"end":{"line":178,"column":33}},"52":{"start":{"line":179,"column":22},"end":{"line":179,"column":46}},"53":{"start":{"line":180,"column":23},"end":{"line":180,"column":67}},"54":{"start":{"line":182,"column":4},"end":{"line":182,"column":50}},"55":{"start":{"line":183,"column":4},"end":{"line":183,"column":48}},"56":{"start":{"line":186,"column":4},"end":{"line":191,"column":7}},"57":{"start":{"line":194,"column":4},"end":{"line":196,"column":5}},"58":{"start":{"line":195,"column":6},"end":{"line":195,"column":44}},"59":{"start":{"line":199,"column":4},"end":{"line":205,"column":5}},"60":{"start":{"line":200,"column":6},"end":{"line":200,"column":41}},"61":{"start":{"line":202,"column":6},"end":{"line":204,"column":7}},"62":{"start":{"line":203,"column":8},"end":{"line":203,"column":88}},"63":{"start":{"line":208,"column":4},"end":{"line":208,"column":30}},"64":{"start":{"line":209,"column":4},"end":{"line":209,"column":26}},"65":{"start":{"line":219,"column":4},"end":{"line":221,"column":5}},"66":{"start":{"line":220,"column":6},"end":{"line":220,"column":18}},"67":{"start":{"line":223,"column":18},"end":{"line":223,"column":35}},"68":{"start":{"line":225,"column":4},"end":{"line":240,"column":5}},"69":{"start":{"line":226,"column":21},"end":{"line":226,"column":25}},"70":{"start":{"line":228,"column":18},"end":{"line":228,"column":35}},"71":{"start":{"line":229,"column":23},"end":{"line":229,"column":34}},"72":{"start":{"line":231,"column":6},"end":{"line":231,"column":60}},"73":{"start":{"line":233,"column":6},"end":{"line":233,"column":20}},"74":{"start":{"line":235,"column":18},"end":{"line":235,"column":35}},"75":{"start":{"line":236,"column":23},"end":{"line":236,"column":34}},"76":{"start":{"line":238,"column":6},"end":{"line":238,"column":61}},"77":{"start":{"line":239,"column":6},"end":{"line":239,"column":18}},"78":{"start":{"line":250,"column":4},"end":{"line":250,"column":62}},"79":{"start":{"line":250,"column":24},"end":{"line":250,"column":61}},"80":{"start":{"line":250,"column":43},"end":{"line":250,"column":54}},"81":{"start":{"line":258,"column":4},"end":{"line":268,"column":5}},"82":{"start":{"line":259,"column":6},"end":{"line":267,"column":9}},"83":{"start":{"line":270,"column":18},"end":{"line":270,"column":50}},"84":{"start":{"line":271,"column":4},"end":{"line":271,"column":18}},"85":{"start":{"line":272,"column":4},"end":{"line":272,"column":32}},"86":{"start":{"line":273,"column":4},"end":{"line":273,"column":54}},"87":{"start":{"line":274,"column":4},"end":{"line":274,"column":54}},"88":{"start":{"line":275,"column":4},"end":{"line":275,"column":54}},"89":{"start":{"line":277,"column":4},"end":{"line":279,"column":5}},"90":{"start":{"line":278,"column":6},"end":{"line":278,"column":21}},"91":{"start":{"line":281,"column":4},"end":{"line":285,"column":7}},"92":{"start":{"line":288,"column":4},"end":{"line":290,"column":5}},"93":{"start":{"line":289,"column":6},"end":{"line":289,"column":28}},"94":{"start":{"line":298,"column":4},"end":{"line":302,"column":5}},"95":{"start":{"line":299,"column":6},"end":{"line":299,"column":51}},"96":{"start":{"line":300,"column":11},"end":{"line":302,"column":5}},"97":{"start":{"line":301,"column":6},"end":{"line":301,"column":50}},"98":{"start":{"line":310,"column":4},"end":{"line":314,"column":5}},"99":{"start":{"line":311,"column":6},"end":{"line":311,"column":57}},"100":{"start":{"line":312,"column":11},"end":{"line":314,"column":5}},"101":{"start":{"line":313,"column":6},"end":{"line":313,"column":56}},"102":{"start":{"line":322,"column":20},"end":{"line":327,"column":5}},"103":{"start":{"line":329,"column":4},"end":{"line":333,"column":5}},"104":{"start":{"line":330,"column":6},"end":{"line":330,"column":72}},"105":{"start":{"line":332,"column":6},"end":{"line":332,"column":71}},"106":{"start":{"line":335,"column":4},"end":{"line":341,"column":7}},"107":{"start":{"line":336,"column":6},"end":{"line":340,"column":7}},"108":{"start":{"line":337,"column":8},"end":{"line":337,"column":26}},"109":{"start":{"line":339,"column":8},"end":{"line":339,"column":76}},"110":{"start":{"line":349,"column":4},"end":{"line":349,"column":41}},"111":{"start":{"line":357,"column":18},"end":{"line":357,"column":57}},"112":{"start":{"line":358,"column":4},"end":{"line":360,"column":5}},"113":{"start":{"line":359,"column":6},"end":{"line":359,"column":45}},"114":{"start":{"line":368,"column":26},"end":{"line":368,"column":28}},"115":{"start":{"line":369,"column":4},"end":{"line":371,"column":7}},"116":{"start":{"line":370,"column":6},"end":{"line":370,"column":72}},"117":{"start":{"line":373,"column":4},"end":{"line":394,"column":6}},"118":{"start":{"line":401,"column":4},"end":{"line":401,"column":34}},"119":{"start":{"line":402,"column":4},"end":{"line":402,"column":36}},"120":{"start":{"line":403,"column":4},"end":{"line":403,"column":29}},"121":{"start":{"line":404,"column":4},"end":{"line":404,"column":37}},"122":{"start":{"line":405,"column":4},"end":{"line":405,"column":33}},"123":{"start":{"line":406,"column":4},"end":{"line":406,"column":39}},"124":{"start":{"line":407,"column":4},"end":{"line":407,"column":41}},"125":{"start":{"line":408,"column":4},"end":{"line":408,"column":35}},"126":{"start":{"line":410,"column":4},"end":{"line":410,"column":51}},"127":{"start":{"line":418,"column":4},"end":{"line":418,"column":27}},"128":{"start":{"line":419,"column":4},"end":{"line":419,"column":84}},"129":{"start":{"line":428,"column":4},"end":{"line":428,"column":52}},"130":{"start":{"line":433,"column":34},"end":{"line":433,"column":58}}},"fnMap":{"0":{"name":"(anonymous_0)","decl":{"start":{"line":12,"column":2},"end":{"line":12,"column":3}},"loc":{"start":{"line":12,"column":16},"end":{"line":57,"column":3}},"line":12},"1":{"name":"(anonymous_1)","decl":{"start":{"line":63,"column":2},"end":{"line":63,"column":3}},"loc":{"start":{"line":63,"column":21},"end":{"line":71,"column":3}},"line":63},"2":{"name":"(anonymous_2)","decl":{"start":{"line":77,"column":2},"end":{"line":77,"column":3}},"loc":{"start":{"line":77,"column":16},"end":{"line":94,"column":3}},"line":77},"3":{"name":"(anonymous_3)","decl":{"start":{"line":78,"column":23},"end":{"line":78,"column":24}},"loc":{"start":{"line":78,"column":29},"end":{"line":91,"column":5}},"line":78},"4":{"name":"(anonymous_4)","decl":{"start":{"line":100,"column":2},"end":{"line":100,"column":3}},"loc":{"start":{"line":100,"column":18},"end":{"line":117,"column":3}},"line":100},"5":{"name":"(anonymous_5)","decl":{"start":{"line":113,"column":38},"end":{"line":113,"column":39}},"loc":{"start":{"line":113,"column":48},"end":{"line":113,"column":53}},"line":113},"6":{"name":"(anonymous_6)","decl":{"start":{"line":123,"column":2},"end":{"line":123,"column":3}},"loc":{"start":{"line":123,"column":19},"end":{"line":137,"column":3}},"line":123},"7":{"name":"(anonymous_7)","decl":{"start":{"line":124,"column":26},"end":{"line":124,"column":27}},"loc":{"start":{"line":124,"column":32},"end":{"line":134,"column":5}},"line":124},"8":{"name":"(anonymous_8)","decl":{"start":{"line":143,"column":2},"end":{"line":143,"column":3}},"loc":{"start":{"line":143,"column":28},"end":{"line":154,"column":3}},"line":143},"9":{"name":"(anonymous_9)","decl":{"start":{"line":159,"column":2},"end":{"line":159,"column":3}},"loc":{"start":{"line":159,"column":29},"end":{"line":161,"column":3}},"line":159},"10":{"name":"(anonymous_10)","decl":{"start":{"line":166,"column":2},"end":{"line":166,"column":3}},"loc":{"start":{"line":166,"column":21},"end":{"line":170,"column":3}},"line":166},"11":{"name":"(anonymous_11)","decl":{"start":{"line":175,"column":2},"end":{"line":175,"column":3}},"loc":{"start":{"line":175,"column":27},"end":{"line":210,"column":3}},"line":175},"12":{"name":"(anonymous_12)","decl":{"start":{"line":218,"column":2},"end":{"line":218,"column":3}},"loc":{"start":{"line":218,"column":20},"end":{"line":241,"column":3}},"line":218},"13":{"name":"(anonymous_13)","decl":{"start":{"line":249,"column":2},"end":{"line":249,"column":3}},"loc":{"start":{"line":249,"column":17},"end":{"line":251,"column":3}},"line":249},"14":{"name":"(anonymous_14)","decl":{"start":{"line":250,"column":11},"end":{"line":250,"column":12}},"loc":{"start":{"line":250,"column":24},"end":{"line":250,"column":61}},"line":250},"15":{"name":"(anonymous_15)","decl":{"start":{"line":250,"column":37},"end":{"line":250,"column":38}},"loc":{"start":{"line":250,"column":43},"end":{"line":250,"column":54}},"line":250},"16":{"name":"(anonymous_16)","decl":{"start":{"line":257,"column":2},"end":{"line":257,"column":3}},"loc":{"start":{"line":257,"column":54},"end":{"line":291,"column":3}},"line":257},"17":{"name":"(anonymous_17)","decl":{"start":{"line":297,"column":2},"end":{"line":297,"column":3}},"loc":{"start":{"line":297,"column":27},"end":{"line":303,"column":3}},"line":297},"18":{"name":"(anonymous_18)","decl":{"start":{"line":309,"column":2},"end":{"line":309,"column":3}},"loc":{"start":{"line":309,"column":33},"end":{"line":315,"column":3}},"line":309},"19":{"name":"(anonymous_19)","decl":{"start":{"line":321,"column":2},"end":{"line":321,"column":3}},"loc":{"start":{"line":321,"column":38},"end":{"line":342,"column":3}},"line":321},"20":{"name":"(anonymous_20)","decl":{"start":{"line":335,"column":34},"end":{"line":335,"column":35}},"loc":{"start":{"line":335,"column":48},"end":{"line":341,"column":5}},"line":335},"21":{"name":"(anonymous_21)","decl":{"start":{"line":348,"column":2},"end":{"line":348,"column":3}},"loc":{"start":{"line":348,"column":31},"end":{"line":350,"column":3}},"line":348},"22":{"name":"(anonymous_22)","decl":{"start":{"line":356,"column":2},"end":{"line":356,"column":3}},"loc":{"start":{"line":356,"column":34},"end":{"line":361,"column":3}},"line":356},"23":{"name":"(anonymous_23)","decl":{"start":{"line":367,"column":2},"end":{"line":367,"column":3}},"loc":{"start":{"line":367,"column":14},"end":{"line":395,"column":3}},"line":367},"24":{"name":"(anonymous_24)","decl":{"start":{"line":369,"column":35},"end":{"line":369,"column":36}},"loc":{"start":{"line":369,"column":52},"end":{"line":371,"column":5}},"line":369},"25":{"name":"(anonymous_25)","decl":{"start":{"line":400,"column":2},"end":{"line":400,"column":3}},"loc":{"start":{"line":400,"column":10},"end":{"line":411,"column":3}},"line":400},"26":{"name":"(anonymous_26)","decl":{"start":{"line":417,"column":2},"end":{"line":417,"column":3}},"loc":{"start":{"line":417,"column":22},"end":{"line":420,"column":3}},"line":417},"27":{"name":"(anonymous_27)","decl":{"start":{"line":427,"column":2},"end":{"line":427,"column":3}},"loc":{"start":{"line":427,"column":25},"end":{"line":429,"column":3}},"line":427}},"branchMap":{"0":{"loc":{"start":{"line":64,"column":4},"end":{"line":64,"column":30}},"type":"if","locations":[{"start":{"line":64,"column":4},"end":{"line":64,"column":30}},{"start":{},"end":{}}],"line":64},"1":{"loc":{"start":{"line":79,"column":6},"end":{"line":79,"column":32}},"type":"if","locations":[{"start":{"line":79,"column":6},"end":{"line":79,"column":32}},{"start":{},"end":{}}],"line":79},"2":{"loc":{"start":{"line":84,"column":6},"end":{"line":87,"column":7}},"type":"if","locations":[{"start":{"line":84,"column":6},"end":{"line":87,"column":7}},{"start":{},"end":{}}],"line":84},"3":{"loc":{"start":{"line":105,"column":4},"end":{"line":107,"column":5}},"type":"if","locations":[{"start":{"line":105,"column":4},"end":{"line":107,"column":5}},{"start":{},"end":{}}],"line":105},"4":{"loc":{"start":{"line":125,"column":6},"end":{"line":125,"column":32}},"type":"if","locations":[{"start":{"line":125,"column":6},"end":{"line":125,"column":32}},{"start":{},"end":{}}],"line":125},"5":{"loc":{"start":{"line":127,"column":6},"end":{"line":131,"column":7}},"type":"if","locations":[{"start":{"line":127,"column":6},"end":{"line":131,"column":7}},{"start":{},"end":{}}],"line":127},"6":{"loc":{"start":{"line":148,"column":4},"end":{"line":150,"column":5}},"type":"if","locations":[{"start":{"line":148,"column":4},"end":{"line":150,"column":5}},{"start":{},"end":{}}],"line":148},"7":{"loc":{"start":{"line":167,"column":4},"end":{"line":167,"column":36}},"type":"if","locations":[{"start":{"line":167,"column":4},"end":{"line":167,"column":36}},{"start":{},"end":{}}],"line":167},"8":{"loc":{"start":{"line":176,"column":4},"end":{"line":176,"column":36}},"type":"if","locations":[{"start":{"line":176,"column":4},"end":{"line":176,"column":36}},{"start":{},"end":{}}],"line":176},"9":{"loc":{"start":{"line":180,"column":30},"end":{"line":180,"column":66}},"type":"binary-expr","locations":[{"start":{"line":180,"column":30},"end":{"line":180,"column":44}},{"start":{"line":180,"column":48},"end":{"line":180,"column":66}}],"line":180},"10":{"loc":{"start":{"line":194,"column":4},"end":{"line":196,"column":5}},"type":"if","locations":[{"start":{"line":194,"column":4},"end":{"line":196,"column":5}},{"start":{},"end":{}}],"line":194},"11":{"loc":{"start":{"line":199,"column":4},"end":{"line":205,"column":5}},"type":"if","locations":[{"start":{"line":199,"column":4},"end":{"line":205,"column":5}},{"start":{},"end":{}}],"line":199},"12":{"loc":{"start":{"line":202,"column":6},"end":{"line":204,"column":7}},"type":"if","locations":[{"start":{"line":202,"column":6},"end":{"line":204,"column":7}},{"start":{},"end":{}}],"line":202},"13":{"loc":{"start":{"line":219,"column":4},"end":{"line":221,"column":5}},"type":"if","locations":[{"start":{"line":219,"column":4},"end":{"line":221,"column":5}},{"start":{},"end":{}}],"line":219},"14":{"loc":{"start":{"line":258,"column":4},"end":{"line":268,"column":5}},"type":"if","locations":[{"start":{"line":258,"column":4},"end":{"line":268,"column":5}},{"start":{},"end":{}}],"line":258},"15":{"loc":{"start":{"line":277,"column":4},"end":{"line":279,"column":5}},"type":"if","locations":[{"start":{"line":277,"column":4},"end":{"line":279,"column":5}},{"start":{},"end":{}}],"line":277},"16":{"loc":{"start":{"line":288,"column":4},"end":{"line":290,"column":5}},"type":"if","locations":[{"start":{"line":288,"column":4},"end":{"line":290,"column":5}},{"start":{},"end":{}}],"line":288},"17":{"loc":{"start":{"line":298,"column":4},"end":{"line":302,"column":5}},"type":"if","locations":[{"start":{"line":298,"column":4},"end":{"line":302,"column":5}},{"start":{"line":300,"column":11},"end":{"line":302,"column":5}}],"line":298},"18":{"loc":{"start":{"line":300,"column":11},"end":{"line":302,"column":5}},"type":"if","locations":[{"start":{"line":300,"column":11},"end":{"line":302,"column":5}},{"start":{},"end":{}}],"line":300},"19":{"loc":{"start":{"line":310,"column":4},"end":{"line":314,"column":5}},"type":"if","locations":[{"start":{"line":310,"column":4},"end":{"line":314,"column":5}},{"start":{"line":312,"column":11},"end":{"line":314,"column":5}}],"line":310},"20":{"loc":{"start":{"line":312,"column":11},"end":{"line":314,"column":5}},"type":"if","locations":[{"start":{"line":312,"column":11},"end":{"line":314,"column":5}},{"start":{},"end":{}}],"line":312},"21":{"loc":{"start":{"line":329,"column":4},"end":{"line":333,"column":5}},"type":"if","locations":[{"start":{"line":329,"column":4},"end":{"line":333,"column":5}},{"start":{"line":331,"column":11},"end":{"line":333,"column":5}}],"line":329},"22":{"loc":{"start":{"line":358,"column":4},"end":{"line":360,"column":5}},"type":"if","locations":[{"start":{"line":358,"column":4},"end":{"line":360,"column":5}},{"start":{},"end":{}}],"line":358},"23":{"loc":{"start":{"line":419,"column":48},"end":{"line":419,"column":80}},"type":"cond-expr","locations":[{"start":{"line":419,"column":58},"end":{"line":419,"column":67}},{"start":{"line":419,"column":70},"end":{"line":419,"column":80}}],"line":419},"24":{"loc":{"start":{"line":428,"column":11},"end":{"line":428,"column":51}},"type":"binary-expr","locations":[{"start":{"line":428,"column":11},"end":{"line":428,"column":43}},{"start":{"line":428,"column":47},"end":{"line":428,"column":51}}],"line":428}},"s":{"0":45,"1":45,"2":45,"3":45,"4":45,"5":45,"6":45,"7":0,"8":45,"9":45,"10":46,"11":1,"12":0,"13":1,"14":1,"15":1,"16":1,"17":1,"18":1,"19":1,"20":46,"21":161,"22":161,"23":161,"24":30,"25":161,"26":161,"27":161,"28":5475,"29":161,"30":46,"31":46,"32":0,"33":46,"34":35,"35":35,"36":35,"37":46,"38":46,"39":124,"40":124,"41":124,"42":21,"43":124,"44":154,"45":2,"46":1,"47":1,"48":1,"49":155,"50":3,"51":152,"52":152,"53":152,"54":152,"55":152,"56":152,"57":152,"58":28,"59":152,"60":1,"61":1,"62":0,"63":152,"64":152,"65":214,"66":1,"67":213,"68":213,"69":213,"70":210,"71":210,"72":210,"73":210,"74":3,"75":3,"76":3,"77":3,"78":1,"79":1,"80":1,"81":213,"82":17,"83":213,"84":213,"85":213,"86":213,"87":213,"88":213,"89":213,"90":3,"91":213,"92":213,"93":64,"94":161,"95":2,"96":159,"97":1,"98":124,"99":2,"100":122,"101":1,"102":9,"103":9,"104":4,"105":5,"106":9,"107":8,"108":8,"109":1,"110":9,"111":1,"112":1,"113":1,"114":2,"115":2,"116":1,"117":2,"118":1,"119":1,"120":1,"121":1,"122":1,"123":1,"124":1,"125":1,"126":1,"127":5,"128":5,"129":7,"130":8},"f":{"0":45,"1":45,"2":46,"3":1,"4":161,"5":5475,"6":46,"7":46,"8":124,"9":154,"10":2,"11":155,"12":214,"13":1,"14":1,"15":1,"16":213,"17":161,"18":124,"19":9,"20":8,"21":9,"22":1,"23":2,"24":1,"25":1,"26":5,"27":7},"b":{"0":[0,45],"1":[0,1],"2":[1,0],"3":[30,131],"4":[0,46],"5":[35,11],"6":[21,103],"7":[1,1],"8":[3,152],"9":[152,151],"10":[28,124],"11":[1,151],"12":[0,1],"13":[1,213],"14":[17,196],"15":[3,210],"16":[64,149],"17":[2,159],"18":[1,158],"19":[2,122],"20":[1,121],"21":[4,5],"22":[1,0],"23":[2,3],"24":[7,2]},"_coverageSchema":"1a1c01bbd47fc00a2c39e90264f33305004495a9","hash":"69c8e04be0fe99207942851f7e56a0bddb223ff7"}
,"/home/william/git/paperclips/src/game/systems/achievements.js": {"path":"/home/william/git/paperclips/src/game/systems/achievements.js","statementMap":{"0":{"start":{"line":14,"column":35},"end":{"line":22,"column":1}},"1":{"start":{"line":28,"column":33},"end":{"line":34,"column":1}},"2":{"start":{"line":40,"column":21},"end":{"line":406,"column":1}},"3":{"start":{"line":49,"column":26},"end":{"line":49,"column":52}},"4":{"start":{"line":50,"column":25},"end":{"line":50,"column":59}},"5":{"start":{"line":61,"column":26},"end":{"line":61,"column":59}},"6":{"start":{"line":62,"column":25},"end":{"line":62,"column":66}},"7":{"start":{"line":73,"column":26},"end":{"line":73,"column":60}},"8":{"start":{"line":74,"column":25},"end":{"line":74,"column":67}},"9":{"start":{"line":85,"column":26},"end":{"line":85,"column":63}},"10":{"start":{"line":86,"column":25},"end":{"line":86,"column":70}},"11":{"start":{"line":97,"column":26},"end":{"line":97,"column":66}},"12":{"start":{"line":98,"column":25},"end":{"line":98,"column":73}},"13":{"start":{"line":109,"column":26},"end":{"line":109,"column":69}},"14":{"start":{"line":110,"column":25},"end":{"line":110,"column":76}},"15":{"start":{"line":121,"column":26},"end":{"line":121,"column":72}},"16":{"start":{"line":122,"column":25},"end":{"line":122,"column":79}},"17":{"start":{"line":134,"column":26},"end":{"line":134,"column":55}},"18":{"start":{"line":135,"column":26},"end":{"line":135,"column":63}},"19":{"start":{"line":146,"column":26},"end":{"line":146,"column":49}},"20":{"start":{"line":147,"column":25},"end":{"line":147,"column":56}},"21":{"start":{"line":158,"column":26},"end":{"line":158,"column":56}},"22":{"start":{"line":159,"column":25},"end":{"line":159,"column":63}},"23":{"start":{"line":170,"column":26},"end":{"line":170,"column":58}},"24":{"start":{"line":171,"column":25},"end":{"line":171,"column":65}},"25":{"start":{"line":183,"column":26},"end":{"line":183,"column":69}},"26":{"start":{"line":184,"column":25},"end":{"line":184,"column":81}},"27":{"start":{"line":195,"column":26},"end":{"line":195,"column":62}},"28":{"start":{"line":196,"column":25},"end":{"line":196,"column":69}},"29":{"start":{"line":207,"column":26},"end":{"line":207,"column":62}},"30":{"start":{"line":208,"column":25},"end":{"line":208,"column":69}},"31":{"start":{"line":219,"column":26},"end":{"line":219,"column":59}},"32":{"start":{"line":220,"column":25},"end":{"line":220,"column":66}},"33":{"start":{"line":233,"column":6},"end":{"line":233,"column":81}},"34":{"start":{"line":234,"column":26},"end":{"line":234,"column":71}},"35":{"start":{"line":247,"column":6},"end":{"line":247,"column":80}},"36":{"start":{"line":248,"column":26},"end":{"line":248,"column":70}},"37":{"start":{"line":261,"column":26},"end":{"line":261,"column":67}},"38":{"start":{"line":262,"column":25},"end":{"line":262,"column":79}},"39":{"start":{"line":273,"column":26},"end":{"line":273,"column":68}},"40":{"start":{"line":274,"column":25},"end":{"line":274,"column":80}},"41":{"start":{"line":285,"column":26},"end":{"line":285,"column":58}},"42":{"start":{"line":286,"column":26},"end":{"line":286,"column":66}},"43":{"start":{"line":297,"column":26},"end":{"line":297,"column":64}},"44":{"start":{"line":298,"column":25},"end":{"line":298,"column":76}},"45":{"start":{"line":310,"column":26},"end":{"line":310,"column":60}},"46":{"start":{"line":311,"column":25},"end":{"line":311,"column":72}},"47":{"start":{"line":322,"column":26},"end":{"line":322,"column":62}},"48":{"start":{"line":323,"column":25},"end":{"line":323,"column":74}},"49":{"start":{"line":334,"column":26},"end":{"line":334,"column":53}},"50":{"start":{"line":335,"column":25},"end":{"line":335,"column":65}},"51":{"start":{"line":348,"column":6},"end":{"line":348,"column":80}},"52":{"start":{"line":350,"column":6},"end":{"line":350,"column":91}},"53":{"start":{"line":363,"column":6},"end":{"line":365,"column":35}},"54":{"start":{"line":367,"column":6},"end":{"line":371,"column":11}},"55":{"start":{"line":383,"column":26},"end":{"line":383,"column":59}},"56":{"start":{"line":384,"column":26},"end":{"line":384,"column":67}},"57":{"start":{"line":398,"column":6},"end":{"line":398,"column":19}},"58":{"start":{"line":401,"column":23},"end":{"line":401,"column":69}},"59":{"start":{"line":402,"column":6},"end":{"line":402,"column":68}},"60":{"start":{"line":402,"column":37},"end":{"line":402,"column":59}},"61":{"start":{"line":413,"column":4},"end":{"line":413,"column":37}},"62":{"start":{"line":414,"column":4},"end":{"line":414,"column":24}},"63":{"start":{"line":415,"column":4},"end":{"line":415,"column":32}},"64":{"start":{"line":416,"column":4},"end":{"line":416,"column":30}},"65":{"start":{"line":419,"column":4},"end":{"line":438,"column":5}},"66":{"start":{"line":420,"column":6},"end":{"line":437,"column":9}},"67":{"start":{"line":441,"column":4},"end":{"line":441,"column":32}},"68":{"start":{"line":442,"column":4},"end":{"line":442,"column":41}},"69":{"start":{"line":449,"column":4},"end":{"line":449,"column":57}},"70":{"start":{"line":452,"column":4},"end":{"line":459,"column":13}},"71":{"start":{"line":453,"column":26},"end":{"line":453,"column":36}},"72":{"start":{"line":454,"column":24},"end":{"line":454,"column":66}},"73":{"start":{"line":455,"column":6},"end":{"line":455,"column":40}},"74":{"start":{"line":457,"column":23},"end":{"line":457,"column":66}},"75":{"start":{"line":458,"column":6},"end":{"line":458,"column":67}},"76":{"start":{"line":466,"column":4},"end":{"line":515,"column":5}},"77":{"start":{"line":467,"column":20},"end":{"line":474,"column":7}},"78":{"start":{"line":476,"column":23},"end":{"line":476,"column":67}},"79":{"start":{"line":477,"column":23},"end":{"line":477,"column":67}},"80":{"start":{"line":479,"column":6},"end":{"line":512,"column":7}},"81":{"start":{"line":480,"column":8},"end":{"line":511,"column":9}},"82":{"start":{"line":482,"column":10},"end":{"line":498,"column":11}},"83":{"start":{"line":483,"column":38},"end":{"line":483,"column":79}},"84":{"start":{"line":484,"column":34},"end":{"line":486,"column":20}},"85":{"start":{"line":485,"column":23},"end":{"line":485,"column":46}},"86":{"start":{"line":489,"column":12},"end":{"line":489,"column":56}},"87":{"start":{"line":490,"column":12},"end":{"line":490,"column":41}},"88":{"start":{"line":491,"column":12},"end":{"line":491,"column":72}},"89":{"start":{"line":494,"column":12},"end":{"line":496,"column":13}},"90":{"start":{"line":495,"column":14},"end":{"line":495,"column":41}},"91":{"start":{"line":497,"column":12},"end":{"line":497,"column":21}},"92":{"start":{"line":501,"column":34},"end":{"line":501,"column":61}},"93":{"start":{"line":502,"column":10},"end":{"line":505,"column":11}},"94":{"start":{"line":503,"column":12},"end":{"line":503,"column":43}},"95":{"start":{"line":504,"column":12},"end":{"line":504,"column":74}},"96":{"start":{"line":508,"column":10},"end":{"line":510,"column":11}},"97":{"start":{"line":509,"column":12},"end":{"line":509,"column":39}},"98":{"start":{"line":514,"column":6},"end":{"line":514,"column":70}},"99":{"start":{"line":523,"column":24},"end":{"line":523,"column":56}},"100":{"start":{"line":524,"column":4},"end":{"line":524,"column":29}},"101":{"start":{"line":524,"column":22},"end":{"line":524,"column":29}},"102":{"start":{"line":526,"column":21},"end":{"line":526,"column":65}},"103":{"start":{"line":527,"column":4},"end":{"line":527,"column":40}},"104":{"start":{"line":527,"column":33},"end":{"line":527,"column":40}},"105":{"start":{"line":530,"column":4},"end":{"line":530,"column":41}},"106":{"start":{"line":531,"column":4},"end":{"line":531,"column":85}},"107":{"start":{"line":534,"column":18},"end":{"line":534,"column":53}},"108":{"start":{"line":535,"column":4},"end":{"line":535,"column":26}},"109":{"start":{"line":536,"column":4},"end":{"line":536,"column":45}},"110":{"start":{"line":537,"column":4},"end":{"line":537,"column":47}},"111":{"start":{"line":540,"column":4},"end":{"line":540,"column":45}},"112":{"start":{"line":541,"column":4},"end":{"line":541,"column":36}},"113":{"start":{"line":544,"column":4},"end":{"line":544,"column":38}},"114":{"start":{"line":546,"column":4},"end":{"line":546,"column":67}},"115":{"start":{"line":553,"column":4},"end":{"line":553,"column":73}},"116":{"start":{"line":553,"column":66},"end":{"line":553,"column":73}},"117":{"start":{"line":555,"column":4},"end":{"line":555,"column":29}},"118":{"start":{"line":556,"column":24},"end":{"line":556,"column":54}},"119":{"start":{"line":559,"column":4},"end":{"line":559,"column":39}},"120":{"start":{"line":562,"column":4},"end":{"line":565,"column":13}},"121":{"start":{"line":563,"column":6},"end":{"line":563,"column":32}},"122":{"start":{"line":564,"column":6},"end":{"line":564,"column":38}},"123":{"start":{"line":574,"column":18},"end":{"line":574,"column":81}},"124":{"start":{"line":575,"column":4},"end":{"line":575,"column":32}},"125":{"start":{"line":583,"column":4},"end":{"line":583,"column":34}},"126":{"start":{"line":591,"column":4},"end":{"line":591,"column":66}},"127":{"start":{"line":591,"column":50},"end":{"line":591,"column":64}},"128":{"start":{"line":599,"column":4},"end":{"line":605,"column":7}},"129":{"start":{"line":600,"column":6},"end":{"line":604,"column":7}},"130":{"start":{"line":601,"column":8},"end":{"line":601,"column":30}},"131":{"start":{"line":603,"column":8},"end":{"line":603,"column":81}},"132":{"start":{"line":614,"column":24},"end":{"line":614,"column":56}},"133":{"start":{"line":615,"column":4},"end":{"line":615,"column":31}},"134":{"start":{"line":615,"column":22},"end":{"line":615,"column":31}},"135":{"start":{"line":617,"column":21},"end":{"line":617,"column":81}},"136":{"start":{"line":618,"column":23},"end":{"line":618,"column":65}},"137":{"start":{"line":619,"column":4},"end":{"line":619,"column":37}},"138":{"start":{"line":628,"column":4},"end":{"line":628,"column":83}},"139":{"start":{"line":628,"column":58},"end":{"line":628,"column":81}},"140":{"start":{"line":636,"column":18},"end":{"line":636,"column":53}},"141":{"start":{"line":637,"column":18},"end":{"line":637,"column":55}},"142":{"start":{"line":639,"column":4},"end":{"line":645,"column":6}},"143":{"start":{"line":653,"column":18},"end":{"line":653,"column":20}},"144":{"start":{"line":654,"column":21},"end":{"line":654,"column":65}},"145":{"start":{"line":656,"column":4},"end":{"line":665,"column":5}},"146":{"start":{"line":657,"column":27},"end":{"line":657,"column":67}},"147":{"start":{"line":658,"column":28},"end":{"line":658,"column":77}},"148":{"start":{"line":658,"column":55},"end":{"line":658,"column":69}},"149":{"start":{"line":660,"column":6},"end":{"line":664,"column":8}},"150":{"start":{"line":667,"column":4},"end":{"line":667,"column":17}},"151":{"start":{"line":675,"column":18},"end":{"line":675,"column":20}},"152":{"start":{"line":676,"column":21},"end":{"line":676,"column":65}},"153":{"start":{"line":678,"column":4},"end":{"line":687,"column":5}},"154":{"start":{"line":679,"column":27},"end":{"line":679,"column":94}},"155":{"start":{"line":679,"column":74},"end":{"line":679,"column":93}},"156":{"start":{"line":680,"column":28},"end":{"line":680,"column":77}},"157":{"start":{"line":680,"column":55},"end":{"line":680,"column":69}},"158":{"start":{"line":682,"column":6},"end":{"line":686,"column":8}},"159":{"start":{"line":689,"column":4},"end":{"line":689,"column":17}},"160":{"start":{"line":697,"column":4},"end":{"line":703,"column":6}},"161":{"start":{"line":711,"column":18},"end":{"line":711,"column":38}},"162":{"start":{"line":712,"column":21},"end":{"line":712,"column":65}},"163":{"start":{"line":713,"column":27},"end":{"line":715,"column":12}},"164":{"start":{"line":714,"column":13},"end":{"line":714,"column":71}},"165":{"start":{"line":717,"column":4},"end":{"line":722,"column":6}},"166":{"start":{"line":729,"column":18},"end":{"line":729,"column":76}},"167":{"start":{"line":730,"column":4},"end":{"line":730,"column":59}},"168":{"start":{"line":731,"column":4},"end":{"line":731,"column":29}},"169":{"start":{"line":738,"column":18},"end":{"line":738,"column":73}},"170":{"start":{"line":739,"column":4},"end":{"line":739,"column":56}},"171":{"start":{"line":740,"column":4},"end":{"line":740,"column":29}},"172":{"start":{"line":747,"column":18},"end":{"line":747,"column":69}},"173":{"start":{"line":748,"column":4},"end":{"line":748,"column":52}},"174":{"start":{"line":749,"column":4},"end":{"line":749,"column":29}},"175":{"start":{"line":757,"column":16},"end":{"line":757,"column":67}},"176":{"start":{"line":758,"column":4},"end":{"line":760,"column":5}},"177":{"start":{"line":759,"column":6},"end":{"line":759,"column":64}},"178":{"start":{"line":761,"column":4},"end":{"line":761,"column":63}},"179":{"start":{"line":762,"column":4},"end":{"line":762,"column":29}},"180":{"start":{"line":769,"column":4},"end":{"line":769,"column":55}},"181":{"start":{"line":774,"column":33},"end":{"line":774,"column":56}}},"fnMap":{"0":{"name":"(anonymous_0)","decl":{"start":{"line":49,"column":15},"end":{"line":49,"column":16}},"loc":{"start":{"line":49,"column":26},"end":{"line":49,"column":52}},"line":49},"1":{"name":"(anonymous_1)","decl":{"start":{"line":50,"column":14},"end":{"line":50,"column":15}},"loc":{"start":{"line":50,"column":25},"end":{"line":50,"column":59}},"line":50},"2":{"name":"(anonymous_2)","decl":{"start":{"line":61,"column":15},"end":{"line":61,"column":16}},"loc":{"start":{"line":61,"column":26},"end":{"line":61,"column":59}},"line":61},"3":{"name":"(anonymous_3)","decl":{"start":{"line":62,"column":14},"end":{"line":62,"column":15}},"loc":{"start":{"line":62,"column":25},"end":{"line":62,"column":66}},"line":62},"4":{"name":"(anonymous_4)","decl":{"start":{"line":73,"column":15},"end":{"line":73,"column":16}},"loc":{"start":{"line":73,"column":26},"end":{"line":73,"column":60}},"line":73},"5":{"name":"(anonymous_5)","decl":{"start":{"line":74,"column":14},"end":{"line":74,"column":15}},"loc":{"start":{"line":74,"column":25},"end":{"line":74,"column":67}},"line":74},"6":{"name":"(anonymous_6)","decl":{"start":{"line":85,"column":15},"end":{"line":85,"column":16}},"loc":{"start":{"line":85,"column":26},"end":{"line":85,"column":63}},"line":85},"7":{"name":"(anonymous_7)","decl":{"start":{"line":86,"column":14},"end":{"line":86,"column":15}},"loc":{"start":{"line":86,"column":25},"end":{"line":86,"column":70}},"line":86},"8":{"name":"(anonymous_8)","decl":{"start":{"line":97,"column":15},"end":{"line":97,"column":16}},"loc":{"start":{"line":97,"column":26},"end":{"line":97,"column":66}},"line":97},"9":{"name":"(anonymous_9)","decl":{"start":{"line":98,"column":14},"end":{"line":98,"column":15}},"loc":{"start":{"line":98,"column":25},"end":{"line":98,"column":73}},"line":98},"10":{"name":"(anonymous_10)","decl":{"start":{"line":109,"column":15},"end":{"line":109,"column":16}},"loc":{"start":{"line":109,"column":26},"end":{"line":109,"column":69}},"line":109},"11":{"name":"(anonymous_11)","decl":{"start":{"line":110,"column":14},"end":{"line":110,"column":15}},"loc":{"start":{"line":110,"column":25},"end":{"line":110,"column":76}},"line":110},"12":{"name":"(anonymous_12)","decl":{"start":{"line":121,"column":15},"end":{"line":121,"column":16}},"loc":{"start":{"line":121,"column":26},"end":{"line":121,"column":72}},"line":121},"13":{"name":"(anonymous_13)","decl":{"start":{"line":122,"column":14},"end":{"line":122,"column":15}},"loc":{"start":{"line":122,"column":25},"end":{"line":122,"column":79}},"line":122},"14":{"name":"(anonymous_14)","decl":{"start":{"line":134,"column":15},"end":{"line":134,"column":16}},"loc":{"start":{"line":134,"column":26},"end":{"line":134,"column":55}},"line":134},"15":{"name":"(anonymous_15)","decl":{"start":{"line":135,"column":14},"end":{"line":135,"column":15}},"loc":{"start":{"line":135,"column":26},"end":{"line":135,"column":63}},"line":135},"16":{"name":"(anonymous_16)","decl":{"start":{"line":146,"column":15},"end":{"line":146,"column":16}},"loc":{"start":{"line":146,"column":26},"end":{"line":146,"column":49}},"line":146},"17":{"name":"(anonymous_17)","decl":{"start":{"line":147,"column":14},"end":{"line":147,"column":15}},"loc":{"start":{"line":147,"column":25},"end":{"line":147,"column":56}},"line":147},"18":{"name":"(anonymous_18)","decl":{"start":{"line":158,"column":15},"end":{"line":158,"column":16}},"loc":{"start":{"line":158,"column":26},"end":{"line":158,"column":56}},"line":158},"19":{"name":"(anonymous_19)","decl":{"start":{"line":159,"column":14},"end":{"line":159,"column":15}},"loc":{"start":{"line":159,"column":25},"end":{"line":159,"column":63}},"line":159},"20":{"name":"(anonymous_20)","decl":{"start":{"line":170,"column":15},"end":{"line":170,"column":16}},"loc":{"start":{"line":170,"column":26},"end":{"line":170,"column":58}},"line":170},"21":{"name":"(anonymous_21)","decl":{"start":{"line":171,"column":14},"end":{"line":171,"column":15}},"loc":{"start":{"line":171,"column":25},"end":{"line":171,"column":65}},"line":171},"22":{"name":"(anonymous_22)","decl":{"start":{"line":183,"column":15},"end":{"line":183,"column":16}},"loc":{"start":{"line":183,"column":26},"end":{"line":183,"column":69}},"line":183},"23":{"name":"(anonymous_23)","decl":{"start":{"line":184,"column":14},"end":{"line":184,"column":15}},"loc":{"start":{"line":184,"column":25},"end":{"line":184,"column":81}},"line":184},"24":{"name":"(anonymous_24)","decl":{"start":{"line":195,"column":15},"end":{"line":195,"column":16}},"loc":{"start":{"line":195,"column":26},"end":{"line":195,"column":62}},"line":195},"25":{"name":"(anonymous_25)","decl":{"start":{"line":196,"column":14},"end":{"line":196,"column":15}},"loc":{"start":{"line":196,"column":25},"end":{"line":196,"column":69}},"line":196},"26":{"name":"(anonymous_26)","decl":{"start":{"line":207,"column":15},"end":{"line":207,"column":16}},"loc":{"start":{"line":207,"column":26},"end":{"line":207,"column":62}},"line":207},"27":{"name":"(anonymous_27)","decl":{"start":{"line":208,"column":14},"end":{"line":208,"column":15}},"loc":{"start":{"line":208,"column":25},"end":{"line":208,"column":69}},"line":208},"28":{"name":"(anonymous_28)","decl":{"start":{"line":219,"column":15},"end":{"line":219,"column":16}},"loc":{"start":{"line":219,"column":26},"end":{"line":219,"column":59}},"line":219},"29":{"name":"(anonymous_29)","decl":{"start":{"line":220,"column":14},"end":{"line":220,"column":15}},"loc":{"start":{"line":220,"column":25},"end":{"line":220,"column":66}},"line":220},"30":{"name":"(anonymous_30)","decl":{"start":{"line":232,"column":15},"end":{"line":232,"column":16}},"loc":{"start":{"line":233,"column":6},"end":{"line":233,"column":81}},"line":233},"31":{"name":"(anonymous_31)","decl":{"start":{"line":234,"column":14},"end":{"line":234,"column":15}},"loc":{"start":{"line":234,"column":26},"end":{"line":234,"column":71}},"line":234},"32":{"name":"(anonymous_32)","decl":{"start":{"line":246,"column":15},"end":{"line":246,"column":16}},"loc":{"start":{"line":247,"column":6},"end":{"line":247,"column":80}},"line":247},"33":{"name":"(anonymous_33)","decl":{"start":{"line":248,"column":14},"end":{"line":248,"column":15}},"loc":{"start":{"line":248,"column":26},"end":{"line":248,"column":70}},"line":248},"34":{"name":"(anonymous_34)","decl":{"start":{"line":261,"column":15},"end":{"line":261,"column":16}},"loc":{"start":{"line":261,"column":26},"end":{"line":261,"column":67}},"line":261},"35":{"name":"(anonymous_35)","decl":{"start":{"line":262,"column":14},"end":{"line":262,"column":15}},"loc":{"start":{"line":262,"column":25},"end":{"line":262,"column":79}},"line":262},"36":{"name":"(anonymous_36)","decl":{"start":{"line":273,"column":15},"end":{"line":273,"column":16}},"loc":{"start":{"line":273,"column":26},"end":{"line":273,"column":68}},"line":273},"37":{"name":"(anonymous_37)","decl":{"start":{"line":274,"column":14},"end":{"line":274,"column":15}},"loc":{"start":{"line":274,"column":25},"end":{"line":274,"column":80}},"line":274},"38":{"name":"(anonymous_38)","decl":{"start":{"line":285,"column":15},"end":{"line":285,"column":16}},"loc":{"start":{"line":285,"column":26},"end":{"line":285,"column":58}},"line":285},"39":{"name":"(anonymous_39)","decl":{"start":{"line":286,"column":14},"end":{"line":286,"column":15}},"loc":{"start":{"line":286,"column":26},"end":{"line":286,"column":66}},"line":286},"40":{"name":"(anonymous_40)","decl":{"start":{"line":297,"column":15},"end":{"line":297,"column":16}},"loc":{"start":{"line":297,"column":26},"end":{"line":297,"column":64}},"line":297},"41":{"name":"(anonymous_41)","decl":{"start":{"line":298,"column":14},"end":{"line":298,"column":15}},"loc":{"start":{"line":298,"column":25},"end":{"line":298,"column":76}},"line":298},"42":{"name":"(anonymous_42)","decl":{"start":{"line":310,"column":15},"end":{"line":310,"column":16}},"loc":{"start":{"line":310,"column":26},"end":{"line":310,"column":60}},"line":310},"43":{"name":"(anonymous_43)","decl":{"start":{"line":311,"column":14},"end":{"line":311,"column":15}},"loc":{"start":{"line":311,"column":25},"end":{"line":311,"column":72}},"line":311},"44":{"name":"(anonymous_44)","decl":{"start":{"line":322,"column":15},"end":{"line":322,"column":16}},"loc":{"start":{"line":322,"column":26},"end":{"line":322,"column":62}},"line":322},"45":{"name":"(anonymous_45)","decl":{"start":{"line":323,"column":14},"end":{"line":323,"column":15}},"loc":{"start":{"line":323,"column":25},"end":{"line":323,"column":74}},"line":323},"46":{"name":"(anonymous_46)","decl":{"start":{"line":334,"column":15},"end":{"line":334,"column":16}},"loc":{"start":{"line":334,"column":26},"end":{"line":334,"column":53}},"line":334},"47":{"name":"(anonymous_47)","decl":{"start":{"line":335,"column":14},"end":{"line":335,"column":15}},"loc":{"start":{"line":335,"column":25},"end":{"line":335,"column":65}},"line":335},"48":{"name":"(anonymous_48)","decl":{"start":{"line":347,"column":15},"end":{"line":347,"column":16}},"loc":{"start":{"line":348,"column":6},"end":{"line":348,"column":80}},"line":348},"49":{"name":"(anonymous_49)","decl":{"start":{"line":349,"column":14},"end":{"li
[...]
:{"start":{"line":373,"column":9},"end":{"line":373,"column":24}},"loc":{"start":{"line":373,"column":46},"end":{"line":390,"column":1}},"line":373},"23":{"name":"formatNumberCached","decl":{"start":{"line":398,"column":16},"end":{"line":398,"column":34}},"loc":{"start":{"line":398,"column":55},"end":{"line":400,"column":1}},"line":398},"24":{"name":"(anonymous_24)","decl":{"start":{"line":399,"column":30},"end":{"line":399,"column":31}},"loc":{"start":{"line":399,"column":37},"end":{"line":399,"column":63}},"line":399},"25":{"name":"formatCurrencyCached","decl":{"start":{"line":408,"column":16},"end":{"line":408,"column":36}},"loc":{"start":{"line":408,"column":63},"end":{"line":410,"column":1}},"line":408},"26":{"name":"(anonymous_26)","decl":{"start":{"line":409,"column":33},"end":{"line":409,"column":34}},"loc":{"start":{"line":409,"column":40},"end":{"line":409,"column":68}},"line":409}},"branchMap":{"0":{"loc":{"start":{"line":16,"column":34},"end":{"line":16,"column":47}},"type":"default-arg","locations":[{"start":{"line":16,"column":46},"end":{"line":16,"column":47}}],"line":16},"1":{"loc":{"start":{"line":17,"column":2},"end":{"line":19,"column":3}},"type":"if","locations":[{"start":{"line":17,"column":2},"end":{"line":19,"column":3}},{"start":{},"end":{}}],"line":17},"2":{"loc":{"start":{"line":17,"column":6},"end":{"line":17,"column":53}},"type":"binary-expr","locations":[{"start":{"line":17,"column":6},"end":{"line":17,"column":18}},{"start":{"line":17,"column":22},"end":{"line":17,"column":39}},{"start":{"line":17,"column":43},"end":{"line":17,"column":53}}],"line":17},"3":{"loc":{"start":{"line":25,"column":2},"end":{"line":27,"column":3}},"type":"if","locations":[{"start":{"line":25,"column":2},"end":{"line":27,"column":3}},{"start":{},"end":{}}],"line":25},"4":{"loc":{"start":{"line":25,"column":6},"end":{"line":25,"column":34}},"type":"binary-expr","locations":[{"start":{"line":25,"column":6},"end":{"line":25,"column":20}},{"start":{"line":25,"column":24},"end":{"line":25,"column":34}}],"line":25},"5":{"loc":{"start":{"line":26,"column":12},"end":{"line":26,"column":33}},"type":"cond-expr","locations":[{"start":{"line":26,"column":25},"end":{"line":26,"column":28}},{"start":{"line":26,"column":31},"end":{"line":26,"column":33}}],"line":26},"6":{"loc":{"start":{"line":30,"column":2},"end":{"line":35,"column":3}},"type":"if","locations":[{"start":{"line":30,"column":2},"end":{"line":35,"column":3}},{"start":{},"end":{}}],"line":30},"7":{"loc":{"start":{"line":31,"column":4},"end":{"line":33,"column":5}},"type":"if","locations":[{"start":{"line":31,"column":4},"end":{"line":33,"column":5}},{"start":{},"end":{}}],"line":31},"8":{"loc":{"start":{"line":38,"column":2},"end":{"line":40,"column":3}},"type":"if","locations":[{"start":{"line":38,"column":2},"end":{"line":40,"column":3}},{"start":{},"end":{}}],"line":38},"9":{"loc":{"start":{"line":39,"column":12},"end":{"line":39,"column":33}},"type":"cond-expr","locations":[{"start":{"line":39,"column":25},"end":{"line":39,"column":28}},{"start":{"line":39,"column":31},"end":{"line":39,"column":33}}],"line":39},"10":{"loc":{"start":{"line":51,"column":4},"end":{"line":54,"column":5}},"type":"if","locations":[{"start":{"line":51,"column":4},"end":{"line":54,"column":5}},{"start":{},"end":{}}],"line":51},"11":{"loc":{"start":{"line":53,"column":14},"end":{"line":53,"column":35}},"type":"cond-expr","locations":[{"start":{"line":53,"column":27},"end":{"line":53,"column":30}},{"start":{"line":53,"column":33},"end":{"line":53,"column":35}}],"line":53},"12":{"loc":{"start":{"line":66,"column":39},"end":{"line":66,"column":55}},"type":"default-arg","locations":[{"start":{"line":66,"column":51},"end":{"line":66,"column":55}}],"line":66},"13":{"loc":{"start":{"line":67,"column":2},"end":{"line":69,"column":3}},"type":"if","locations":[{"start":{"line":67,"column":2},"end":{"line":69,"column":3}},{"start":{},"end":{}}],"line":67},"14":{"loc":{"start":{"line":67,"column":6},"end":{"line":67,"column":62}},"type":"binary-expr","locations":[{"start":{"line":67,"column":6},"end":{"line":67,"column":21}},{"start":{"line":67,"column":25},"end":{"line":67,"column":45}},{"start":{"line":67,"column":49},"end":{"line":67,"column":62}}],"line":67},"15":{"loc":{"start":{"line":73,"column":17},"end":{"line":73,"column":40}},"type":"cond-expr","locations":[{"start":{"line":73,"column":30},"end":{"line":73,"column":34}},{"start":{"line":73,"column":37},"end":{"line":73,"column":40}}],"line":73},"16":{"loc":{"start":{"line":76,"column":2},"end":{"line":78,"column":3}},"type":"if","locations":[{"start":{"line":76,"column":2},"end":{"line":78,"column":3}},{"start":{},"end":{}}],"line":76},"17":{"loc":{"start":{"line":81,"column":2},"end":{"line":83,"column":3}},"type":"if","locations":[{"start":{"line":81,"column":2},"end":{"line":83,"column":3}},{"start":{},"end":{}}],"line":81},"18":{"loc":{"start":{"line":81,"column":6},"end":{"line":81,"column":32}},"type":"binary-expr","locations":[{"start":{"line":81,"column":6},"end":{"line":81,"column":15}},{"start":{"line":81,"column":19},"end":{"line":81,"column":32}}],"line":81},"19":{"loc":{"start":{"line":94,"column":40},"end":{"line":94,"column":53}},"type":"default-arg","locations":[{"start":{"line":94,"column":52},"end":{"line":94,"column":53}}],"line":94},"20":{"loc":{"start":{"line":95,"column":2},"end":{"line":97,"column":3}},"type":"if","locations":[{"start":{"line":95,"column":2},"end":{"line":97,"column":3}},{"start":{},"end":{}}],"line":95},"21":{"loc":{"start":{"line":95,"column":6},"end":{"line":95,"column":59}},"type":"binary-expr","locations":[{"start":{"line":95,"column":6},"end":{"line":95,"column":20}},{"start":{"line":95,"column":24},"end":{"line":95,"column":43}},{"start":{"line":95,"column":47},"end":{"line":95,"column":59}}],"line":95},"22":{"loc":{"start":{"line":108,"column":35},"end":{"line":108,"column":52}},"type":"default-arg","locations":[{"start":{"line":108,"column":47},"end":{"line":108,"column":52}}],"line":108},"23":{"loc":{"start":{"line":109,"column":2},"end":{"line":111,"column":3}},"type":"if","locations":[{"start":{"line":109,"column":2},"end":{"line":111,"column":3}},{"start":{},"end":{}}],"line":109},"24":{"loc":{"start":{"line":109,"column":6},"end":{"line":109,"column":50}},"type":"binary-expr","locations":[{"start":{"line":109,"column":6},"end":{"line":109,"column":17}},{"start":{"line":109,"column":21},"end":{"line":109,"column":37}},{"start":{"line":109,"column":41},"end":{"line":109,"column":50}}],"line":109},"25":{"loc":{"start":{"line":120,"column":2},"end":{"line":122,"column":3}},"type":"if","locations":[{"start":{"line":120,"column":2},"end":{"line":122,"column":3}},{"start":{},"end":{}}],"line":120},"26":{"loc":{"start":{"line":123,"column":2},"end":{"line":125,"column":3}},"type":"if","locations":[{"start":{"line":123,"column":2},"end":{"line":125,"column":3}},{"start":{},"end":{}}],"line":123},"27":{"loc":{"start":{"line":126,"column":2},"end":{"line":128,"column":3}},"type":"if","locations":[{"start":{"line":126,"column":2},"end":{"line":128,"column":3}},{"start":{},"end":{}}],"line":126},"28":{"loc":{"start":{"line":129,"column":2},"end":{"line":131,"column":3}},"type":"if","locations":[{"start":{"line":129,"column":2},"end":{"line":131,"column":3}},{"start":{},"end":{}}],"line":129},"29":{"loc":{"start":{"line":129,"column":6},"end":{"line":129,"column":39}},"type":"binary-expr","locations":[{"start":{"line":129,"column":6},"end":{"line":129,"column":17}},{"start":{"line":129,"column":21},"end":{"line":129,"column":39}}],"line":129},"30":{"loc":{"start":{"line":133,"column":2},"end":{"line":136,"column":3}},"type":"if","locations":[{"start":{"line":133,"column":2},"end":{"line":136,"column":3}},{"start":{},"end":{}}],"line":133},"31":{"loc":{"start":{"line":133,"column":6},"end":{"line":133,"column":53}},"type":"binary-expr","locations":[{"start":{"line":133,"column":6},"end":{"line":133,"column":15}},{"start":{"line":133,"column":19},"end":{"line":133,"column":37}},{"start":{"line":133,"column":41},"end":{"line":133,"column":53}}],"line":133},"32":{"loc":{"start":{"line":147,"column":33},"end":{"line":147,"column":47}},"type":"default-arg","locations":[{"start":{"line":147,"column":40},"end":{"line":147,"column":47}}],"line":147},"33":{"loc":{"start":{"line":148,"column":2},"end":{"line":150,"column":3}},"type":"if","locations":[{"start":{"line":148,"column":2},"end":{"line":150,"column":3}},{"start":{},"end":{}}],"line":148},"34":{"loc":{"start":{"line":148,"column":6},"end":{"line":148,"column":56}},"type":"binary-expr","locations":[{"start":{"line":148,"column":6},"end":{"line":148,"column":19}},{"start":{"line":148,"column":23},"end":{"line":148,"column":41}},{"start":{"line":148,"column":45},"end":{"line":148,"column":56}}],"line":148},"35":{"loc":{"start":{"line":161,"column":2},"end":{"line":163,"column":3}},"type":"if","locations":[{"start":{"line":161,"column":2},"end":{"line":163,"column":3}},{"start":{},"end":{}}],"line":161},"36":{"loc":{"start":{"line":161,"column":6},"end":{"line":161,"column":59}},"type":"binary-expr","locations":[{"start":{"line":161,"column":6},"end":{"line":161,"column":20}},{"start":{"line":161,"column":24},"end":{"line":161,"column":43}},{"start":{"line":161,"column":47},"end":{"line":161,"column":59}}],"line":161},"37":{"loc":{"start":{"line":169,"column":9},"end":{"line":169,"column":53}},"type":"binary-expr","locations":[{"start":{"line":169,"column":9},"end":{"line":169,"column":21}},{"start":{"line":169,"column":25},"end":{"line":169,"column":53}}],"line":169},"38":{"loc":{"start":{"line":174,"column":25},"end":{"line":174,"column":48}},"type":"cond-expr","locations":[{"start":{"line":174,"column":43},"end":{"line":174,"column":44}},{"start":{"line":174,"column":47},"end":{"line":174,"column":48}}],"line":174},"39":{"loc":{"start":{"line":183,"column":2},"end":{"line":185,"column":3}},"type":"if","locations":[{"start":{"line":183,"column":2},"end":{"line":185,"column":3}},{"start":{},"end":{}}],"line":183},"40":{"loc":{"start":{"line":183,"column":6},"end":{"line":183,"column":53}},"type":"binary-expr","locations":[{"start":{"line":183,"column":6},"end":{"line":183,"column":18}},{"start":{"line":183,"column":22},"end":{"line":183,"column":39}},{"start":{"line":183,"column":43},"end":{"line":183,"column":53}}],"line":183},"41":{"loc":{"start":{"line":190,"column":2},"end":{"line":192,"column":3}},"type":"if","locations":[{"start":{"line":190,"column":2},"end":{"line":192,"column":3}},{"start":{},"end":{}}],"line":190},"42":{"loc":{"start":{"line":190,"column":6},"end":{"line":190,"column":48}},"type":"binary-expr","locations":[{"start":{"line":190,"column":6},"end":{"line":190,"column":25}},{"start":{"line":190,"column":29},"end":{"line":190,"column":48}}],"line":190},"43":{"loc":{"start":{"line":194,"column":2},"end":{"line":203,"column":3}},"type":"switch","locations":[{"start":{"line":195,"column":4},"end":{"line":196,"column":24}},{"start":{"line":197,"column":4},"end":{"line":198,"column":24}},{"start":{"line":199,"column":4},"end":{"line":200,"column":24}},{"start":{"line":201,"column":4},"end":{"line":202,"column":24}}],"line":194},"44":{"loc":{"start":{"line":213,"column":2},"end":{"line":215,"column":3}},"type":"if","locations":[{"start":{"line":213,"column":2},"end":{"line":215,"column":3}},{"start":{},"end":{}}],"line":213},"45":{"loc":{"start":{"line":213,"column":6},"end":{"line":213,"column":39}},"type":"binary-expr","locations":[{"start":{"line":213,"column":6},"end":{"line":213,"column":11}},{"start":{"line":213,"column":15},"end":{"line":213,"column":39}}],"line":213},"46":{"loc":{"start":{"line":214,"column":11},"end":{"line":214,"column":21}},"type":"binary-expr","locations":[{"start":{"line":214,"column":11},"end":{"line":214,"column":15}},{"start":{"line":214,"column":19},"end":{"line":214,"column":21}}],"line":214},"47":{"loc":{"start":{"line":226,"column":2},"end":{"line":228,"column":3}},"type":"if","locations":[{"start":{"line":226,"column":2},"end":{"line":228,"column":3}},{"start":{},"end":{}}],"line":226},"48":{"loc":{"start":{"line":239,"column":2},"end":{"line":241,"column":3}},"type":"if","locations":[{"start":{"line":239,"column":2},"end":{"line":241,"column":3}},{"start":{},"end":{}}],"line":239},"49":{"loc":{"start":{"line":261,"column":4},"end":{"line":277,"column":5}},"type":"if","locations":[{"start":{"line":261,"column":4},"end":{"line":277,"column":5}},{"start":{"line":275,"column":11},"end":{"line":277,"column":5}}],"line":261},"50":{"loc":{"start":{"line":262,"column":6},"end":{"line":274,"column":7}},"type":"if","locations":[{"start":{"line":262,"column":6},"end":{"line":274,"column":7}},{"start":{"line":264,"column":13},"end":{"line":274,"column":7}}],"line":262},"51":{"loc":{"start":{"line":262,"column":10},"end":{"line":262,"column":58}},"type":"binary-expr","locations":[{"start":{"line":262,"column":10},"end":{"line":262,"column":30}},{"start":{"line":262,"column":34},"end":{"line":262,"column":58}}],"line":262},"52":{"loc":{"start":{"line":264,"column":13},"end":{"line":274,"column":7}},"type":"if","locations":[{"start":{"line":264,"column":13},"end":{"line":274,"column":7}},{"start":{"line":266,"column":13},"end":{"line":274,"column":7}}],"line":264},"53":{"loc":{"start":{"line":266,"column":13},"end":{"line":274,"column":7}},"type":"if","locations":[{"start":{"line":266,"column":13},"end":{"line":274,"column":7}},{"start":{"line":268,"column":13},"end":{"line":274,"column":7}}],"line":266},"54":{"loc":{"start":{"line":266,"column":17},"end":{"line":266,"column":65}},"type":"binary-expr","locations":[{"start":{"line":266,"column":17},"end":{"line":266,"column":40}},{"start":{"line":266,"column":44},"end":{"line":266,"column":65}}],"line":266},"55":{"loc":{"start":{"line":268,"column":13},"end":{"line":274,"column":7}},"type":"if","locations":[{"start":{"line":268,"column":13},"end":{"line":274,"column":7}},{"start":{"line":270,"column":13},"end":{"line":274,"column":7}}],"line":268},"56":{"loc":{"start":{"line":268,"column":17},"end":{"line":268,"column":63}},"type":"binary-expr","locations":[{"start":{"line":268,"column":17},"end":{"line":268,"column":39}},{"start":{"line":268,"column":43},"end":{"line":268,"column":63}}],"line":268},"57":{"loc":{"start":{"line":270,"column":13},"end":{"line":274,"column":7}},"type":"if","locations":[{"start":{"line":270,"column":13},"end":{"line":274,"column":7}},{"start":{"line":272,"column":13},"end":{"line":274,"column":7}}],"line":270},"58":{"loc":{"start":{"line":270,"column":17},"end":{"line":270,"column":90}},"type":"binary-expr","locations":[{"start":{"line":270,"column":17},"end":{"line":270,"column":41}},{"start":{"line":270,"column":45},"end":{"line":270,"column":65}},{"start":{"line":270,"column":69},"end":{"line":270,"column":90}}],"line":270},"59":{"loc":{"start":{"line":294,"column":48},"end":{"line":294,"column":58}},"type":"default-arg","locations":[{"start":{"line":294,"column":56},"end":{"line":294,"column":58}}],"line":294},"60":{"loc":{"start":{"line":294,"column":60},"end":{"line":294,"column":74}},"type":"default-arg","locations":[{"start":{"line":294,"column":71},"end":{"line":294,"column":74}}],"line":294},"61":{"loc":{"start":{"line":294,"column":76},"end":{"line":294,"column":91}},"type":"default-arg","locations":[{"start":{"line":294,"column":88},"end":{"line":294,"column":91}}],"line":294},"62":{"loc":{"start":{"line":295,"column":2},"end":{"line":297,"column":3}},"type":"if","locations":[{"start":{"line":295,"column":2},"end":{"line":297,"column":3}},{"start":{},"end":{}}],"line":295},"63":{"loc":{"start":{"line":313,"column":2},"end":{"line":315,"column":3}},"type":"if","locations":[{"start":{"line":313,"column":2},"end":{"line":315,"column":3}},{"start":{},"end":{}}],"line":313},"64":{"loc":{"start":{"line":313,"column":6},"end":{"line":313,"column":27}},"type":"binary-expr","locations":[{"start":{"line":313,"column":6},"end":{"line":313,"column":11}},{"start":{"line":313,"column":15},"end":{"line":313,"column":27}}],"line":313},"65":{"loc":{"start":{"line":324,"column":34},"end":{"line":324,"column":52}},"type":"binary-expr","locations":[{"start":{"line":324,"column":34},"end":{"line":324,"column":46}},{"start":{"line":324,"column":50},"end":{"line":324,"column":52}}],"line":324},"66":{"loc":{"start":{"line":340,"column":20},"end":{"line":340,"column":38}},"type":"binary-expr","locations":[{"start":{"line":340,"column":20},"end":{"line":340,"column":32}},{"start":{"line":340,"column":36},"end":{"line":340,"column":38}}],"line":340},"67":{"loc":{"start":{"line":341,"column":8},"end":{"line":343,"column":9}},"type":"if","locations":[{"start":{"line":341,"column":8},"end":{"line":343,"column":9}},{"start":{},"end":{}}],"line":341},"68":{"loc":{"start":{"line":376,"column":2},"end":{"line":378,"column":3}},"type":"if","locations":[{"start":{"line":376,"column":2},"end":{"line":378,"column":3}},{"start":{},"end":{}}],"line":376},"69":{"loc":{"start":{"line":383,"column":2},"end":{"line":386,"column":3}},"type":"if","locations":[{"start":{"line":383,"column":2},"end":{"line":386,"column":3}},{"start":{},"end":{}}],"line":383},"70":{"loc":{"start":{"line":398,"column":40},"end":{"line":398,"column":53}},"type":"default-arg","locations":[{"start":{"line":398,"column":52},"end":{"line":398,"column":53}}],"line":398},"71":{"loc":{"start":{"line":408,"column":45},"end":{"line":408,"column":61}},"type":"default-arg","locations":[{"start":{"line":408,"column":57},"end":{"line":408,"column":61}}],"line":408}},"s":{"0":1192,"1":3,"2":1189,"3":1189,"4":1189,"5":7,"6":1182,"7":1029,"8":1017,"9":12,"10":153,"11":38,"12":115,"13":115,"14":460,"15":115,"16":115,"17":0,"18":22,"19":3,"20":19,"21":19,"22":19,"23":19,"24":5,"25":14,"26":11,"27":3,"28":15,"29":3,"30":12,"31":29,"32":3,"33":26,"34":26,"35":26,"36":26,"37":26,"38":26,"39":6,"40":26,"41":7,"42":26,"43":8,"44":26,"45":17,"46":26,"47":2,"48":2,"49":24,"50":17,"51":3,"52":14,"53":17,"54":3,"55":14,"56":14,"57":14,"58":14,"59":22,"60":22,"61":14,"62":20,"63":3,"64":17,"65":17,"66":17,"67":4,"68":13,"69":4,"70":2,"71":2,"72":5,"73":8,"74":5,"75":3,"76":8,"77":3,"78":5,"79":11,"80":17,"81":3,"82":14,"83":14,"84":2,"85":2,"86":9,"87":9,"88":7,"89":1,"90":6,"91":1,"92":5,"93":1,"94":4,"95":1,"96":3,"97":1,"98":2,"99":2,"100":9,"101":2,"102":10,"103":1,"104":9,"105":9,"106":9,"107":9,"108":6,"109":3,"110":3,"111":3,"112":3,"113":6,"114":12,"115":3,"116":6,"117":3,"118":3,"119":6,"120":3,"121":3,"122":6,"123":12,"124":12,"125":2,"126":12,"127":6,"128":3,"129":2,"130":2,"131":3,"132":1106,"133":1106,"134":2,"135":1104,"136":1104,"137":100,"138":100,"139":1104,"140":1104,"141":1104,"142":1102,"143":2,"144":2},"f":{"0":1192,"1":22,"2":15,"3":29,"4":17,"5":17,"6":20,"7":8,"8":8,"9":11,"10":17,"11":14,"12":2,"13":10,"14":6,"15":6,"16":12,"17":6,"18":6,"19":6,"20":12,"21":3,"22":1106,"23":1104,"24":1102,"25":2,"26":2},"b":{"0":[63],"1":[3,1189],"2":[1192,1191,1190],"3":[7,1182],"4":[1189,13],"5":[1,6],"6":[1029,153],"7":[1017,12],"8":[38,115],"9":[7,31],"10":[115,345],"11":[1,114],"12":[16],"13":[3,19],"14":[22,21,20],"15":[3,16],"16":[5,14],"17":[11,3],"18":[14,4],"19":[12],"20":[3,12],"21":[15,14,13],"22":[25],"23":[3,26],"24":[29,28,27],"25":[6,20],"26":[7,19],"27":[8,18],"28":[17,9],"29":[26,13],"30":[2,24],"31":[26,4,3],"32":[14],"33":[3,14],"34":[17,16,15],"35":[3,14],"36":[17,16,15],"37":[36,22],"38":[4,10],"39":[3,17],"40":[20,19,18],"41":[4,13],"42":[17,7],"43":[4,2,2,5],"44":[5,3],"45":[8,5],"46":[5,3],"47":[3,5],"48":[3,14],"49":[7,2],"50":[1,6],"51":[7,6],"52":[1,5],"53":[1,4],"54":[5,4],"55":[1,3],"56":[4,3],"57":[1,2],"58":[3,3,2],"59":[7],"60":[8],"61":[8],"62":[1,9],"63":[3,3],"64":[6,4],"65":[12,2],"66":[12,2],"67":[2,10],"68":[2,1104],"69":[100,1004],"70":[1103],"71":[1]},"_coverageSchema":"1a1c01bbd47fc00a2c39e90264f33305004495a9","hash":"2761a5ab35e5747b3b2c7db71254a4b2a24c7923"}
}
