TN:
SF:src/game/core/constants.js
FNF:0
FNH:0
DA:9,11
DA:78,11
DA:92,11
DA:110,11
DA:121,11
DA:131,11
DA:142,11
DA:153,11
DA:172,11
DA:198,11
DA:217,11
DA:238,11
DA:260,11
DA:269,11
LF:14
LH:14
BRF:0
BRH:0
end_of_record
TN:
SF:src/game/core/errorHandler.js
FN:16,(anonymous_0)
FN:42,(anonymous_1)
FN:44,(anonymous_2)
FN:54,(anonymous_3)
FN:59,(anonymous_4)
FN:72,(anonymous_5)
FN:112,(anonymous_6)
FN:113,(anonymous_7)
FN:137,(anonymous_8)
FN:148,(anonymous_9)
FN:159,(anonymous_10)
FN:170,(anonymous_11)
FN:180,(anonymous_12)
FN:190,(anonymous_13)
FN:198,(anonymous_14)
FN:210,(anonymous_15)
FN:224,(anonymous_16)
FN:241,(anonymous_17)
FN:249,(anonymous_18)
FN:270,(anonymous_19)
FN:275,(anonymous_20)
FN:276,(anonymous_21)
FN:277,(anonymous_22)
FN:278,(anonymous_23)
FN:305,(anonymous_24)
FN:315,(anonymous_25)
FN:325,(anonymous_26)
FN:335,(anonymous_27)
FN:345,(anonymous_28)
FN:354,(anonymous_29)
FN:380,(anonymous_30)
FN:389,(anonymous_31)
FNF:32
FNH:32
FNDA:55,(anonymous_0)
FNDA:55,(anonymous_1)
FNDA:1,(anonymous_2)
FNDA:1,(anonymous_3)
FNDA:2,(anonymous_4)
FNDA:56,(anonymous_5)
FNDA:652,(anonymous_6)
FNDA:19,(anonymous_7)
FNDA:5,(anonymous_8)
FNDA:23,(anonymous_9)
FNDA:64,(anonymous_10)
FNDA:84,(anonymous_11)
FNDA:7,(anonymous_12)
FNDA:1,(anonymous_13)
FNDA:2,(anonymous_14)
FNDA:1,(anonymous_15)
FNDA:1,(anonymous_16)
FNDA:58,(anonymous_17)
FNDA:56,(anonymous_18)
FNDA:56,(anonymous_19)
FNDA:3,(anonymous_20)
FNDA:1,(anonymous_21)
FNDA:1,(anonymous_22)
FNDA:1,(anonymous_23)
FNDA:2,(anonymous_24)
FNDA:1,(anonymous_25)
FNDA:1,(anonymous_26)
FNDA:1,(anonymous_27)
FNDA:6,(anonymous_28)
FNDA:88,(anonymous_29)
FNDA:12,(anonymous_30)
FNDA:56,(anonymous_31)
DA:17,55
DA:18,55
DA:19,55
DA:20,55
DA:27,55
DA:35,55
DA:44,55
DA:45,1
DA:54,55
DA:55,1
DA:59,55
DA:60,2
DA:61,2
DA:73,56
DA:83,56
DA:84,56
DA:86,56
DA:87,6
DA:91,56
DA:92,5
DA:96,56
DA:99,56
DA:102,56
DA:113,652
DA:114,19
DA:115,19
DA:117,5
DA:119,5
DA:120,2
DA:121,2
DA:123,1
DA:127,4
DA:138,5
DA:139,5
DA:149,23
DA:150,22
DA:160,64
DA:161,59
DA:171,84
DA:172,1
DA:181,7
DA:182,7
DA:191,1
DA:199,2
DA:211,1
DA:212,1
DA:217,1
DA:225,1
DA:242,58
DA:250,56
DA:251,56
DA:252,56
DA:254,56
DA:255,56
DA:257,56
DA:258,11
DA:261,56
DA:262,12
DA:271,56
DA:274,56
DA:275,3
DA:276,1
DA:277,1
DA:278,1
DA:282,56
DA:283,215
DA:284,6
DA:285,6
DA:286,5
DA:287,5
DA:288,5
DA:290,1
DA:296,51
DA:297,6
DA:307,2
DA:317,1
DA:327,1
DA:337,1
DA:346,6
DA:355,88
DA:356,88
DA:358,88
DA:360,6
DA:361,6
DA:363,22
DA:364,22
DA:366,59
DA:367,59
DA:369,1
DA:370,1
DA:372,0
DA:381,12
DA:382,12
DA:396,9
LF:94
LH:93
BRDA:72,0,0,0
BRDA:72,1,0,40
BRDA:72,2,0,50
BRDA:75,3,0,56
BRDA:75,3,1,43
BRDA:86,4,0,6
BRDA:86,4,1,50
BRDA:91,5,0,5
BRDA:91,5,1,51
BRDA:112,6,0,650
BRDA:119,7,0,2
BRDA:119,7,1,3
BRDA:138,8,0,5
BRDA:138,8,1,0
BRDA:149,9,0,22
BRDA:149,9,1,1
BRDA:160,10,0,59
BRDA:160,10,1,5
BRDA:171,11,0,1
BRDA:171,11,1,83
BRDA:190,12,0,0
BRDA:250,13,0,6
BRDA:250,13,1,50
BRDA:257,14,0,11
BRDA:257,14,1,45
BRDA:257,15,0,56
BRDA:257,15,1,56
BRDA:261,16,0,12
BRDA:261,16,1,44
BRDA:283,17,0,6
BRDA:283,17,1,209
BRDA:296,18,0,6
BRDA:296,18,1,45
BRDA:358,19,0,6
BRDA:358,19,1,22
BRDA:358,19,2,59
BRDA:358,19,3,1
BRDA:358,19,4,0
BRDA:382,20,0,12
BRDA:382,20,1,1
BRF:40
BRH:36
end_of_record
TN:
SF:src/game/core/gameState.js
FN:8,(anonymous_0)
FN:272,(anonymous_1)
FN:295,(anonymous_2)
FN:322,(anonymous_3)
FN:332,(anonymous_4)
FN:340,(anonymous_5)
FN:348,(anonymous_6)
FN:359,(anonymous_7)
FN:361,(anonymous_8)
FN:374,(anonymous_9)
FN:406,(anonymous_10)
FN:429,(anonymous_11)
FN:430,(anonymous_12)
FN:453,(anonymous_13)
FN:457,(anonymous_14)
FN:469,(anonymous_15)
FN:495,(anonymous_16)
FN:510,(anonymous_17)
FN:519,(anonymous_18)
FN:531,(anonymous_19)
FN:542,(anonymous_20)
FN:544,(anonymous_21)
FNF:22
FNH:19
FNDA:405,(anonymous_0)
FNDA:3190,(anonymous_1)
FNDA:2413,(anonymous_2)
FNDA:792,(anonymous_3)
FNDA:209,(anonymous_4)
FNDA:4,(anonymous_5)
FNDA:1,(anonymous_6)
FNDA:2447,(anonymous_7)
FNDA:2,(anonymous_8)
FNDA:6,(anonymous_9)
FNDA:7,(anonymous_10)
FNDA:6,(anonymous_11)
FNDA:213,(anonymous_12)
FNDA:35,(anonymous_13)
FNDA:595,(anonymous_14)
FNDA:2,(anonymous_15)
FNDA:3,(anonymous_16)
FNDA:1,(anonymous_17)
FNDA:0,(anonymous_18)
FNDA:0,(anonymous_19)
FNDA:3,(anonymous_20)
FNDA:0,(anonymous_21)
DA:10,405
DA:11,405
DA:12,405
DA:23,405
DA:37,405
DA:54,405
DA:83,405
DA:116,405
DA:141,405
DA:162,405
DA:187,405
DA:198,405
DA:203,405
DA:237,405
DA:244,405
DA:257,405
DA:264,405
DA:273,3190
DA:274,3
DA:277,3187
DA:278,3187
DA:280,3187
DA:281,7086
DA:282,70
DA:284,7016
DA:287,3117
DA:296,2413
DA:297,1
DA:300,2412
DA:301,2412
DA:302,2412
DA:304,2412
DA:305,3177
DA:306,107
DA:308,3177
DA:311,2412
DA:312,2412
DA:314,2410
DA:323,792
DA:324,792
DA:333,209
DA:341,4
DA:349,1
DA:350,1
DA:351,1
DA:360,2447
DA:361,1812
DA:362,2
DA:363,2
DA:365,0
DA:375,6
DA:376,6
DA:395,6
DA:396,6
DA:398,0
DA:399,0
DA:407,7
DA:408,7
DA:409,7
DA:410,1
DA:413,6
DA:416,4
DA:418,4
DA:420,2
DA:421,2
DA:430,6
DA:431,213
DA:432,996
DA:437,207
DA:438,0
DA:440,207
DA:442,789
DA:447,6
DA:454,35
DA:457,35
DA:458,595
DA:459,560
DA:463,35
DA:470,2
DA:488,2
DA:496,3
DA:497,3
DA:498,2
DA:499,2
DA:500,2
DA:502,1
DA:503,1
DA:511,1
DA:520,0
DA:521,0
DA:523,0
DA:532,0
DA:533,0
DA:543,3
DA:544,0
DA:545,0
DA:546,0
DA:548,0
DA:556,9
LF:99
LH:86
BRDA:273,0,0,3
BRDA:273,0,1,3187
BRDA:281,1,0,70
BRDA:281,1,1,7016
BRDA:281,2,0,7086
BRDA:281,2,1,7086
BRDA:296,3,0,1
BRDA:296,3,1,2412
BRDA:305,4,0,107
BRDA:305,4,1,3070
BRDA:322,5,0,44
BRDA:323,6,0,792
BRDA:323,6,1,140
BRDA:332,7,0,0
BRDA:350,8,0,1
BRDA:350,8,1,0
BRDA:360,9,0,1812
BRDA:360,9,1,635
BRDA:409,10,0,1
BRDA:409,10,1,6
BRDA:432,11,0,207
BRDA:432,11,1,789
BRDA:433,12,0,996
BRDA:433,12,1,991
BRDA:433,12,2,212
BRDA:437,13,0,0
BRDA:437,13,1,207
BRDA:437,14,0,207
BRDA:437,14,1,207
BRDA:458,15,0,560
BRDA:458,15,1,35
BRDA:520,16,0,0
BRDA:520,16,1,0
BRDA:532,17,0,0
BRDA:532,17,1,0
BRDA:543,18,0,0
BRDA:543,18,1,3
BRF:37
BRH:29
end_of_record
TN:
SF:src/game/core/performanceMonitor.js
FN:12,(anonymous_0)
FN:63,(anonymous_1)
FN:77,(anonymous_2)
FN:78,(anonymous_3)
FN:100,(anonymous_4)
FN:113,(anonymous_5)
FN:123,(anonymous_6)
FN:124,(anonymous_7)
FN:143,(anonymous_8)
FN:159,(anonymous_9)
FN:166,(anonymous_10)
FN:175,(anonymous_11)
FN:218,(anonymous_12)
FN:249,(anonymous_13)
FN:250,(anonymous_14)
FN:250,(anonymous_15)
FN:257,(anonymous_16)
FN:297,(anonymous_17)
FN:309,(anonymous_18)
FN:321,(anonymous_19)
FN:335,(anonymous_20)
FN:348,(anonymous_21)
FN:356,(anonymous_22)
FN:367,(anonymous_23)
FN:369,(anonymous_24)
FN:400,(anonymous_25)
FN:417,(anonymous_26)
FN:427,(anonymous_27)
FNF:28
FNH:28
FNDA:45,(anonymous_0)
FNDA:45,(anonymous_1)
FNDA:46,(anonymous_2)
FNDA:1,(anonymous_3)
FNDA:161,(anonymous_4)
FNDA:5475,(anonymous_5)
FNDA:46,(anonymous_6)
FNDA:46,(anonymous_7)
FNDA:124,(anonymous_8)
FNDA:154,(anonymous_9)
FNDA:2,(anonymous_10)
FNDA:155,(anonymous_11)
FNDA:214,(anonymous_12)
FNDA:1,(anonymous_13)
FNDA:1,(anonymous_14)
FNDA:1,(anonymous_15)
FNDA:213,(anonymous_16)
FNDA:161,(anonymous_17)
FNDA:124,(anonymous_18)
FNDA:9,(anonymous_19)
FNDA:8,(anonymous_20)
FNDA:9,(anonymous_21)
FNDA:1,(anonymous_22)
FNDA:2,(anonymous_23)
FNDA:1,(anonymous_24)
FNDA:1,(anonymous_25)
FNDA:5,(anonymous_26)
FNDA:7,(anonymous_27)
DA:13,45
DA:14,45
DA:38,45
DA:53,45
DA:54,45
DA:56,45
DA:64,45
DA:67,45
DA:70,45
DA:78,46
DA:79,1
DA:81,1
DA:82,1
DA:84,1
DA:85,1
DA:86,1
DA:89,1
DA:90,1
DA:93,46
DA:101,161
DA:102,161
DA:105,161
DA:106,30
DA:110,161
DA:111,161
DA:112,161
DA:113,5475
DA:116,161
DA:124,46
DA:125,46
DA:127,46
DA:128,35
DA:129,35
DA:130,35
DA:133,46
DA:136,46
DA:144,124
DA:145,124
DA:148,124
DA:149,21
DA:153,124
DA:160,154
DA:167,2
DA:168,1
DA:169,1
DA:176,155
DA:178,152
DA:179,152
DA:180,152
DA:182,152
DA:183,152
DA:186,152
DA:194,152
DA:195,28
DA:199,152
DA:200,1
DA:202,1
DA:203,0
DA:208,152
DA:209,152
DA:219,214
DA:220,1
DA:223,213
DA:225,213
DA:226,213
DA:228,210
DA:229,210
DA:231,210
DA:233,210
DA:235,3
DA:236,3
DA:238,3
DA:239,3
DA:250,1
DA:258,213
DA:259,17
DA:270,213
DA:271,213
DA:272,213
DA:273,213
DA:274,213
DA:275,213
DA:277,213
DA:278,3
DA:281,213
DA:288,213
DA:289,64
DA:298,161
DA:299,2
DA:300,159
DA:301,1
DA:310,124
DA:311,2
DA:312,122
DA:313,1
DA:322,9
DA:329,9
DA:330,4
DA:332,5
DA:335,9
DA:336,8
DA:337,8
DA:339,1
DA:349,9
DA:357,1
DA:358,1
DA:359,1
DA:368,2
DA:369,2
DA:370,1
DA:373,2
DA:401,1
DA:402,1
DA:403,1
DA:404,1
DA:405,1
DA:406,1
DA:407,1
DA:408,1
DA:410,1
DA:418,5
DA:419,5
DA:428,7
DA:433,8
LF:124
LH:123
BRDA:64,0,0,0
BRDA:64,0,1,45
BRDA:79,1,0,0
BRDA:79,1,1,1
BRDA:84,2,0,1
BRDA:84,2,1,0
BRDA:105,3,0,30
BRDA:105,3,1,131
BRDA:125,4,0,0
BRDA:125,4,1,46
BRDA:127,5,0,35
BRDA:127,5,1,11
BRDA:148,6,0,21
BRDA:148,6,1,103
BRDA:167,7,0,1
BRDA:167,7,1,1
BRDA:176,8,0,3
BRDA:176,8,1,152
BRDA:180,9,0,152
BRDA:180,9,1,151
BRDA:194,10,0,28
BRDA:194,10,1,124
BRDA:199,11,0,1
BRDA:199,11,1,151
BRDA:202,12,0,0
BRDA:202,12,1,1
BRDA:219,13,0,1
BRDA:219,13,1,213
BRDA:258,14,0,17
BRDA:258,14,1,196
BRDA:277,15,0,3
BRDA:277,15,1,210
BRDA:288,16,0,64
BRDA:288,16,1,149
BRDA:298,17,0,2
BRDA:298,17,1,159
BRDA:300,18,0,1
BRDA:300,18,1,158
BRDA:310,19,0,2
BRDA:310,19,1,122
BRDA:312,20,0,1
BRDA:312,20,1,121
BRDA:329,21,0,4
BRDA:329,21,1,5
BRDA:358,22,0,1
BRDA:358,22,1,0
BRDA:419,23,0,2
BRDA:419,23,1,3
BRDA:428,24,0,7
BRDA:428,24,1,2
BRF:50
BRH:44
end_of_record
TN:
SF:src/game/systems/achievements.js
FN:49,(anonymous_0)
FN:50,(anonymous_1)
FN:61,(anonymous_2)
FN:62,(anonymous_3)
FN:73,(anonymous_4)
FN:74,(anonymous_5)
FN:85,(anonymous_6)
FN:86,(anonymous_7)
FN:97,(anonymous_8)
FN:98,(anonymous_9)
FN:109,(anonymous_10)
FN:110,(anonymous_11)
FN:121,(anonymous_12)
FN:122,(anonymous_13)
FN:134,(anonymous_14)
FN:135,(anonymous_15)
FN:146,(anonymous_16)
FN:147,(anonymous_17)
FN:158,(anonymous_18)
FN:159,(anonymous_19)
FN:170,(anonymous_20)
FN:171,(anonymous_21)
FN:183,(anonymous_22)
FN:184,(anonymous_23)
FN:195,(anonymous_24)
FN:196,(anonymous_25)
FN:207,(anonymous_26)
FN:208,(anonymous_27)
FN:219,(anonymous_28)
FN:220,(anonymous_29)
FN:232,(anonymous_30)
FN:234,(anonymous_31)
FN:246,(anonymous_32)
FN:248,(anonymous_33)
FN:261,(anonymous_34)
FN:262,(anonymous_35)
FN:273,(anonymous_36)
FN:274,(anonymous_37)
FN:285,(anonymous_38)
FN:286,(anonymous_39)
FN:297,(anonymous_40)
FN:298,(anonymous_41)
FN:310,(anonymous_42)
FN:311,(anonymous_43)
FN:322,(anonymous_44)
FN:323,(anonymous_45)
FN:334,(anonymous_46)
FN:335,(anonymous_47)
FN:347,(anonymous_48)
FN:349,(anonymous_49)
FN:362,(anonymous_50)
FN:366,(anonymous_51)
FN:383,(anonymous_52)
FN:384,(anonymous_53)
FN:396,(anonymous_54)
FN:400,(anonymous_55)
FN:402,(anonymous_56)
FN:412,(anonymous_57)
FN:448,(anonymous_58)
FN:452,(anonymous_59)
FN:465,(anonymous_60)
FN:485,(anonymous_61)
FN:522,(anonymous_62)
FN:552,(anonymous_63)
FN:562,(anonymous_64)
FN:572,(anonymous_65)
FN:582,(anonymous_66)
FN:590,(anonymous_67)
FN:591,(anonymous_68)
FN:598,(anonymous_69)
FN:599,(anonymous_70)
FN:613,(anonymous_71)
FN:627,(anonymous_72)
FN:628,(anonymous_73)
FN:635,(anonymous_74)
FN:652,(anonymous_75)
FN:658,(anonymous_76)
FN:674,(anonymous_77)
FN:679,(anonymous_78)
FN:680,(anonymous_79)
FN:696,(anonymous_80)
FN:710,(anonymous_81)
FN:714,(anonymous_82)
FN:728,(anonymous_83)
FN:737,(anonymous_84)
FN:746,(anonymous_85)
FN:756,(anonymous_86)
FN:768,(anonymous_87)
FNF:88
FNH:77
FNDA:1,(anonymous_0)
FNDA:1,(anonymous_1)
FNDA:3,(anonymous_2)
FNDA:3,(anonymous_3)
FNDA:3,(anonymous_4)
FNDA:3,(anonymous_5)
FNDA:23,(anonymous_6)
FNDA:23,(anonymous_7)
FNDA:23,(anonymous_8)
FNDA:23,(anonymous_9)
FNDA:23,(anonymous_10)
FNDA:23,(anonymous_11)
FNDA:23,(anonymous_12)
FNDA:23,(anonymous_13)
FNDA:4,(anonymous_14)
FNDA:4,(anonymous_15)
FNDA:23,(anonymous_16)
FNDA:23,(anonymous_17)
FNDA:23,(anonymous_18)
FNDA:23,(anonymous_19)
FNDA:23,(anonymous_20)
FNDA:23,(anonymous_21)
FNDA:23,(anonymous_22)
FNDA:23,(anonymous_23)
FNDA:7,(anonymous_24)
FNDA:7,(anonymous_25)
FNDA:23,(anonymous_26)
FNDA:23,(anonymous_27)
FNDA:23,(anonymous_28)
FNDA:23,(anonymous_29)
FNDA:23,(anonymous_30)
FNDA:23,(anonymous_31)
FNDA:23,(anonymous_32)
FNDA:23,(anonymous_33)
FNDA:8,(anonymous_34)
FNDA:8,(anonymous_35)
FNDA:23,(anonymous_36)
FNDA:23,(anonymous_37)
FNDA:9,(anonymous_38)
FNDA:9,(anonymous_39)
FNDA:23,(anonymous_40)
FNDA:23,(anonymous_41)
FNDA:10,(anonymous_42)
FNDA:10,(anonymous_43)
FNDA:23,(anonymous_44)
FNDA:23,(anonymous_45)
FNDA:23,(anonymous_46)
FNDA:23,(anonymous_47)
FNDA:12,(anonymous_48)
FNDA:12,(anonymous_49)
FNDA:13,(anonymous_50)
FNDA:13,(anonymous_51)
FNDA:14,(anonymous_52)
FNDA:14,(anonymous_53)
FNDA:0,(anonymous_54)
FNDA:0,(anonymous_55)
FNDA:0,(anonymous_56)
FNDA:31,(anonymous_57)
FNDA:0,(anonymous_58)
FNDA:0,(anonymous_59)
FNDA:24,(anonymous_60)
FNDA:207,(anonymous_61)
FNDA:12,(anonymous_62)
FNDA:12,(anonymous_63)
FNDA:0,(anonymous_64)
FNDA:11,(anonymous_65)
FNDA:0,(anonymous_66)
FNDA:0,(anonymous_67)
FNDA:0,(anonymous_68)
FNDA:12,(anonymous_69)
FNDA:0,(anonymous_70)
FNDA:6,(anonymous_71)
FNDA:15,(anonymous_72)
FNDA:420,(anonymous_73)
FNDA:2,(anonymous_74)
FNDA:2,(anonymous_75)
FNDA:56,(anonymous_76)
FNDA:2,(anonymous_77)
FNDA:280,(anonymous_78)
FNDA:56,(anonymous_79)
FNDA:1,(anonymous_80)
FNDA:1,(anonymous_81)
FNDA:28,(anonymous_82)
FNDA:1,(anonymous_83)
FNDA:0,(anonymous_84)
FNDA:1,(anonymous_85)
FNDA:3,(anonymous_86)
FNDA:1,(anonymous_87)
DA:14,1
DA:28,1
DA:40,1
DA:49,1
DA:50,1
DA:61,3
DA:62,3
DA:73,3
DA:74,3
DA:85,23
DA:86,23
DA:97,23
DA:98,23
DA:109,23
DA:110,23
DA:121,23
DA:122,23
DA:134,4
DA:135,4
DA:146,23
DA:147,23
DA:158,23
DA:159,23
DA:170,23
DA:171,23
DA:183,23
DA:184,23
DA:195,7
DA:196,7
DA:207,23
DA:208,23
DA:219,23
DA:220,23
DA:233,23
DA:234,23
DA:247,23
DA:248,23
DA:261,8
DA:262,8
DA:273,23
DA:274,23
DA:285,9
DA:286,9
DA:297,23
DA:298,23
DA:310,10
DA:311,10
DA:322,23
DA:323,23
DA:334,23
DA:335,23
DA:348,12
DA:350,12
DA:363,13
DA:367,13
DA:383,14
DA:384,14
DA:398,0
DA:401,0
DA:402,0
DA:413,31
DA:414,31
DA:415,31
DA:416,31
DA:419,31
DA:420,1
DA:441,31
DA:442,31
DA:449,0
DA:452,0
DA:453,0
DA:454,0
DA:455,0
DA:457,0
DA:458,0
DA:466,24
DA:467,24
DA:476,24
DA:477,24
DA:479,24
DA:480,672
DA:482,476
DA:483,24
DA:484,24
DA:485,207
DA:489,24
DA:490,24
DA:491,24
DA:494,24
DA:495,1
DA:497,24
DA:501,452
DA:502,452
DA:503,129
DA:504,129
DA:508,452
DA:509,11
DA:514,0
DA:523,12
DA:524,12
DA:526,12
DA:527,12
DA:530,12
DA:531,12
DA:534,12
DA:535,12
DA:536,12
DA:537,12
DA:540,12
DA:541,12
DA:544,12
DA:546,12
DA:553,12
DA:555,11
DA:556,11
DA:559,11
DA:562,11
DA:563,0
DA:564,0
DA:574,11
DA:575,11
DA:583,0
DA:591,0
DA:599,12
DA:600,0
DA:601,0
DA:603,0
DA:614,6
DA:615,6
DA:617,6
DA:618,6
DA:619,6
DA:628,420
DA:636,2
DA:637,2
DA:639,2
DA:653,2
DA:654,2
DA:656,2
DA:657,14
DA:658,56
DA:660,14
DA:667,2
DA:675,2
DA:676,2
DA:678,2
DA:679,280
DA:680,56
DA:682,10
DA:689,2
DA:697,1
DA:711,1
DA:712,1
DA:713,1
DA:714,28
DA:717,1
DA:729,1
DA:730,1
DA:731,1
DA:738,0
DA:739,0
DA:740,0
DA:747,1
DA:748,1
DA:749,1
DA:757,3
DA:758,3
DA:759,2
DA:761,3
DA:762,3
DA:769,1
DA:774,1
LF:172
LH:151
BRDA:135,0,0,1
BRDA:135,0,1,3
BRDA:184,1,0,23
BRDA:184,1,1,5
BRDA:233,2,0,23
BRDA:233,2,1,0
BRDA:234,3,0,0
BRDA:234,3,1,23
BRDA:247,4,0,23
BRDA:247,4,1,0
BRDA:248,5,0,0
BRDA:248,5,1,23
BRDA:262,6,0,8
BRDA:262,6,1,7
BRDA:274,7,0,23
BRDA:274,7,1,7
BRDA:286,8,0,1
BRDA:286,8,1,8
BRDA:298,9,0,23
BRDA:298,9,1,23
BRDA:311,10,0,10
BRDA:311,10,1,9
BRDA:323,11,0,23
BRDA:323,11,1,9
BRDA:335,12,0,23
BRDA:335,12,1,22
BRDA:348,13,0,12
BRDA:348,13,1,1
BRDA:350,14,0,1
BRDA:350,14,1,11
BRDA:363,15,0,13
BRDA:363,15,1,2
BRDA:363,15,2,1
BRDA:367,16,0,1
BRDA:367,16,1,12
BRDA:367,17,0,13
BRDA:367,17,1,2
BRDA:367,17,2,1
BRDA:384,18,0,1
BRDA:384,18,1,13
BRDA:401,19,0,0
BRDA:401,19,1,0
BRDA:419,20,0,1
BRDA:419,20,1,30
BRDA:457,21,0,0
BRDA:457,21,1,0
BRDA:476,22,0,24
BRDA:476,22,1,0
BRDA:477,23,0,24
BRDA:477,23,1,0
BRDA:480,24,0,476
BRDA:480,24,1,196
BRDA:482,25,0,24
BRDA:482,25,1,452
BRDA:494,26,0,1
BRDA:494,26,1,23
BRDA:502,27,0,129
BRDA:502,27,1,323
BRDA:508,28,0,11
BRDA:508,28,1,441
BRDA:524,29,0,0
BRDA:524,29,1,12
BRDA:526,30,0,12
BRDA:526,30,1,0
BRDA:527,31,0,0
BRDA:527,31,1,12
BRDA:553,32,0,1
BRDA:553,32,1,11
BRDA:553,33,0,12
BRDA:553,33,1,11
BRDA:615,34,0,0
BRDA:615,34,1,6
BRDA:617,35,0,6
BRDA:617,35,1,0
BRDA:654,36,0,2
BRDA:654,36,1,0
BRDA:676,37,0,2
BRDA:676,37,1,0
BRDA:698,38,0,1
BRDA:698,38,1,0
BRDA:699,39,0,1
BRDA:699,39,1,0
BRDA:712,40,0,1
BRDA:712,40,1,0
BRDA:714,41,0,28
BRDA:714,41,1,3
BRDA:729,42,0,1
BRDA:729,42,1,0
BRDA:738,43,0,0
BRDA:738,43,1,0
BRDA:747,44,0,1
BRDA:747,44,1,0
BRDA:757,45,0,3
BRDA:757,45,1,0
BRDA:758,46,0,2
BRDA:758,46,1,1
BRF:96
BRH:71
end_of_record
TN:
SF:src/game/systems/combat.js
FN:13,(anonymous_0)
FN:40,(anonymous_1)
FN:57,(anonymous_2)
FN:89,(anonymous_3)
FN:104,(anonymous_4)
FN:105,(anonymous_5)
FN:123,(anonymous_6)
FN:144,(anonymous_7)
FN:180,(anonymous_8)
FN:204,(anonymous_9)
FN:250,(anonymous_10)
FN:277,(anonymous_11)
FN:299,(anonymous_12)
FN:307,(anonymous_13)
FN:316,(anonymous_14)
FN:347,(anonymous_15)
FN:348,(anonymous_16)
FN:361,(anonymous_17)
FN:387,(anonymous_18)
FN:405,(anonymous_19)
FN:414,(anonymous_20)
FN:439,(anonymous_21)
FN:440,(anonymous_22)
FN:457,(anonymous_23)
FN:468,(anonymous_24)
FNF:25
FNH:23
FNDA:108,(anonymous_0)
FNDA:7,(anonymous_1)
FNDA:11,(anonymous_2)
FNDA:14,(anonymous_3)
FNDA:2,(anonymous_4)
FNDA:2,(anonymous_5)
FNDA:4,(anonymous_6)
FNDA:7,(anonymous_7)
FNDA:18,(anonymous_8)
FNDA:4,(anonymous_9)
FNDA:7,(anonymous_10)
FNDA:3,(anonymous_11)
FNDA:1,(anonymous_12)
FNDA:1,(anonymous_13)
FNDA:3,(anonymous_14)
FNDA:1,(anonymous_15)
FNDA:2,(anonymous_16)
FNDA:4,(anonymous_17)
FNDA:2,(anonymous_18)
FNDA:0,(anonymous_19)
FNDA:0,(anonymous_20)
FNDA:2,(anonymous_21)
FNDA:2,(anonymous_22)
FNDA:1,(anonymous_23)
FNDA:3,(anonymous_24)
DA:14,108
DA:17,108
DA:18,108
DA:19,108
DA:20,108
DA:21,108
DA:22,108
DA:25,108
DA:26,108
DA:29,108
DA:30,108
DA:31,108
DA:34,108
DA:41,7
DA:42,7
DA:43,7
DA:46,7
DA:48,3
DA:49,1
DA:58,11
DA:59,11
DA:62,11
DA:63,11
DA:64,11
DA:66,11
DA:79,11
DA:81,11
DA:83,11
DA:92,14
DA:93,7
DA:95,7
DA:98,14
DA:105,2
DA:106,2
DA:108,1
DA:111,1
DA:112,0
DA:113,0
DA:116,1
DA:124,4
DA:127,4
DA:128,4
DA:132,4
DA:133,2
DA:134,2
DA:135,2
DA:136,1
DA:137,1
DA:145,7
DA:146,7
DA:147,7
DA:150,7
DA:152,4
DA:156,4
DA:159,4
DA:160,4
DA:161,4
DA:164,3
DA:165,3
DA:167,3
DA:169,3
DA:172,3
DA:173,3
DA:181,18
DA:184,18
DA:187,18
DA:188,18
DA:189,2
DA:193,18
DA:194,18
DA:195,2
DA:198,18
DA:205,4
DA:207,4
DA:209,2
DA:212,2
DA:213,2
DA:214,1
DA:215,1
DA:216,1
DA:219,2
DA:222,2
DA:223,2
DA:226,2
DA:228,2
DA:229,2
DA:231,2
DA:232,2
DA:235,2
DA:238,2
DA:240,2
DA:244,4
DA:251,7
DA:259,7
DA:261,7
DA:262,4
DA:264,3
DA:267,7
DA:268,7
DA:271,7
DA:278,3
DA:280,3
DA:281,2
DA:282,2
DA:285,1
DA:286,1
DA:287,1
DA:289,1
DA:293,1
DA:300,1
DA:301,1
DA:308,1
DA:309,1
DA:310,1
DA:317,3
DA:318,3
DA:319,3
DA:320,3
DA:321,3
DA:323,3
DA:348,2
DA:362,4
DA:363,4
DA:365,4
DA:367,1
DA:370,3
DA:372,1
DA:375,2
DA:377,1
DA:381,1
DA:388,2
DA:389,2
DA:390,1
DA:391,1
DA:394,1
DA:395,1
DA:396,1
DA:398,1
DA:399,1
DA:406,0
DA:407,0
DA:411,0
DA:414,0
DA:415,0
DA:418,0
DA:419,0
DA:422,0
DA:423,0
DA:426,0
DA:427,0
DA:428,0
DA:440,2
DA:442,2
DA:445,2
DA:448,2
DA:449,0
DA:458,1
DA:459,1
DA:460,1
DA:462,1
DA:469,3
DA:470,3
DA:471,3
DA:474,3
DA:475,3
DA:477,3
DA:479,3
LF:167
LH:152
BRDA:42,0,0,7
BRDA:42,0,1,1
BRDA:46,1,0,3
BRDA:46,1,1,4
BRDA:46,2,0,7
BRDA:46,2,1,5
BRDA:46,2,2,4
BRDA:48,3,0,1
BRDA:48,3,1,2
BRDA:48,4,0,3
BRDA:48,4,1,2
BRDA:92,5,0,7
BRDA:92,5,1,7
BRDA:106,6,0,1
BRDA:106,6,1,1
BRDA:111,7,0,0
BRDA:111,7,1,1
BRDA:127,8,0,4
BRDA:127,8,1,0
BRDA:132,9,0,2
BRDA:132,9,1,2
BRDA:135,10,0,1
BRDA:135,10,1,1
BRDA:145,11,0,7
BRDA:145,11,1,6
BRDA:146,12,0,7
BRDA:146,12,1,6
BRDA:150,13,0,4
BRDA:150,13,1,3
BRDA:184,14,0,18
BRDA:184,14,1,13
BRDA:188,15,0,2
BRDA:188,15,1,16
BRDA:194,16,0,2
BRDA:194,16,1,16
BRDA:207,17,0,2
BRDA:207,17,1,2
BRDA:213,18,0,1
BRDA:213,18,1,1
BRDA:214,19,0,1
BRDA:214,19,1,0
BRDA:222,20,0,2
BRDA:222,20,1,2
BRDA:229,21,0,2
BRDA:229,21,1,0
BRDA:251,22,0,7
BRDA:251,22,1,6
BRDA:261,23,0,4
BRDA:261,23,1,3
BRDA:280,24,0,2
BRDA:280,24,1,1
BRDA:317,25,0,3
BRDA:317,25,1,2
BRDA:328,26,0,3
BRDA:328,26,1,2
BRDA:329,27,0,3
BRDA:329,27,1,2
BRDA:330,28,0,3
BRDA:330,28,1,2
BRDA:333,29,0,3
BRDA:333,29,1,2
BRDA:334,30,0,3
BRDA:334,30,1,2
BRDA:335,31,0,3
BRDA:335,31,1,2
BRDA:336,32,0,1
BRDA:336,32,1,2
BRDA:337,33,0,3
BRDA:337,33,1,2
BRDA:338,34,0,3
BRDA:338,34,1,2
BRDA:340,35,0,3
BRDA:340,35,1,2
BRDA:362,36,0,4
BRDA:362,36,1,1
BRDA:365,37,0,1
BRDA:365,37,1,3
BRDA:370,38,0,1
BRDA:370,38,1,2
BRDA:375,39,0,1
BRDA:375,39,1,1
BRDA:389,40,0,1
BRDA:389,40,1,1
BRDA:406,41,0,0
BRDA:406,41,1,0
BRDA:406,42,0,0
BRDA:406,42,1,0
BRDA:448,43,0,0
BRDA:448,43,1,2
BRDA:470,44,0,3
BRDA:470,44,1,0
BRDA:471,45,0,3
BRDA:471,45,1,0
BRDA:482,46,0,1
BRDA:482,46,1,2
BRDA:482,47,0,0
BRDA:482,47,1,2
BRF:97
BRH:85
end_of_record
TN:
SF:src/game/systems/computing.js
FN:13,(anonymous_0)
FN:32,(anonymous_1)
FN:63,(anonymous_2)
FN:91,(anonymous_3)
FN:119,(anonymous_4)
FN:147,(anonymous_5)
FN:175,(anonymous_6)
FN:191,(anonymous_7)
FN:207,(anonymous_8)
FN:221,(anonymous_9)
FN:232,(anonymous_10)
FN:255,(anonymous_11)
FN:278,(anonymous_12)
FN:297,(anonymous_13)
FN:322,(anonymous_14)
FN:352,(anonymous_15)
FN:367,(anonymous_16)
FN:388,(anonymous_17)
FN:389,(anonymous_18)
FN:407,(anonymous_19)
FN:418,(anonymous_20)
FNF:21
FNH:21
FNDA:143,(anonymous_0)
FNDA:11,(anonymous_1)
FNDA:9,(anonymous_2)
FNDA:8,(anonymous_3)
FNDA:4,(anonymous_4)
FNDA:7,(anonymous_5)
FNDA:4,(anonymous_6)
FNDA:3,(anonymous_7)
FNDA:4,(anonymous_8)
FNDA:1,(anonymous_9)
FNDA:5,(anonymous_10)
FNDA:6,(anonymous_11)
FNDA:5,(anonymous_12)
FNDA:3,(anonymous_13)
FNDA:1,(anonymous_14)
FNDA:13,(anonymous_15)
FNDA:3,(anonymous_16)
FNDA:2,(anonymous_17)
FNDA:2,(anonymous_18)
FNDA:1,(anonymous_19)
FNDA:4,(anonymous_20)
DA:14,143
DA:17,143
DA:18,143
DA:21,143
DA:22,143
DA:25,143
DA:33,11
DA:34,11
DA:36,11
DA:39,10
DA:40,10
DA:43,10
DA:44,4
DA:45,4
DA:46,4
DA:49,4
DA:52,4
DA:55,6
DA:64,9
DA:65,9
DA:66,9
DA:69,9
DA:70,1
DA:74,8
DA:76,8
DA:77,7
DA:78,7
DA:80,7
DA:81,7
DA:84,1
DA:92,8
DA:93,8
DA:94,8
DA:97,8
DA:98,1
DA:102,7
DA:104,7
DA:105,6
DA:106,6
DA:108,6
DA:109,6
DA:112,1
DA:120,4
DA:121,4
DA:122,4
DA:123,4
DA:125,4
DA:126,1
DA:129,3
DA:130,2
DA:133,2
DA:134,2
DA:136,2
DA:137,2
DA:140,1
DA:148,7
DA:149,7
DA:150,7
DA:152,7
DA:153,0
DA:157,7
DA:159,7
DA:160,6
DA:161,6
DA:163,6
DA:164,6
DA:167,1
DA:176,4
DA:178,4
DA:179,3
DA:180,3
DA:182,1
DA:192,3
DA:194,3
DA:195,2
DA:196,2
DA:199,1
DA:208,4
DA:210,4
DA:211,3
DA:212,3
DA:215,1
DA:222,1
DA:223,1
DA:225,1
DA:233,5
DA:235,5
DA:238,3
DA:239,3
DA:240,3
DA:243,3
DA:244,3
DA:245,3
DA:246,3
DA:248,3
DA:256,6
DA:257,6
DA:259,6
DA:260,5
DA:261,5
DA:264,5
DA:265,5
DA:267,5
DA:268,5
DA:271,1
DA:279,5
DA:280,5
DA:282,5
DA:283,2
DA:284,2
DA:286,2
DA:287,2
DA:289,3
DA:298,3
DA:299,3
DA:300,3
DA:301,3
DA:302,3
DA:304,3
DA:323,1
DA:324,1
DA:325,1
DA:326,1
DA:327,1
DA:328,1
DA:330,1
DA:353,13
DA:354,13
DA:356,13
DA:357,13
DA:359,13
DA:368,3
DA:369,1
DA:372,2
DA:373,2
DA:376,2
DA:377,1
DA:380,2
DA:389,2
DA:391,2
DA:394,2
DA:397,2
DA:400,0
DA:408,1
DA:409,1
DA:411,1
DA:419,4
DA:420,4
DA:421,4
DA:424,4
DA:425,4
DA:427,4
LF:152
LH:150
BRDA:36,0,0,1
BRDA:36,0,1,10
BRDA:43,1,0,4
BRDA:43,1,1,6
BRDA:69,2,0,1
BRDA:69,2,1,8
BRDA:76,3,0,7
BRDA:76,3,1,1
BRDA:97,4,0,1
BRDA:97,4,1,7
BRDA:104,5,0,6
BRDA:104,5,1,1
BRDA:125,6,0,1
BRDA:125,6,1,3
BRDA:129,7,0,2
BRDA:129,7,1,1
BRDA:152,8,0,0
BRDA:152,8,1,7
BRDA:159,9,0,6
BRDA:159,9,1,1
BRDA:175,10,0,1
BRDA:178,11,0,3
BRDA:178,11,1,1
BRDA:194,12,0,2
BRDA:194,12,1,1
BRDA:210,13,0,3
BRDA:210,13,1,1
BRDA:235,14,0,2
BRDA:235,14,1,3
BRDA:259,15,0,5
BRDA:259,15,1,1
BRDA:282,16,0,2
BRDA:282,16,1,3
BRDA:308,17,0,2
BRDA:308,17,1,1
BRDA:314,18,0,2
BRDA:314,18,1,1
BRDA:356,19,0,13
BRDA:356,19,1,5
BRDA:357,20,0,13
BRDA:357,20,1,6
BRDA:359,21,0,13
BRDA:359,21,1,11
BRDA:368,22,0,1
BRDA:368,22,1,2
BRDA:372,23,0,2
BRDA:372,23,1,0
BRDA:376,24,0,1
BRDA:376,24,1,1
BRDA:432,25,0,2
BRDA:432,25,1,2
BRDA:434,26,0,1
BRDA:434,26,1,1
BRDA:442,27,0,1
BRDA:442,27,1,3
BRDA:442,28,0,1
BRDA:442,28,1,2
BRF:57
BRH:55
end_of_record
TN:
SF:src/game/systems/market.js
FN:13,(anonymous_0)
FN:33,(anonymous_1)
FN:69,(anonymous_2)
FN:94,(anonymous_3)
FN:126,(anonymous_4)
FN:142,(anonymous_5)
FN:161,(anonymous_6)
FN:185,(anonymous_7)
FN:222,(anonymous_8)
FN:235,(anonymous_9)
FN:249,(anonymous_10)
FN:280,(anonymous_11)
FN:295,(anonymous_12)
FN:323,(anonymous_13)
FN:332,(anonymous_14)
FN:358,(anonymous_15)
FN:359,(anonymous_16)
FN:383,(anonymous_17)
FN:396,(anonymous_18)
FN:411,(anonymous_19)
FNF:20
FNH:20
FNDA:141,(anonymous_0)
FNDA:58,(anonymous_1)
FNDA:6,(anonymous_2)
FNDA:11,(anonymous_3)
FNDA:4,(anonymous_4)
FNDA:6,(anonymous_5)
FNDA:6,(anonymous_6)
FNDA:6,(anonymous_7)
FNDA:2,(anonymous_8)
FNDA:8,(anonymous_9)
FNDA:7,(anonymous_10)
FNDA:22,(anonymous_11)
FNDA:121,(anonymous_12)
FNDA:11,(anonymous_13)
FNDA:2,(anonymous_14)
FNDA:4,(anonymous_15)
FNDA:4,(anonymous_16)
FNDA:1,(anonymous_17)
FNDA:4,(anonymous_18)
FNDA:3,(anonymous_19)
DA:14,141
DA:17,141
DA:18,141
DA:19,141
DA:20,141
DA:23,141
DA:26,141
DA:34,58
DA:35,58
DA:36,58
DA:37,58
DA:38,58
DA:39,58
DA:41,58
DA:42,2
DA:46,56
DA:49,56
DA:53,56
DA:59,56
DA:62,56
DA:70,6
DA:71,6
DA:73,6
DA:74,5
DA:78,1
DA:80,1
DA:82,1
DA:83,1
DA:86,0
DA:95,11
DA:96,11
DA:98,11
DA:99,1
DA:103,10
DA:106,10
DA:109,10
DA:110,10
DA:111,10
DA:112,10
DA:113,10
DA:114,10
DA:116,10
DA:118,10
DA:127,4
DA:128,4
DA:130,4
DA:131,4
DA:133,4
DA:134,4
DA:143,6
DA:145,6
DA:146,3
DA:149,3
DA:150,3
DA:151,3
DA:153,3
DA:154,3
DA:162,6
DA:163,6
DA:165,6
DA:166,5
DA:168,5
DA:169,5
DA:172,5
DA:174,5
DA:175,5
DA:178,1
DA:186,6
DA:187,6
DA:189,6
DA:190,5
DA:192,5
DA:193,5
DA:194,5
DA:197,5
DA:198,5
DA:199,5
DA:200,0
DA:202,5
DA:205,5
DA:208,5
DA:209,5
DA:211,5
DA:212,5
DA:215,1
DA:223,2
DA:224,2
DA:226,2
DA:228,2
DA:229,2
DA:236,8
DA:237,8
DA:238,8
DA:239,8
DA:241,8
DA:242,1
DA:250,7
DA:251,7
DA:252,7
DA:254,7
DA:257,7
DA:258,1
DA:259,1
DA:260,1
DA:264,7
DA:265,1
DA:266,1
DA:267,1
DA:270,1
DA:271,1
DA:273,1
DA:281,22
DA:282,22
DA:285,22
DA:286,22
DA:289,22
DA:290,22
DA:291,5
DA:295,121
DA:296,22
DA:298,22
DA:301,22
DA:302,22
DA:303,22
DA:305,22
DA:306,22
DA:307,20
DA:310,22
DA:311,22
DA:314,22
DA:316,22
DA:317,22
DA:324,11
DA:325,11
DA:333,2
DA:334,2
DA:335,2
DA:336,2
DA:337,2
DA:339,2
DA:359,4
DA:361,4
DA:364,4
DA:367,4
DA:370,4
DA:373,4
DA:374,3
DA:375,3
DA:384,1
DA:385,1
DA:386,1
DA:387,1
DA:389,1
DA:397,4
DA:398,4
DA:400,4
DA:401,3
DA:404,2
DA:412,3
DA:413,3
DA:414,3
DA:418,3
DA:420,3
LF:163
LH:161
BRDA:41,0,0,2
BRDA:41,0,1,56
BRDA:73,1,0,5
BRDA:73,1,1,1
BRDA:80,2,0,1
BRDA:80,2,1,0
BRDA:98,3,0,1
BRDA:98,3,1,10
BRDA:98,4,0,11
BRDA:98,4,1,11
BRDA:126,5,0,1
BRDA:142,6,0,1
BRDA:145,7,0,3
BRDA:145,7,1,3
BRDA:165,8,0,5
BRDA:165,8,1,1
BRDA:189,9,0,5
BRDA:189,9,1,1
BRDA:197,10,0,5
BRDA:197,10,1,5
BRDA:198,11,0,5
BRDA:198,11,1,5
BRDA:199,12,0,0
BRDA:199,12,1,5
BRDA:228,13,0,1
BRDA:228,13,1,1
BRDA:241,14,0,1
BRDA:241,14,1,7
BRDA:241,15,0,8
BRDA:241,15,1,7
BRDA:241,15,2,3
BRDA:241,15,3,2
BRDA:257,16,0,1
BRDA:257,16,1,6
BRDA:257,17,0,7
BRDA:257,17,1,2
BRDA:264,18,0,1
BRDA:264,18,1,6
BRDA:290,19,0,5
BRDA:290,19,1,17
BRDA:306,20,0,20
BRDA:306,20,1,2
BRDA:314,21,0,21
BRDA:314,21,1,1
BRDA:345,22,0,1
BRDA:345,22,1,1
BRDA:346,23,0,2
BRDA:346,23,1,0
BRDA:373,24,0,3
BRDA:373,24,1,1
BRDA:400,25,0,1
BRDA:400,25,1,3
BRDA:401,26,0,1
BRDA:401,26,1,2
BRF:54
BRH:51
end_of_record
TN:
SF:src/game/systems/production.js
FN:13,(anonymous_0)
FN:28,(anonymous_1)
FN:65,(anonymous_2)
FN:66,(anonymous_3)
FN:75,(anonymous_4)
FN:89,(anonymous_5)
FN:103,(anonymous_6)
FN:120,(anonymous_7)
FN:142,(anonymous_8)
FN:150,(anonymous_9)
FN:175,(anonymous_10)
FN:184,(anonymous_11)
FN:206,(anonymous_12)
FN:238,(anonymous_13)
FN:247,(anonymous_14)
FN:257,(anonymous_15)
FN:279,(anonymous_16)
FN:298,(anonymous_17)
FN:311,(anonymous_18)
FN:312,(anonymous_19)
FN:333,(anonymous_20)
FN:343,(anonymous_21)
FN:355,(anonymous_22)
FNF:23
FNH:20
FNDA:112,(anonymous_0)
FNDA:120,(anonymous_1)
FNDA:108,(anonymous_2)
FNDA:108,(anonymous_3)
FNDA:10,(anonymous_4)
FNDA:6,(anonymous_5)
FNDA:6,(anonymous_6)
FNDA:9,(anonymous_7)
FNDA:19,(anonymous_8)
FNDA:0,(anonymous_9)
FNDA:2,(anonymous_10)
FNDA:0,(anonymous_11)
FNDA:3,(anonymous_12)
FNDA:276,(anonymous_13)
FNDA:15140,(anonymous_14)
FNDA:1,(anonymous_15)
FNDA:0,(anonymous_16)
FNDA:1,(anonymous_17)
FNDA:5,(anonymous_18)
FNDA:5,(anonymous_19)
FNDA:1,(anonymous_20)
FNDA:3,(anonymous_21)
FNDA:2,(anonymous_22)
DA:14,112
DA:15,112
DA:16,112
DA:17,112
DA:20,112
DA:29,120
DA:31,120
DA:32,120
DA:34,120
DA:36,118
DA:37,118
DA:38,1
DA:42,117
DA:43,117
DA:44,117
DA:45,117
DA:46,117
DA:50,117
DA:51,117
DA:54,117
DA:57,119
DA:66,108
DA:67,108
DA:76,10
DA:77,10
DA:79,9
DA:80,9
DA:82,9
DA:90,6
DA:91,6
DA:93,2
DA:94,2
DA:96,2
DA:104,6
DA:105,6
DA:107,1
DA:108,1
DA:109,1
DA:111,1
DA:113,1
DA:121,9
DA:122,9
DA:123,9
DA:125,9
DA:126,7
DA:127,7
DA:128,7
DA:130,7
DA:131,7
DA:134,2
DA:143,19
DA:151,0
DA:152,0
DA:153,0
DA:155,0
DA:156,0
DA:157,0
DA:158,0
DA:163,0
DA:164,0
DA:167,0
DA:177,2
DA:185,0
DA:186,0
DA:187,0
DA:189,0
DA:190,0
DA:191,0
DA:192,0
DA:194,0
DA:195,0
DA:198,0
DA:207,3
DA:210,3
DA:211,3
DA:212,2
DA:213,1
DA:214,0
DA:215,1
DA:216,0
DA:217,1
DA:218,0
DA:219,1
DA:220,0
DA:221,1
DA:222,0
DA:226,3
DA:227,3
DA:228,3
DA:231,3
DA:239,276
DA:242,276
DA:243,50
DA:247,15140
DA:248,276
DA:250,276
DA:258,1
DA:259,1
DA:260,1
DA:262,1
DA:263,1
DA:264,1
DA:265,1
DA:267,1
DA:280,0
DA:281,0
DA:283,0
DA:299,1
DA:300,1
DA:301,1
DA:302,1
DA:304,1
DA:312,5
DA:314,5
DA:315,5
DA:316,5
DA:319,5
DA:321,5
DA:322,5
DA:326,5
DA:334,1
DA:335,1
DA:336,1
DA:344,3
DA:345,3
DA:347,3
DA:356,2
DA:358,2
DA:359,1
DA:362,1
LF:130
LH:102
BRDA:29,0,0,0
BRDA:29,0,1,120
BRDA:34,1,0,118
BRDA:34,1,1,2
BRDA:37,2,0,1
BRDA:37,2,1,117
BRDA:50,3,0,117
BRDA:50,3,1,16
BRDA:65,4,0,0
BRDA:77,5,0,1
BRDA:77,5,1,9
BRDA:91,6,0,4
BRDA:91,6,1,2
BRDA:105,7,0,5
BRDA:105,7,1,1
BRDA:108,8,0,1
BRDA:108,8,1,0
BRDA:125,9,0,7
BRDA:125,9,1,2
BRDA:155,10,0,0
BRDA:155,10,1,0
BRDA:189,11,0,0
BRDA:189,11,1,0
BRDA:211,12,0,2
BRDA:211,12,1,1
BRDA:211,13,0,3
BRDA:211,13,1,2
BRDA:213,14,0,0
BRDA:213,14,1,1
BRDA:213,15,0,1
BRDA:213,15,1,0
BRDA:215,16,0,0
BRDA:215,16,1,1
BRDA:215,17,0,1
BRDA:215,17,1,0
BRDA:217,18,0,0
BRDA:217,18,1,1
BRDA:217,19,0,1
BRDA:217,19,1,0
BRDA:219,20,0,0
BRDA:219,20,1,1
BRDA:219,21,0,1
BRDA:219,21,1,0
BRDA:221,22,0,0
BRDA:221,22,1,1
BRDA:242,23,0,50
BRDA:242,23,1,226
BRDA:265,24,0,1
BRDA:265,24,1,0
BRDA:304,25,0,1
BRDA:304,25,1,0
BRDA:321,26,0,5
BRDA:321,26,1,0
BRDA:347,27,0,3
BRDA:347,27,1,2
BRDA:358,28,0,1
BRDA:358,28,1,1
BRF:57
BRH:38
end_of_record
TN:
SF:src/game/systems/projects.js
FN:13,(anonymous_0)
FN:29,(anonymous_1)
FN:320,(anonymous_2)
FN:351,(anonymous_3)
FN:373,(anonymous_4)
FN:392,(anonymous_5)
FN:407,(anonymous_6)
FN:457,(anonymous_7)
FN:488,(anonymous_8)
FN:516,(anonymous_9)
FN:541,(anonymous_10)
FN:542,(anonymous_11)
FN:551,(anonymous_12)
FN:572,(anonymous_13)
FN:603,(anonymous_14)
FN:604,(anonymous_15)
FN:608,(anonymous_16)
FN:626,(anonymous_17)
FN:627,(anonymous_18)
FN:639,(anonymous_19)
FN:647,(anonymous_20)
FN:655,(anonymous_21)
FN:665,(anonymous_22)
FNF:23
FNH:23
FNDA:144,(anonymous_0)
FNDA:144,(anonymous_1)
FNDA:452,(anonymous_2)
FNDA:143,(anonymous_3)
FNDA:241,(anonymous_4)
FNDA:185,(anonymous_5)
FNDA:29,(anonymous_6)
FNDA:24,(anonymous_7)
FNDA:5,(anonymous_8)
FNDA:20,(anonymous_9)
FNDA:1,(anonymous_10)
FNDA:1,(anonymous_11)
FNDA:31,(anonymous_12)
FNDA:3,(anonymous_13)
FNDA:5,(anonymous_14)
FNDA:7,(anonymous_15)
FNDA:7,(anonymous_16)
FNDA:2,(anonymous_17)
FNDA:2,(anonymous_18)
FNDA:3,(anonymous_19)
FNDA:4,(anonymous_20)
FNDA:2,(anonymous_21)
FNDA:1,(anonymous_22)
DA:14,144
DA:17,144
DA:20,144
DA:23,144
DA:30,144
DA:321,452
DA:322,452
DA:323,1
DA:326,451
DA:329,451
DA:331,461
DA:332,226
DA:333,214
DA:337,235
DA:338,235
DA:339,235
DA:340,165
DA:345,72
DA:352,143
DA:353,143
DA:354,1
DA:357,142
DA:360,142
DA:361,153
DA:362,153
DA:363,54
DA:367,88
DA:374,241
DA:386,241
DA:393,185
DA:401,185
DA:408,29
DA:409,29
DA:410,1
DA:411,1
DA:415,28
DA:416,2
DA:417,2
DA:421,26
DA:422,1
DA:423,1
DA:427,25
DA:428,1
DA:429,1
DA:433,24
DA:434,24
DA:435,26
DA:436,26
DA:440,24
DA:443,24
DA:444,24
DA:447,24
DA:448,24
DA:450,24
DA:451,24
DA:458,24
DA:459,24
DA:461,23
DA:463,4
DA:464,4
DA:467,16
DA:468,16
DA:469,16
DA:472,1
DA:473,1
DA:477,1
DA:478,1
DA:481,1
DA:489,5
DA:492,1
DA:493,1
DA:494,1
DA:498,1
DA:499,1
DA:500,1
DA:504,1
DA:505,1
DA:506,1
DA:509,2
DA:517,20
DA:519,20
DA:521,340
DA:522,5
DA:526,335
DA:527,29
DA:535,20
DA:542,1
DA:552,31
DA:554,31
DA:555,527
DA:556,76
DA:566,31
DA:573,3
DA:574,3
DA:575,3
DA:577,3
DA:604,7
DA:605,5
DA:608,7
DA:610,5
DA:611,7
DA:612,0
DA:616,5
DA:617,0
DA:620,5
DA:627,2
DA:629,2
DA:632,2
DA:648,4
DA:649,4
DA:656,2
DA:657,2
DA:658,5
DA:666,1
LF:114
LH:112
BRDA:322,0,0,1
BRDA:322,0,1,451
BRDA:326,1,0,451
BRDA:326,1,1,1
BRDA:331,2,0,226
BRDA:331,2,1,235
BRDA:331,3,0,461
BRDA:331,3,1,226
BRDA:332,4,0,214
BRDA:332,4,1,12
BRDA:337,5,0,235
BRDA:337,5,1,0
BRDA:339,6,0,165
BRDA:339,6,1,70
BRDA:353,7,0,1
BRDA:353,7,1,142
BRDA:357,8,0,142
BRDA:357,8,1,1
BRDA:362,9,0,54
BRDA:362,9,1,99
BRDA:386,10,0,241
BRDA:386,10,1,1
BRDA:401,11,0,185
BRDA:401,11,1,1
BRDA:409,12,0,1
BRDA:409,12,1,28
BRDA:415,13,0,2
BRDA:415,13,1,26
BRDA:421,14,0,1
BRDA:421,14,1,25
BRDA:427,15,0,1
BRDA:427,15,1,24
BRDA:433,16,0,24
BRDA:433,16,1,0
BRDA:447,17,0,24
BRDA:447,17,1,21
BRDA:459,18,0,1
BRDA:459,18,1,23
BRDA:461,19,0,4
BRDA:461,19,1,16
BRDA:461,19,2,1
BRDA:461,19,3,1
BRDA:461,19,4,1
BRDA:467,20,0,16
BRDA:467,20,1,0
BRDA:472,21,0,1
BRDA:472,21,1,0
BRDA:489,22,0,1
BRDA:489,22,1,1
BRDA:489,22,2,1
BRDA:489,22,3,2
BRDA:521,23,0,5
BRDA:521,23,1,335
BRDA:526,24,0,29
BRDA:526,24,1,306
BRDA:555,25,0,76
BRDA:555,25,1,451
BRDA:611,26,0,0
BRDA:611,26,1,7
BRDA:616,27,0,0
BRDA:616,27,1,5
BRF:61
BRH:55
end_of_record
TN:
SF:src/game/ui/events.js
FN:12,(anonymous_0)
FN:41,(anonymous_1)
FN:79,(anonymous_2)
FN:89,(anonymous_3)
FN:100,(anonymous_4)
FN:114,(anonymous_5)
FN:133,(anonymous_6)
FN:152,(anonymous_7)
FN:174,(anonymous_8)
FN:176,(anonymous_9)
FN:179,(anonymous_10)
FN:180,(anonymous_11)
FN:181,(anonymous_12)
FN:182,(anonymous_13)
FN:185,(anonymous_14)
FN:186,(anonymous_15)
FN:189,(anonymous_16)
FN:192,(anonymous_17)
FN:195,(anonymous_18)
FN:203,(anonymous_19)
FN:213,(anonymous_20)
FN:229,(anonymous_21)
FN:243,(anonymous_22)
FN:252,(anonymous_23)
FN:264,(anonymous_24)
FN:278,(anonymous_25)
FN:292,(anonymous_26)
FN:302,(anonymous_27)
FN:316,(anonymous_28)
FN:330,(anonymous_29)
FN:341,(anonymous_30)
FN:351,(anonymous_31)
FN:373,(anonymous_32)
FN:388,(anonymous_33)
FN:403,(anonymous_34)
FN:415,(anonymous_35)
FN:427,(anonymous_36)
FN:437,(anonymous_37)
FN:446,(anonymous_38)
FN:469,(anonymous_39)
FN:474,(anonymous_40)
FN:479,(anonymous_41)
FN:501,(anonymous_42)
FN:504,(anonymous_43)
FN:516,(anonymous_44)
FN:531,(anonymous_45)
FN:539,(anonymous_46)
FN:546,(anonymous_47)
FN:553,(anonymous_48)
FN:560,(anonymous_49)
FN:567,(anonymous_50)
FN:578,(anonymous_51)
FNF:52
FNH:46
FNDA:61,(anonymous_0)
FNDA:61,(anonymous_1)
FNDA:61,(anonymous_2)
FNDA:4,(anonymous_3)
FNDA:2,(anonymous_4)
FNDA:1,(anonymous_5)
FNDA:1,(anonymous_6)
FNDA:8,(anonymous_7)
FNDA:61,(anonymous_8)
FNDA:1,(anonymous_9)
FNDA:1,(anonymous_10)
FNDA:0,(anonymous_11)
FNDA:0,(anonymous_12)
FNDA:0,(anonymous_13)
FNDA:1,(anonymous_14)
FNDA:1,(anonymous_15)
FNDA:1,(anonymous_16)
FNDA:0,(anonymous_17)
FNDA:1,(anonymous_18)
FNDA:6,(anonymous_19)
FNDA:4,(anonymous_20)
FNDA:1,(anonymous_21)
FNDA:3,(anonymous_22)
FNDA:2,(anonymous_23)
FNDA:1,(anonymous_24)
FNDA:1,(anonymous_25)
FNDA:1,(anonymous_26)
FNDA:2,(anonymous_27)
FNDA:1,(anonymous_28)
FNDA:1,(anonymous_29)
FNDA:4,(anonymous_30)
FNDA:3,(anonymous_31)
FNDA:2,(anonymous_32)
FNDA:2,(anonymous_33)
FNDA:3,(anonymous_34)
FNDA:1,(anonymous_35)
FNDA:3,(anonymous_36)
FNDA:2,(anonymous_37)
FNDA:2,(anonymous_38)
FNDA:2,(anonymous_39)
FNDA:2,(anonymous_40)
FNDA:1,(anonymous_41)
FNDA:0,(anonymous_42)
FNDA:0,(anonymous_43)
FNDA:3,(anonymous_44)
FNDA:1,(anonymous_45)
FNDA:1,(anonymous_46)
FNDA:1,(anonymous_47)
FNDA:1,(anonymous_48)
FNDA:1,(anonymous_49)
FNDA:1,(anonymous_50)
FNDA:1,(anonymous_51)
DA:13,61
DA:14,61
DA:17,61
DA:20,61
DA:28,61
DA:31,61
DA:34,61
DA:35,61
DA:43,61
DA:44,61
DA:45,61
DA:48,61
DA:49,61
DA:50,61
DA:51,61
DA:52,61
DA:55,61
DA:56,61
DA:57,61
DA:58,61
DA:61,61
DA:62,61
DA:65,61
DA:68,61
DA:69,61
DA:70,61
DA:71,61
DA:72,61
DA:73,61
DA:80,61
DA:81,61
DA:82,61
DA:83,61
DA:90,4
DA:91,4
DA:93,4
DA:95,3
DA:97,3
DA:98,3
DA:99,2
DA:100,2
DA:101,2
DA:104,0
DA:107,1
DA:115,1
DA:116,1
DA:118,1
DA:120,1
DA:121,1
DA:122,1
DA:123,1
DA:125,0
DA:134,1
DA:135,1
DA:137,1
DA:139,1
DA:140,1
DA:141,1
DA:142,1
DA:144,0
DA:153,8
DA:154,8
DA:155,8
DA:156,8
DA:158,8
DA:160,8
DA:161,8
DA:162,7
DA:163,7
DA:164,7
DA:166,1
DA:176,61
DA:179,61
DA:180,61
DA:181,61
DA:182,61
DA:185,61
DA:186,61
DA:189,61
DA:192,61
DA:195,61
DA:204,6
DA:205,6
DA:206,4
DA:214,4
DA:215,3
DA:216,3
DA:217,2
DA:218,2
DA:220,1
DA:221,1
DA:230,1
DA:231,1
DA:232,1
DA:233,1
DA:235,0
DA:244,3
DA:245,2
DA:253,2
DA:254,2
DA:255,2
DA:256,1
DA:265,1
DA:266,1
DA:267,1
DA:268,1
DA:270,0
DA:279,1
DA:280,1
DA:281,1
DA:282,1
DA:284,0
DA:293,1
DA:294,1
DA:295,1
DA:303,2
DA:304,2
DA:305,2
DA:306,1
DA:308,1
DA:317,1
DA:318,1
DA:319,1
DA:320,1
DA:322,0
DA:331,1
DA:332,1
DA:333,1
DA:334,1
DA:342,4
DA:343,4
DA:344,4
DA:352,3
DA:353,3
DA:354,3
DA:355,3
DA:357,3
DA:358,3
DA:359,3
DA:361,3
DA:362,3
DA:363,2
DA:365,1
DA:374,2
DA:375,2
DA:376,2
DA:377,1
DA:379,1
DA:381,2
DA:389,2
DA:390,2
DA:391,2
DA:392,2
DA:393,1
DA:395,1
DA:404,3
DA:405,3
DA:406,2
DA:408,1
DA:416,1
DA:417,1
DA:418,1
DA:420,0
DA:428,3
DA:429,2
DA:430,2
DA:438,2
DA:439,1
DA:447,2
DA:448,2
DA:451,1
DA:452,1
DA:453,1
DA:454,1
DA:455,1
DA:456,1
DA:457,1
DA:459,1
DA:461,1
DA:462,1
DA:470,2
DA:471,2
DA:472,2
DA:474,2
DA:475,2
DA:476,2
DA:478,1
DA:479,1
DA:480,1
DA:481,1
DA:482,1
DA:483,1
DA:485,0
DA:488,0
DA:489,0
DA:492,1
DA:495,2
DA:502,0
DA:504,0
DA:505,0
DA:508,0
DA:509,0
DA:518,3
DA:519,3
DA:520,1
DA:521,1
DA:522,1
DA:523,1
DA:526,3
DA:527,3
DA:528,3
DA:531,3
DA:532,1
DA:540,1
DA:547,1
DA:554,1
DA:561,1
DA:568,1
DA:579,1
DA:580,1
DA:581,1
DA:582,1
DA:584,1
LF:223
LH:207
BRDA:93,0,0,1
BRDA:93,0,1,3
BRDA:98,1,0,2
BRDA:98,1,1,1
BRDA:118,2,0,0
BRDA:118,2,1,1
BRDA:121,3,0,1
BRDA:121,3,1,0
BRDA:137,4,0,0
BRDA:137,4,1,1
BRDA:140,5,0,1
BRDA:140,5,1,0
BRDA:158,6,0,2
BRDA:158,6,1,6
BRDA:158,7,0,0
BRDA:158,7,1,8
BRDA:158,8,0,0
BRDA:158,8,1,8
BRDA:161,9,0,7
BRDA:161,9,1,1
BRDA:204,10,0,1
BRDA:204,10,1,5
BRDA:205,11,0,4
BRDA:205,11,1,2
BRDA:214,12,0,3
BRDA:214,12,1,1
BRDA:216,13,0,2
BRDA:216,13,1,1
BRDA:230,14,0,1
BRDA:230,14,1,0
BRDA:232,15,0,1
BRDA:232,15,1,0
BRDA:244,16,0,2
BRDA:244,16,1,1
BRDA:253,17,0,2
BRDA:253,17,1,0
BRDA:255,18,0,1
BRDA:255,18,1,1
BRDA:265,19,0,1
BRDA:265,19,1,0
BRDA:267,20,0,1
BRDA:267,20,1,0
BRDA:279,21,0,1
BRDA:279,21,1,0
BRDA:281,22,0,1
BRDA:281,22,1,0
BRDA:293,23,0,1
BRDA:293,23,1,0
BRDA:295,24,0,1
BRDA:295,24,1,0
BRDA:303,25,0,2
BRDA:303,25,1,0
BRDA:305,26,0,1
BRDA:305,26,1,1
BRDA:317,27,0,1
BRDA:317,27,1,0
BRDA:319,28,0,1
BRDA:319,28,1,0
BRDA:331,29,0,1
BRDA:331,29,1,0
BRDA:334,30,0,1
BRDA:334,30,1,0
BRDA:342,31,0,4
BRDA:342,31,1,0
BRDA:352,32,0,3
BRDA:352,32,1,0
BRDA:357,33,0,2
BRDA:357,33,1,1
BRDA:358,34,0,2
BRDA:358,34,1,1
BRDA:359,35,0,2
BRDA:359,35,1,1
BRDA:362,36,0,2
BRDA:362,36,1,1
BRDA:374,37,0,2
BRDA:374,37,1,0
BRDA:376,38,0,1
BRDA:376,38,1,1
BRDA:381,39,0,1
BRDA:381,39,1,1
BRDA:389,40,0,2
BRDA:389,40,1,0
BRDA:392,41,0,1
BRDA:392,41,1,1
BRDA:405,42,0,2
BRDA:405,42,1,1
BRDA:417,43,0,1
BRDA:417,43,1,0
BRDA:428,44,0,2
BRDA:428,44,1,1
BRDA:438,45,0,1
BRDA:438,45,1,1
BRDA:476,46,0,1
BRDA:476,46,1,1
BRDA:482,47,0,1
BRDA:482,47,1,0
BRDA:516,48,0,0
BRDA:519,49,0,1
BRDA:519,49,1,2
BRF:99
BRH:72
end_of_record
TN:
SF:src/utils/formatting.js
FN:16,formatNumber
FN:66,formatCurrency
FN:94,formatPercentage
FN:108,formatDuration
FN:147,formatRate
FN:160,formatMemorySize
FN:182,formatOrdinal
FN:212,truncateText
FN:225,capitalizeWords
FN:230,(anonymous_9)
FN:238,camelToHuman
FN:245,(anonymous_11)
FN:254,formatStats
FN:294,createProgressBar
FN:312,formatTable
FN:321,(anonymous_15)
FN:324,(anonymous_16)
FN:329,(anonymous_17)
FN:333,(anonymous_18)
FN:337,(anonymous_19)
FN:339,(anonymous_20)
FN:362,clearFormatCache
FN:373,getCachedFormat
FN:398,formatNumberCached
FN:399,(anonymous_24)
FN:408,formatCurrencyCached
FN:409,(anonymous_26)
FNF:27
FNH:27
FNDA:1192,formatNumber
FNDA:22,formatCurrency
FNDA:15,formatPercentage
FNDA:29,formatDuration
FNDA:17,formatRate
FNDA:17,formatMemorySize
FNDA:20,formatOrdinal
FNDA:8,truncateText
FNDA:8,capitalizeWords
FNDA:11,(anonymous_9)
FNDA:17,camelToHuman
FNDA:14,(anonymous_11)
FNDA:2,formatStats
FNDA:10,createProgressBar
FNDA:6,formatTable
FNDA:6,(anonymous_15)
FNDA:12,(anonymous_16)
FNDA:6,(anonymous_17)
FNDA:6,(anonymous_18)
FNDA:6,(anonymous_19)
FNDA:12,(anonymous_20)
FNDA:3,clearFormatCache
FNDA:1106,getCachedFormat
FNDA:1104,formatNumberCached
FNDA:1102,(anonymous_24)
FNDA:2,formatCurrencyCached
FNDA:2,(anonymous_26)
DA:17,1192
DA:18,3
DA:21,1189
DA:22,1189
DA:25,1189
DA:26,7
DA:30,1182
DA:31,1029
DA:32,1017
DA:34,12
DA:38,153
DA:39,38
DA:43,115
DA:50,115
DA:51,460
DA:52,115
DA:53,115
DA:57,0
DA:67,22
DA:68,3
DA:71,19
DA:72,19
DA:73,19
DA:76,19
DA:77,5
DA:81,14
DA:82,11
DA:85,3
DA:95,15
DA:96,3
DA:99,12
DA:109,29
DA:110,3
DA:113,26
DA:114,26
DA:115,26
DA:116,26
DA:118,26
DA:120,26
DA:121,6
DA:123,26
DA:124,7
DA:126,26
DA:127,8
DA:129,26
DA:130,17
DA:133,26
DA:134,2
DA:135,2
DA:138,24
DA:148,17
DA:149,3
DA:152,14
DA:161,17
DA:162,3
DA:165,14
DA:166,14
DA:167,14
DA:169,14
DA:170,22
DA:171,22
DA:174,14
DA:183,20
DA:184,3
DA:187,17
DA:188,17
DA:190,17
DA:191,4
DA:194,13
DA:196,4
DA:198,2
DA:200,2
DA:202,5
DA:213,8
DA:214,5
DA:217,3
DA:226,8
DA:227,3
DA:230,11
DA:239,17
DA:240,3
DA:243,14
DA:245,14
DA:255,2
DA:257,2
DA:258,9
DA:261,9
DA:262,7
DA:263,1
DA:264,6
DA:265,1
DA:266,5
DA:267,1
DA:268,4
DA:269,1
DA:270,3
DA:271,1
DA:273,2
DA:276,2
DA:279,9
DA:282,2
DA:295,10
DA:296,1
DA:299,9
DA:300,9
DA:301,9
DA:303,9
DA:313,6
DA:314,3
DA:317,3
DA:318,3
DA:321,3
DA:322,6
DA:324,12
DA:329,6
DA:330,3
DA:333,6
DA:334,3
DA:337,3
DA:338,6
DA:340,12
DA:341,12
DA:342,2
DA:344,12
DA:347,6
DA:350,3
DA:356,2
DA:357,2
DA:363,3
DA:374,1106
DA:376,1106
DA:377,2
DA:380,1104
DA:383,1104
DA:384,100
DA:385,100
DA:388,1104
DA:389,1104
DA:399,1104
DA:409,2
LF:140
LH:139
BRDA:16,0,0,63
BRDA:17,1,0,3
BRDA:17,1,1,1189
BRDA:17,2,0,1192
BRDA:17,2,1,1191
BRDA:17,2,2,1190
BRDA:25,3,0,7
BRDA:25,3,1,1182
BRDA:25,4,0,1189
BRDA:25,4,1,13
BRDA:26,5,0,1
BRDA:26,5,1,6
BRDA:30,6,0,1029
BRDA:30,6,1,153
BRDA:31,7,0,1017
BRDA:31,7,1,12
BRDA:38,8,0,38
BRDA:38,8,1,115
BRDA:39,9,0,7
BRDA:39,9,1,31
BRDA:51,10,0,115
BRDA:51,10,1,345
BRDA:53,11,0,1
BRDA:53,11,1,114
BRDA:66,12,0,16
BRDA:67,13,0,3
BRDA:67,13,1,19
BRDA:67,14,0,22
BRDA:67,14,1,21
BRDA:67,14,2,20
BRDA:73,15,0,3
BRDA:73,15,1,16
BRDA:76,16,0,5
BRDA:76,16,1,14
BRDA:81,17,0,11
BRDA:81,17,1,3
BRDA:81,18,0,14
BRDA:81,18,1,4
BRDA:94,19,0,12
BRDA:95,20,0,3
BRDA:95,20,1,12
BRDA:95,21,0,15
BRDA:95,21,1,14
BRDA:95,21,2,13
BRDA:108,22,0,25
BRDA:109,23,0,3
BRDA:109,23,1,26
BRDA:109,24,0,29
BRDA:109,24,1,28
BRDA:109,24,2,27
BRDA:120,25,0,6
BRDA:120,25,1,20
BRDA:123,26,0,7
BRDA:123,26,1,19
BRDA:126,27,0,8
BRDA:126,27,1,18
BRDA:129,28,0,17
BRDA:129,28,1,9
BRDA:129,29,0,26
BRDA:129,29,1,13
BRDA:133,30,0,2
BRDA:133,30,1,24
BRDA:133,31,0,26
BRDA:133,31,1,4
BRDA:133,31,2,3
BRDA:147,32,0,14
BRDA:148,33,0,3
BRDA:148,33,1,14
BRDA:148,34,0,17
BRDA:148,34,1,16
BRDA:148,34,2,15
BRDA:161,35,0,3
BRDA:161,35,1,14
BRDA:161,36,0,17
BRDA:161,36,1,16
BRDA:161,36,2,15
BRDA:169,37,0,36
BRDA:169,37,1,22
BRDA:174,38,0,4
BRDA:174,38,1,10
BRDA:183,39,0,3
BRDA:183,39,1,17
BRDA:183,40,0,20
BRDA:183,40,1,19
BRDA:183,40,2,18
BRDA:190,41,0,4
BRDA:190,41,1,13
BRDA:190,42,0,17
BRDA:190,42,1,7
BRDA:194,43,0,4
BRDA:194,43,1,2
BRDA:194,43,2,2
BRDA:194,43,3,5
BRDA:213,44,0,5
BRDA:213,44,1,3
BRDA:213,45,0,8
BRDA:213,45,1,5
BRDA:214,46,0,5
BRDA:214,46,1,3
BRDA:226,47,0,3
BRDA:226,47,1,5
BRDA:239,48,0,3
BRDA:239,48,1,14
BRDA:261,49,0,7
BRDA:261,49,1,2
BRDA:262,50,0,1
BRDA:262,50,1,6
BRDA:262,51,0,7
BRDA:262,51,1,6
BRDA:264,52,0,1
BRDA:264,52,1,5
BRDA:266,53,0,1
BRDA:266,53,1,4
BRDA:266,54,0,5
BRDA:266,54,1,4
BRDA:268,55,0,1
BRDA:268,55,1,3
BRDA:268,56,0,4
BRDA:268,56,1,3
BRDA:270,57,0,1
BRDA:270,57,1,2
BRDA:270,58,0,3
BRDA:270,58,1,3
BRDA:270,58,2,2
BRDA:294,59,0,7
BRDA:294,60,0,8
BRDA:294,61,0,8
BRDA:295,62,0,1
BRDA:295,62,1,9
BRDA:313,63,0,3
BRDA:313,63,1,3
BRDA:313,64,0,6
BRDA:313,64,1,4
BRDA:324,65,0,12
BRDA:324,65,1,2
BRDA:340,66,0,12
BRDA:340,66,1,2
BRDA:341,67,0,2
BRDA:341,67,1,10
BRDA:376,68,0,2
BRDA:376,68,1,1104
BRDA:383,69,0,100
BRDA:383,69,1,1004
BRDA:398,70,0,1103
BRDA:408,71,0,1
BRF:145
BRH:145
end_of_record
