TN:
SF:src/game/core/constants.js
FNF:0
FNH:0
DA:9,1
DA:78,1
DA:92,1
DA:110,1
DA:121,1
DA:131,1
DA:142,1
DA:153,1
DA:187,1
DA:213,1
DA:232,1
DA:253,1
DA:275,1
DA:284,1
LF:14
LH:14
BRF:0
BRH:0
end_of_record
TN:
SF:src/game/core/performanceMonitor.js
FN:12,(anonymous_0)
FN:63,(anonymous_1)
FN:77,(anonymous_2)
FN:78,(anonymous_3)
FN:100,(anonymous_4)
FN:112,(anonymous_5)
FN:123,(anonymous_6)
FN:124,(anonymous_7)
FN:143,(anonymous_8)
FN:159,(anonymous_9)
FN:166,(anonymous_10)
FN:175,(anonymous_11)
FN:218,(anonymous_12)
FN:249,(anonymous_13)
FN:250,(anonymous_14)
FN:250,(anonymous_15)
FN:257,(anonymous_16)
FN:297,(anonymous_17)
FN:309,(anonymous_18)
FN:321,(anonymous_19)
FN:335,(anonymous_20)
FN:348,(anonymous_21)
FN:356,(anonymous_22)
FN:367,(anonymous_23)
FN:369,(anonymous_24)
FN:400,(anonymous_25)
FN:417,(anonymous_26)
FN:427,(anonymous_27)
FNF:28
FNH:27
FNDA:38,(anonymous_0)
FNDA:38,(anonymous_1)
FNDA:39,(anonymous_2)
FNDA:0,(anonymous_3)
FNDA:160,(anonymous_4)
FNDA:5474,(anonymous_5)
FNDA:39,(anonymous_6)
FNDA:39,(anonymous_7)
FNDA:124,(anonymous_8)
FNDA:154,(anonymous_9)
FNDA:2,(anonymous_10)
FNDA:155,(anonymous_11)
FNDA:89,(anonymous_12)
FNDA:1,(anonymous_13)
FNDA:1,(anonymous_14)
FNDA:1,(anonymous_15)
FNDA:88,(anonymous_16)
FNDA:160,(anonymous_17)
FNDA:124,(anonymous_18)
FNDA:8,(anonymous_19)
FNDA:8,(anonymous_20)
FNDA:9,(anonymous_21)
FNDA:1,(anonymous_22)
FNDA:2,(anonymous_23)
FNDA:1,(anonymous_24)
FNDA:1,(anonymous_25)
FNDA:5,(anonymous_26)
FNDA:7,(anonymous_27)
DA:13,38
DA:14,38
DA:38,38
DA:53,38
DA:54,38
DA:56,38
DA:64,38
DA:67,38
DA:70,38
DA:78,39
DA:79,0
DA:81,0
DA:82,0
DA:84,0
DA:85,0
DA:86,0
DA:89,0
DA:90,0
DA:93,39
DA:101,160
DA:102,160
DA:105,160
DA:106,30
DA:110,160
DA:111,160
DA:112,5474
DA:116,160
DA:124,39
DA:125,39
DA:127,39
DA:128,35
DA:129,35
DA:130,35
DA:133,39
DA:136,39
DA:144,124
DA:145,124
DA:148,124
DA:149,21
DA:153,124
DA:160,154
DA:167,2
DA:168,1
DA:169,1
DA:176,155
DA:178,152
DA:179,152
DA:180,152
DA:182,152
DA:183,152
DA:186,152
DA:194,152
DA:195,28
DA:199,152
DA:200,1
DA:202,1
DA:203,0
DA:208,152
DA:209,152
DA:219,89
DA:220,1
DA:223,88
DA:225,88
DA:226,88
DA:228,87
DA:229,87
DA:231,87
DA:233,87
DA:235,1
DA:236,1
DA:238,1
DA:239,1
DA:250,1
DA:258,88
DA:259,7
DA:270,88
DA:271,88
DA:272,88
DA:273,88
DA:274,88
DA:275,88
DA:277,88
DA:278,1
DA:281,88
DA:288,88
DA:289,20
DA:298,160
DA:299,1
DA:300,159
DA:301,1
DA:310,124
DA:311,2
DA:312,122
DA:313,1
DA:322,8
DA:329,8
DA:330,3
DA:332,5
DA:335,8
DA:336,8
DA:337,8
DA:339,1
DA:349,9
DA:357,1
DA:358,1
DA:359,1
DA:368,2
DA:369,2
DA:370,1
DA:373,2
DA:401,1
DA:402,1
DA:403,1
DA:404,1
DA:405,1
DA:406,1
DA:407,1
DA:408,1
DA:410,1
DA:418,5
DA:419,5
DA:428,7
DA:433,1
LF:123
LH:114
BRDA:64,0,0,0
BRDA:64,0,1,38
BRDA:79,1,0,0
BRDA:79,1,1,0
BRDA:84,2,0,0
BRDA:84,2,1,0
BRDA:105,3,0,30
BRDA:105,3,1,130
BRDA:125,4,0,0
BRDA:125,4,1,39
BRDA:127,5,0,35
BRDA:127,5,1,4
BRDA:148,6,0,21
BRDA:148,6,1,103
BRDA:167,7,0,1
BRDA:167,7,1,1
BRDA:176,8,0,3
BRDA:176,8,1,152
BRDA:180,9,0,152
BRDA:180,9,1,151
BRDA:194,10,0,28
BRDA:194,10,1,124
BRDA:199,11,0,1
BRDA:199,11,1,151
BRDA:202,12,0,0
BRDA:202,12,1,1
BRDA:219,13,0,1
BRDA:219,13,1,88
BRDA:258,14,0,7
BRDA:258,14,1,81
BRDA:277,15,0,1
BRDA:277,15,1,87
BRDA:288,16,0,20
BRDA:288,16,1,68
BRDA:298,17,0,1
BRDA:298,17,1,159
BRDA:300,18,0,1
BRDA:300,18,1,158
BRDA:310,19,0,2
BRDA:310,19,1,122
BRDA:312,20,0,1
BRDA:312,20,1,121
BRDA:329,21,0,3
BRDA:329,21,1,5
BRDA:358,22,0,1
BRDA:358,22,1,0
BRDA:419,23,0,2
BRDA:419,23,1,3
BRDA:428,24,0,7
BRDA:428,24,1,2
BRF:50
BRH:42
end_of_record
